9월 27, 2014 10:39:14 오후 org.apache.catalina.core.StandardServer await
정보: A valid shutdown command was received via the shutdown port. Stopping the Server instance.
9월 27, 2014 10:39:14 오후 org.apache.coyote.AbstractProtocol pause
정보: Pausing ProtocolHandler ["http-apr-8080"]
9월 27, 2014 10:39:14 오후 org.apache.coyote.AbstractProtocol pause
정보: Pausing ProtocolHandler ["ajp-apr-8009"]
9월 27, 2014 10:39:14 오후 org.apache.catalina.core.StandardService stopInternal
정보: Stopping service Catalina
9월 27, 2014 10:39:14 오후 org.apache.catalina.loader.WebappClassLoader checkThreadLocalMapForLeaks
심각: The web application [/solr] created a ThreadLocal with key of type [org.apache.solr.schema.DateField.ThreadLocalDateFormat] (value [org.apache.solr.schema.DateField$ThreadLocalDateFormat@50d208b9]) and a value of type [org.apache.solr.schema.DateField.ISO8601CanonicalDateFormat] (value [org.apache.solr.schema.DateField$ISO8601CanonicalDateFormat@6b2ed43a]) but failed to remove it when the web application was stopped. Threads are going to be renewed over time to try and avoid a probable memory leak.
9월 27, 2014 10:39:14 오후 org.apache.catalina.loader.WebappClassLoader checkThreadLocalMapForLeaks
심각: The web application [/solr] created a ThreadLocal with key of type [org.apache.xmlbeans.impl.store.Locale$1] (value [org.apache.xmlbeans.impl.store.Locale$1@10fba59e]) and a value of type [java.lang.ref.SoftReference] (value [java.lang.ref.SoftReference@793630c7]) but failed to remove it when the web application was stopped. Threads are going to be renewed over time to try and avoid a probable memory leak.
9월 27, 2014 10:39:14 오후 org.apache.catalina.loader.WebappClassLoader checkThreadLocalMapForLeaks
심각: The web application [/solr] created a ThreadLocal with key of type [org.apache.solr.schema.DateField.ThreadLocalDateFormat] (value [org.apache.solr.schema.DateField$ThreadLocalDateFormat@50d208b9]) and a value of type [org.apache.solr.schema.DateField.ISO8601CanonicalDateFormat] (value [org.apache.solr.schema.DateField$ISO8601CanonicalDateFormat@6b2ed43a]) but failed to remove it when the web application was stopped. Threads are going to be renewed over time to try and avoid a probable memory leak.
9월 27, 2014 10:39:14 오후 org.apache.catalina.loader.WebappClassLoader checkThreadLocalMapForLeaks
심각: The web application [/solr] created a ThreadLocal with key of type [org.apache.xmlbeans.impl.store.CharUtil$1] (value [org.apache.xmlbeans.impl.store.CharUtil$1@54bc96fc]) and a value of type [java.lang.ref.SoftReference] (value [java.lang.ref.SoftReference@295ca5da]) but failed to remove it when the web application was stopped. Threads are going to be renewed over time to try and avoid a probable memory leak.
9월 27, 2014 10:39:14 오후 org.apache.catalina.loader.WebappClassLoader checkThreadLocalMapForLeaks
심각: The web application [/solr] created a ThreadLocal with key of type [org.apache.poi.extractor.ExtractorFactory$1] (value [org.apache.poi.extractor.ExtractorFactory$1@5b13e9db]) and a value of type [java.lang.Boolean] (value [true]) but failed to remove it when the web application was stopped. Threads are going to be renewed over time to try and avoid a probable memory leak.
9월 27, 2014 10:39:14 오후 org.apache.catalina.loader.WebappClassLoader checkThreadLocalMapForLeaks
심각: The web application [/solr] created a ThreadLocal with key of type [org.apache.xmlbeans.XmlBeans$1] (value [org.apache.xmlbeans.XmlBeans$1@785e5793]) and a value of type [java.lang.ref.SoftReference] (value [java.lang.ref.SoftReference@79c7b1a1]) but failed to remove it when the web application was stopped. Threads are going to be renewed over time to try and avoid a probable memory leak.
9월 27, 2014 10:39:14 오후 org.apache.catalina.loader.WebappClassLoader checkThreadLocalMapForLeaks
심각: The web application [/solr] created a ThreadLocal with key of type [org.apache.xmlbeans.impl.schema.SchemaTypeLoaderImpl$1] (value [org.apache.xmlbeans.impl.schema.SchemaTypeLoaderImpl$1@255eff7d]) and a value of type [java.util.ArrayList] (value [[java.lang.ref.SoftReference@7fd77ab5]]) but failed to remove it when the web application was stopped. Threads are going to be renewed over time to try and avoid a probable memory leak.
9월 27, 2014 10:39:14 오후 org.apache.catalina.loader.WebappClassLoader checkThreadLocalMapForLeaks
심각: The web application [/solr] created a ThreadLocal with key of type [org.apache.solr.common.util.DateUtil.ThreadLocalDateFormat] (value [org.apache.solr.common.util.DateUtil$ThreadLocalDateFormat@1bb942a5]) and a value of type [java.text.SimpleDateFormat] (value [java.text.SimpleDateFormat@5af7aed5]) but failed to remove it when the web application was stopped. Threads are going to be renewed over time to try and avoid a probable memory leak.
9월 27, 2014 10:39:14 오후 org.apache.catalina.loader.WebappClassLoader checkThreadLocalMapForLeaks
심각: The web application [/solr] created a ThreadLocal with key of type [org.apache.solr.schema.DateField.ThreadLocalDateFormat] (value [org.apache.solr.schema.DateField$ThreadLocalDateFormat@50d208b9]) and a value of type [org.apache.solr.schema.DateField.ISO8601CanonicalDateFormat] (value [org.apache.solr.schema.DateField$ISO8601CanonicalDateFormat@6b2ed43a]) but failed to remove it when the web application was stopped. Threads are going to be renewed over time to try and avoid a probable memory leak.
9월 27, 2014 10:39:14 오후 org.apache.catalina.loader.WebappClassLoader checkThreadLocalMapForLeaks
심각: The web application [/solr] created a ThreadLocal with key of type [org.apache.solr.schema.DateField.ThreadLocalDateFormat] (value [org.apache.solr.schema.DateField$ThreadLocalDateFormat@50d208b9]) and a value of type [org.apache.solr.schema.DateField.ISO8601CanonicalDateFormat] (value [org.apache.solr.schema.DateField$ISO8601CanonicalDateFormat@6b2ed43a]) but failed to remove it when the web application was stopped. Threads are going to be renewed over time to try and avoid a probable memory leak.
9월 27, 2014 10:39:14 오후 org.apache.catalina.loader.WebappClassLoader checkThreadLocalMapForLeaks
심각: The web application [/solr] created a ThreadLocal with key of type [org.apache.solr.common.util.DateUtil.ThreadLocalDateFormat] (value [org.apache.solr.common.util.DateUtil$ThreadLocalDateFormat@1bb942a5]) and a value of type [java.text.SimpleDateFormat] (value [java.text.SimpleDateFormat@5af7aed5]) but failed to remove it when the web application was stopped. Threads are going to be renewed over time to try and avoid a probable memory leak.
9월 27, 2014 10:39:14 오후 org.apache.catalina.loader.WebappClassLoader checkThreadLocalMapForLeaks
심각: The web application [/solr] created a ThreadLocal with key of type [org.apache.solr.schema.DateField.ThreadLocalDateFormat] (value [org.apache.solr.schema.DateField$ThreadLocalDateFormat@50d208b9]) and a value of type [org.apache.solr.schema.DateField.ISO8601CanonicalDateFormat] (value [org.apache.solr.schema.DateField$ISO8601CanonicalDateFormat@6b2ed43a]) but failed to remove it when the web application was stopped. Threads are going to be renewed over time to try and avoid a probable memory leak.
9월 27, 2014 10:39:14 오후 org.apache.catalina.loader.WebappClassLoader checkThreadLocalMapForLeaks
심각: The web application [/solr] created a ThreadLocal with key of type [org.apache.solr.schema.DateField.ThreadLocalDateFormat] (value [org.apache.solr.schema.DateField$ThreadLocalDateFormat@50d208b9]) and a value of type [org.apache.solr.schema.DateField.ISO8601CanonicalDateFormat] (value [org.apache.solr.schema.DateField$ISO8601CanonicalDateFormat@6b2ed43a]) but failed to remove it when the web application was stopped. Threads are going to be renewed over time to try and avoid a probable memory leak.
9월 27, 2014 10:39:14 오후 org.apache.catalina.loader.WebappClassLoader checkThreadLocalMapForLeaks
심각: The web application [/solr] created a ThreadLocal with key of type [org.apache.solr.schema.DateField.ThreadLocalDateFormat] (value [org.apache.solr.schema.DateField$ThreadLocalDateFormat@50d208b9]) and a value of type [org.apache.solr.schema.DateField.ISO8601CanonicalDateFormat] (value [org.apache.solr.schema.DateField$ISO8601CanonicalDateFormat@6b2ed43a]) but failed to remove it when the web application was stopped. Threads are going to be renewed over time to try and avoid a probable memory leak.
9월 27, 2014 10:39:14 오후 org.apache.coyote.AbstractProtocol stop
정보: Stopping ProtocolHandler ["http-apr-8080"]
9월 27, 2014 10:39:14 오후 org.apache.coyote.AbstractProtocol stop
정보: Stopping ProtocolHandler ["ajp-apr-8009"]
9월 27, 2014 10:39:14 오후 org.apache.coyote.AbstractProtocol destroy
정보: Destroying ProtocolHandler ["http-apr-8080"]
9월 27, 2014 10:39:14 오후 org.apache.coyote.AbstractProtocol destroy
정보: Destroying ProtocolHandler ["ajp-apr-8009"]
