10월 12, 2014 1:00:47 오전 org.apache.catalina.core.AprLifecycleListener init
정보: Loaded APR based Apache Tomcat Native library 1.1.31 using APR version 1.4.8.
10월 12, 2014 1:00:47 오전 org.apache.catalina.core.AprLifecycleListener init
정보: APR capabilities: IPv6 [true], sendfile [true], accept filters [false], random [true].
10월 12, 2014 1:00:48 오전 org.apache.catalina.core.AprLifecycleListener initializeSSL
정보: OpenSSL successfully initialized (OpenSSL 1.0.1h 5 Jun 2014)
10월 12, 2014 1:00:48 오전 org.apache.coyote.AbstractProtocol init
정보: Initializing ProtocolHandler ["http-apr-8080"]
10월 12, 2014 1:00:48 오전 org.apache.coyote.AbstractProtocol init
정보: Initializing ProtocolHandler ["ajp-apr-8009"]
10월 12, 2014 1:00:48 오전 org.apache.catalina.startup.Catalina load
정보: Initialization processed in 1489 ms
10월 12, 2014 1:00:48 오전 org.apache.catalina.core.StandardService startInternal
정보: Starting service Catalina
10월 12, 2014 1:00:48 오전 org.apache.catalina.core.StandardEngine startInternal
정보: Starting Servlet Engine: Apache Tomcat/7.0.55
10월 12, 2014 1:00:48 오전 org.apache.catalina.startup.HostConfig deployDescriptor
정보: Deploying configuration descriptor C:\project\apache-tomcat-7.0.55\conf\Catalina\localhost\solr.xml
10월 12, 2014 1:00:48 오전 org.apache.catalina.startup.HostConfig deployDescriptor
경고: A docBase C:\project\apache-tomcat-7.0.55\webapps\solr.war inside the host appBase has been specified, and will be ignored
10월 12, 2014 1:00:48 오전 org.apache.catalina.startup.SetContextPropertiesRule begin
경고: [SetContextPropertiesRule]{Context} Setting property 'debug' to '0' did not find a matching property.
10월 12, 2014 1:01:00 오전 org.apache.catalina.startup.HostConfig deployDescriptor
정보: Deployment of configuration descriptor C:\project\apache-tomcat-7.0.55\conf\Catalina\localhost\solr.xml has finished in 12,129 ms
10월 12, 2014 1:01:00 오전 org.apache.catalina.startup.HostConfig deployDirectory
정보: Deploying web application directory C:\project\apache-tomcat-7.0.55\webapps\docs
10월 12, 2014 1:01:00 오전 org.apache.catalina.startup.HostConfig deployDirectory
정보: Deployment of web application directory C:\project\apache-tomcat-7.0.55\webapps\docs has finished in 82 ms
10월 12, 2014 1:01:00 오전 org.apache.catalina.startup.HostConfig deployDirectory
정보: Deploying web application directory C:\project\apache-tomcat-7.0.55\webapps\examples
10월 12, 2014 1:01:01 오전 org.apache.catalina.startup.HostConfig deployDirectory
정보: Deployment of web application directory C:\project\apache-tomcat-7.0.55\webapps\examples has finished in 482 ms
10월 12, 2014 1:01:01 오전 org.apache.catalina.startup.HostConfig deployDirectory
정보: Deploying web application directory C:\project\apache-tomcat-7.0.55\webapps\host-manager
10월 12, 2014 1:01:01 오전 org.apache.catalina.startup.HostConfig deployDirectory
정보: Deployment of web application directory C:\project\apache-tomcat-7.0.55\webapps\host-manager has finished in 101 ms
10월 12, 2014 1:01:01 오전 org.apache.catalina.startup.HostConfig deployDirectory
정보: Deploying web application directory C:\project\apache-tomcat-7.0.55\webapps\manager
10월 12, 2014 1:01:01 오전 org.apache.catalina.startup.HostConfig deployDirectory
정보: Deployment of web application directory C:\project\apache-tomcat-7.0.55\webapps\manager has finished in 82 ms
10월 12, 2014 1:01:01 오전 org.apache.catalina.startup.HostConfig deployDirectory
정보: Deploying web application directory C:\project\apache-tomcat-7.0.55\webapps\ROOT
10월 12, 2014 1:01:01 오전 org.apache.catalina.startup.HostConfig deployDirectory
정보: Deployment of web application directory C:\project\apache-tomcat-7.0.55\webapps\ROOT has finished in 59 ms
10월 12, 2014 1:01:01 오전 org.apache.coyote.AbstractProtocol start
정보: Starting ProtocolHandler ["http-apr-8080"]
10월 12, 2014 1:01:01 오전 org.apache.coyote.AbstractProtocol start
정보: Starting ProtocolHandler ["ajp-apr-8009"]
10월 12, 2014 1:01:01 오전 org.apache.catalina.startup.Catalina start
정보: Server startup in 13024 ms
10월 12, 2014 1:12:26 오전 org.apache.catalina.core.StandardServer await
정보: A valid shutdown command was received via the shutdown port. Stopping the Server instance.
10월 12, 2014 1:12:26 오전 org.apache.coyote.AbstractProtocol pause
정보: Pausing ProtocolHandler ["http-apr-8080"]
10월 12, 2014 1:12:26 오전 org.apache.coyote.AbstractProtocol pause
정보: Pausing ProtocolHandler ["ajp-apr-8009"]
10월 12, 2014 1:12:26 오전 org.apache.catalina.core.StandardService stopInternal
정보: Stopping service Catalina
10월 12, 2014 1:12:26 오전 org.apache.coyote.AbstractProtocol stop
정보: Stopping ProtocolHandler ["http-apr-8080"]
10월 12, 2014 1:12:26 오전 org.apache.coyote.AbstractProtocol stop
정보: Stopping ProtocolHandler ["ajp-apr-8009"]
10월 12, 2014 1:12:26 오전 org.apache.coyote.AbstractProtocol destroy
정보: Destroying ProtocolHandler ["http-apr-8080"]
10월 12, 2014 1:12:26 오전 org.apache.coyote.AbstractProtocol destroy
정보: Destroying ProtocolHandler ["ajp-apr-8009"]
10월 12, 2014 1:12:28 오전 org.apache.catalina.core.AprLifecycleListener init
정보: Loaded APR based Apache Tomcat Native library 1.1.31 using APR version 1.4.8.
10월 12, 2014 1:12:28 오전 org.apache.catalina.core.AprLifecycleListener init
정보: APR capabilities: IPv6 [true], sendfile [true], accept filters [false], random [true].
10월 12, 2014 1:12:29 오전 org.apache.catalina.core.AprLifecycleListener initializeSSL
정보: OpenSSL successfully initialized (OpenSSL 1.0.1h 5 Jun 2014)
10월 12, 2014 1:12:29 오전 org.apache.coyote.AbstractProtocol init
정보: Initializing ProtocolHandler ["http-apr-8080"]
10월 12, 2014 1:12:29 오전 org.apache.coyote.AbstractProtocol init
정보: Initializing ProtocolHandler ["ajp-apr-8009"]
10월 12, 2014 1:12:29 오전 org.apache.catalina.startup.Catalina load
정보: Initialization processed in 1459 ms
10월 12, 2014 1:12:29 오전 org.apache.catalina.core.StandardService startInternal
정보: Starting service Catalina
10월 12, 2014 1:12:29 오전 org.apache.catalina.core.StandardEngine startInternal
정보: Starting Servlet Engine: Apache Tomcat/7.0.55
10월 12, 2014 1:12:29 오전 org.apache.catalina.startup.HostConfig deployDescriptor
정보: Deploying configuration descriptor C:\project\apache-tomcat-7.0.55\conf\Catalina\localhost\solr.xml
10월 12, 2014 1:12:29 오전 org.apache.catalina.startup.HostConfig deployDescriptor
경고: A docBase C:\project\apache-tomcat-7.0.55\webapps\solr.war inside the host appBase has been specified, and will be ignored
10월 12, 2014 1:12:29 오전 org.apache.catalina.startup.SetContextPropertiesRule begin
경고: [SetContextPropertiesRule]{Context} Setting property 'debug' to '0' did not find a matching property.
10월 12, 2014 1:12:42 오전 org.apache.catalina.startup.HostConfig deployDescriptor
정보: Deployment of configuration descriptor C:\project\apache-tomcat-7.0.55\conf\Catalina\localhost\solr.xml has finished in 12,624 ms
10월 12, 2014 1:12:42 오전 org.apache.catalina.startup.HostConfig deployDirectory
정보: Deploying web application directory C:\project\apache-tomcat-7.0.55\webapps\docs
10월 12, 2014 1:12:42 오전 org.apache.catalina.startup.HostConfig deployDirectory
정보: Deployment of web application directory C:\project\apache-tomcat-7.0.55\webapps\docs has finished in 67 ms
10월 12, 2014 1:12:42 오전 org.apache.catalina.startup.HostConfig deployDirectory
정보: Deploying web application directory C:\project\apache-tomcat-7.0.55\webapps\examples
10월 12, 2014 1:12:42 오전 org.apache.catalina.startup.HostConfig deployDirectory
정보: Deployment of web application directory C:\project\apache-tomcat-7.0.55\webapps\examples has finished in 444 ms
10월 12, 2014 1:12:42 오전 org.apache.catalina.startup.HostConfig deployDirectory
정보: Deploying web application directory C:\project\apache-tomcat-7.0.55\webapps\host-manager
10월 12, 2014 1:12:42 오전 org.apache.catalina.startup.HostConfig deployDirectory
정보: Deployment of web application directory C:\project\apache-tomcat-7.0.55\webapps\host-manager has finished in 78 ms
10월 12, 2014 1:12:42 오전 org.apache.catalina.startup.HostConfig deployDirectory
정보: Deploying web application directory C:\project\apache-tomcat-7.0.55\webapps\manager
10월 12, 2014 1:12:43 오전 org.apache.catalina.startup.HostConfig deployDirectory
정보: Deployment of web application directory C:\project\apache-tomcat-7.0.55\webapps\manager has finished in 83 ms
10월 12, 2014 1:12:43 오전 org.apache.catalina.startup.HostConfig deployDirectory
정보: Deploying web application directory C:\project\apache-tomcat-7.0.55\webapps\ROOT
10월 12, 2014 1:12:43 오전 org.apache.catalina.startup.HostConfig deployDirectory
정보: Deployment of web application directory C:\project\apache-tomcat-7.0.55\webapps\ROOT has finished in 56 ms
10월 12, 2014 1:12:43 오전 org.apache.coyote.AbstractProtocol start
정보: Starting ProtocolHandler ["http-apr-8080"]
10월 12, 2014 1:12:43 오전 org.apache.coyote.AbstractProtocol start
정보: Starting ProtocolHandler ["ajp-apr-8009"]
10월 12, 2014 1:12:43 오전 org.apache.catalina.startup.Catalina start
정보: Server startup in 13433 ms
10월 12, 2014 1:15:24 오전 org.apache.catalina.core.StandardServer await
정보: A valid shutdown command was received via the shutdown port. Stopping the Server instance.
10월 12, 2014 1:15:24 오전 org.apache.coyote.AbstractProtocol pause
정보: Pausing ProtocolHandler ["http-apr-8080"]
10월 12, 2014 1:15:24 오전 org.apache.coyote.AbstractProtocol pause
정보: Pausing ProtocolHandler ["ajp-apr-8009"]
10월 12, 2014 1:15:24 오전 org.apache.catalina.core.StandardService stopInternal
정보: Stopping service Catalina
10월 12, 2014 1:15:24 오전 org.apache.coyote.AbstractProtocol stop
정보: Stopping ProtocolHandler ["http-apr-8080"]
10월 12, 2014 1:15:24 오전 org.apache.coyote.AbstractProtocol stop
정보: Stopping ProtocolHandler ["ajp-apr-8009"]
10월 12, 2014 1:15:24 오전 org.apache.coyote.AbstractProtocol destroy
정보: Destroying ProtocolHandler ["http-apr-8080"]
10월 12, 2014 1:15:24 오전 org.apache.coyote.AbstractProtocol destroy
정보: Destroying ProtocolHandler ["ajp-apr-8009"]
10월 12, 2014 1:15:26 오전 org.apache.catalina.core.AprLifecycleListener init
정보: Loaded APR based Apache Tomcat Native library 1.1.31 using APR version 1.4.8.
10월 12, 2014 1:15:26 오전 org.apache.catalina.core.AprLifecycleListener init
정보: APR capabilities: IPv6 [true], sendfile [true], accept filters [false], random [true].
10월 12, 2014 1:15:27 오전 org.apache.catalina.core.AprLifecycleListener initializeSSL
정보: OpenSSL successfully initialized (OpenSSL 1.0.1h 5 Jun 2014)
10월 12, 2014 1:15:27 오전 org.apache.coyote.AbstractProtocol init
정보: Initializing ProtocolHandler ["http-apr-8080"]
10월 12, 2014 1:15:27 오전 org.apache.coyote.AbstractProtocol init
정보: Initializing ProtocolHandler ["ajp-apr-8009"]
10월 12, 2014 1:15:27 오전 org.apache.catalina.startup.Catalina load
정보: Initialization processed in 1629 ms
10월 12, 2014 1:15:27 오전 org.apache.catalina.core.StandardService startInternal
정보: Starting service Catalina
10월 12, 2014 1:15:27 오전 org.apache.catalina.core.StandardEngine startInternal
정보: Starting Servlet Engine: Apache Tomcat/7.0.55
10월 12, 2014 1:15:27 오전 org.apache.catalina.startup.HostConfig deployDescriptor
정보: Deploying configuration descriptor C:\project\apache-tomcat-7.0.55\conf\Catalina\localhost\solr.xml
10월 12, 2014 1:15:27 오전 org.apache.catalina.startup.HostConfig deployDescriptor
경고: A docBase C:\project\apache-tomcat-7.0.55\webapps\solr.war inside the host appBase has been specified, and will be ignored
10월 12, 2014 1:15:27 오전 org.apache.catalina.startup.SetContextPropertiesRule begin
경고: [SetContextPropertiesRule]{Context} Setting property 'debug' to '0' did not find a matching property.
10월 12, 2014 1:15:41 오전 org.apache.catalina.startup.HostConfig deployDescriptor
정보: Deployment of configuration descriptor C:\project\apache-tomcat-7.0.55\conf\Catalina\localhost\solr.xml has finished in 13,728 ms
10월 12, 2014 1:15:41 오전 org.apache.catalina.startup.HostConfig deployDirectory
정보: Deploying web application directory C:\project\apache-tomcat-7.0.55\webapps\docs
10월 12, 2014 1:15:41 오전 org.apache.catalina.startup.HostConfig deployDirectory
정보: Deployment of web application directory C:\project\apache-tomcat-7.0.55\webapps\docs has finished in 73 ms
10월 12, 2014 1:15:41 오전 org.apache.catalina.startup.HostConfig deployDirectory
정보: Deploying web application directory C:\project\apache-tomcat-7.0.55\webapps\examples
10월 12, 2014 1:15:41 오전 org.apache.catalina.startup.HostConfig deployDirectory
정보: Deployment of web application directory C:\project\apache-tomcat-7.0.55\webapps\examples has finished in 458 ms
10월 12, 2014 1:15:41 오전 org.apache.catalina.startup.HostConfig deployDirectory
정보: Deploying web application directory C:\project\apache-tomcat-7.0.55\webapps\host-manager
10월 12, 2014 1:15:42 오전 org.apache.catalina.startup.HostConfig deployDirectory
정보: Deployment of web application directory C:\project\apache-tomcat-7.0.55\webapps\host-manager has finished in 94 ms
10월 12, 2014 1:15:42 오전 org.apache.catalina.startup.HostConfig deployDirectory
정보: Deploying web application directory C:\project\apache-tomcat-7.0.55\webapps\manager
10월 12, 2014 1:15:42 오전 org.apache.catalina.startup.HostConfig deployDirectory
정보: Deployment of web application directory C:\project\apache-tomcat-7.0.55\webapps\manager has finished in 92 ms
10월 12, 2014 1:15:42 오전 org.apache.catalina.startup.HostConfig deployDirectory
정보: Deploying web application directory C:\project\apache-tomcat-7.0.55\webapps\ROOT
10월 12, 2014 1:15:42 오전 org.apache.catalina.startup.HostConfig deployDirectory
정보: Deployment of web application directory C:\project\apache-tomcat-7.0.55\webapps\ROOT has finished in 62 ms
10월 12, 2014 1:15:42 오전 org.apache.coyote.AbstractProtocol start
정보: Starting ProtocolHandler ["http-apr-8080"]
10월 12, 2014 1:15:42 오전 org.apache.coyote.AbstractProtocol start
정보: Starting ProtocolHandler ["ajp-apr-8009"]
10월 12, 2014 1:15:42 오전 org.apache.catalina.startup.Catalina start
정보: Server startup in 14593 ms
10월 12, 2014 1:21:06 오전 org.apache.catalina.core.StandardServer await
정보: A valid shutdown command was received via the shutdown port. Stopping the Server instance.
10월 12, 2014 1:21:06 오전 org.apache.coyote.AbstractProtocol pause
정보: Pausing ProtocolHandler ["http-apr-8080"]
10월 12, 2014 1:21:06 오전 org.apache.coyote.AbstractProtocol pause
정보: Pausing ProtocolHandler ["ajp-apr-8009"]
10월 12, 2014 1:21:06 오전 org.apache.catalina.core.StandardService stopInternal
정보: Stopping service Catalina
10월 12, 2014 1:21:06 오전 org.apache.coyote.AbstractProtocol stop
정보: Stopping ProtocolHandler ["http-apr-8080"]
10월 12, 2014 1:21:07 오전 org.apache.coyote.AbstractProtocol stop
정보: Stopping ProtocolHandler ["ajp-apr-8009"]
10월 12, 2014 1:21:07 오전 org.apache.coyote.AbstractProtocol destroy
정보: Destroying ProtocolHandler ["http-apr-8080"]
10월 12, 2014 1:21:07 오전 org.apache.coyote.AbstractProtocol destroy
정보: Destroying ProtocolHandler ["ajp-apr-8009"]
10월 12, 2014 1:21:08 오전 org.apache.catalina.core.AprLifecycleListener init
정보: Loaded APR based Apache Tomcat Native library 1.1.31 using APR version 1.4.8.
10월 12, 2014 1:21:08 오전 org.apache.catalina.core.AprLifecycleListener init
정보: APR capabilities: IPv6 [true], sendfile [true], accept filters [false], random [true].
10월 12, 2014 1:21:09 오전 org.apache.catalina.core.AprLifecycleListener initializeSSL
정보: OpenSSL successfully initialized (OpenSSL 1.0.1h 5 Jun 2014)
10월 12, 2014 1:21:10 오전 org.apache.coyote.AbstractProtocol init
정보: Initializing ProtocolHandler ["http-apr-8080"]
10월 12, 2014 1:21:10 오전 org.apache.coyote.AbstractProtocol init
정보: Initializing ProtocolHandler ["ajp-apr-8009"]
10월 12, 2014 1:21:10 오전 org.apache.catalina.startup.Catalina load
정보: Initialization processed in 1498 ms
10월 12, 2014 1:21:10 오전 org.apache.catalina.core.StandardService startInternal
정보: Starting service Catalina
10월 12, 2014 1:21:10 오전 org.apache.catalina.core.StandardEngine startInternal
정보: Starting Servlet Engine: Apache Tomcat/7.0.55
10월 12, 2014 1:21:10 오전 org.apache.catalina.startup.HostConfig deployDescriptor
정보: Deploying configuration descriptor C:\project\apache-tomcat-7.0.55\conf\Catalina\localhost\solr.xml
10월 12, 2014 1:21:10 오전 org.apache.catalina.startup.HostConfig deployDescriptor
경고: A docBase C:\project\apache-tomcat-7.0.55\webapps\solr.war inside the host appBase has been specified, and will be ignored
10월 12, 2014 1:21:10 오전 org.apache.catalina.startup.SetContextPropertiesRule begin
경고: [SetContextPropertiesRule]{Context} Setting property 'debug' to '0' did not find a matching property.
10월 12, 2014 1:21:22 오전 org.apache.catalina.startup.HostConfig deployDescriptor
정보: Deployment of configuration descriptor C:\project\apache-tomcat-7.0.55\conf\Catalina\localhost\solr.xml has finished in 12,460 ms
10월 12, 2014 1:21:22 오전 org.apache.catalina.startup.HostConfig deployDirectory
정보: Deploying web application directory C:\project\apache-tomcat-7.0.55\webapps\docs
10월 12, 2014 1:21:22 오전 org.apache.catalina.startup.HostConfig deployDirectory
정보: Deployment of web application directory C:\project\apache-tomcat-7.0.55\webapps\docs has finished in 94 ms
10월 12, 2014 1:21:22 오전 org.apache.catalina.startup.HostConfig deployDirectory
정보: Deploying web application directory C:\project\apache-tomcat-7.0.55\webapps\examples
10월 12, 2014 1:21:23 오전 org.apache.catalina.startup.HostConfig deployDirectory
정보: Deployment of web application directory C:\project\apache-tomcat-7.0.55\webapps\examples has finished in 478 ms
10월 12, 2014 1:21:23 오전 org.apache.catalina.startup.HostConfig deployDirectory
정보: Deploying web application directory C:\project\apache-tomcat-7.0.55\webapps\host-manager
10월 12, 2014 1:21:23 오전 org.apache.catalina.startup.HostConfig deployDirectory
정보: Deployment of web application directory C:\project\apache-tomcat-7.0.55\webapps\host-manager has finished in 83 ms
10월 12, 2014 1:21:23 오전 org.apache.catalina.startup.HostConfig deployDirectory
정보: Deploying web application directory C:\project\apache-tomcat-7.0.55\webapps\manager
10월 12, 2014 1:21:23 오전 org.apache.catalina.startup.HostConfig deployDirectory
정보: Deployment of web application directory C:\project\apache-tomcat-7.0.55\webapps\manager has finished in 96 ms
10월 12, 2014 1:21:23 오전 org.apache.catalina.startup.HostConfig deployDirectory
정보: Deploying web application directory C:\project\apache-tomcat-7.0.55\webapps\ROOT
10월 12, 2014 1:21:23 오전 org.apache.catalina.startup.HostConfig deployDirectory
정보: Deployment of web application directory C:\project\apache-tomcat-7.0.55\webapps\ROOT has finished in 60 ms
10월 12, 2014 1:21:23 오전 org.apache.coyote.AbstractProtocol start
정보: Starting ProtocolHandler ["http-apr-8080"]
10월 12, 2014 1:21:23 오전 org.apache.coyote.AbstractProtocol start
정보: Starting ProtocolHandler ["ajp-apr-8009"]
10월 12, 2014 1:21:23 오전 org.apache.catalina.startup.Catalina start
정보: Server startup in 13367 ms
10월 12, 2014 1:25:20 오전 org.apache.catalina.core.StandardServer await
정보: A valid shutdown command was received via the shutdown port. Stopping the Server instance.
10월 12, 2014 1:25:20 오전 org.apache.coyote.AbstractProtocol pause
정보: Pausing ProtocolHandler ["http-apr-8080"]
10월 12, 2014 1:25:20 오전 org.apache.coyote.AbstractProtocol pause
정보: Pausing ProtocolHandler ["ajp-apr-8009"]
10월 12, 2014 1:25:20 오전 org.apache.catalina.core.StandardService stopInternal
정보: Stopping service Catalina
10월 12, 2014 1:25:21 오전 org.apache.coyote.AbstractProtocol stop
정보: Stopping ProtocolHandler ["http-apr-8080"]
10월 12, 2014 1:25:21 오전 org.apache.coyote.AbstractProtocol stop
정보: Stopping ProtocolHandler ["ajp-apr-8009"]
10월 12, 2014 1:25:21 오전 org.apache.coyote.AbstractProtocol destroy
정보: Destroying ProtocolHandler ["http-apr-8080"]
10월 12, 2014 1:25:21 오전 org.apache.coyote.AbstractProtocol destroy
정보: Destroying ProtocolHandler ["ajp-apr-8009"]
10월 12, 2014 1:25:22 오전 org.apache.catalina.core.AprLifecycleListener init
정보: Loaded APR based Apache Tomcat Native library 1.1.31 using APR version 1.4.8.
10월 12, 2014 1:25:22 오전 org.apache.catalina.core.AprLifecycleListener init
정보: APR capabilities: IPv6 [true], sendfile [true], accept filters [false], random [true].
10월 12, 2014 1:25:23 오전 org.apache.catalina.core.AprLifecycleListener initializeSSL
정보: OpenSSL successfully initialized (OpenSSL 1.0.1h 5 Jun 2014)
10월 12, 2014 1:25:23 오전 org.apache.coyote.AbstractProtocol init
정보: Initializing ProtocolHandler ["http-apr-8080"]
10월 12, 2014 1:25:23 오전 org.apache.coyote.AbstractProtocol init
정보: Initializing ProtocolHandler ["ajp-apr-8009"]
10월 12, 2014 1:25:23 오전 org.apache.catalina.startup.Catalina load
정보: Initialization processed in 1473 ms
10월 12, 2014 1:25:23 오전 org.apache.catalina.core.StandardService startInternal
정보: Starting service Catalina
10월 12, 2014 1:25:23 오전 org.apache.catalina.core.StandardEngine startInternal
정보: Starting Servlet Engine: Apache Tomcat/7.0.55
10월 12, 2014 1:25:23 오전 org.apache.catalina.startup.HostConfig deployDescriptor
정보: Deploying configuration descriptor C:\project\apache-tomcat-7.0.55\conf\Catalina\localhost\solr.xml
10월 12, 2014 1:25:23 오전 org.apache.catalina.startup.HostConfig deployDescriptor
경고: A docBase C:\project\apache-tomcat-7.0.55\webapps\solr.war inside the host appBase has been specified, and will be ignored
10월 12, 2014 1:25:23 오전 org.apache.catalina.startup.SetContextPropertiesRule begin
경고: [SetContextPropertiesRule]{Context} Setting property 'debug' to '0' did not find a matching property.
10월 12, 2014 1:25:36 오전 org.apache.catalina.startup.HostConfig deployDescriptor
정보: Deployment of configuration descriptor C:\project\apache-tomcat-7.0.55\conf\Catalina\localhost\solr.xml has finished in 12,460 ms
10월 12, 2014 1:25:36 오전 org.apache.catalina.startup.HostConfig deployDirectory
정보: Deploying web application directory C:\project\apache-tomcat-7.0.55\webapps\docs
10월 12, 2014 1:25:36 오전 org.apache.catalina.startup.HostConfig deployDirectory
정보: Deployment of web application directory C:\project\apache-tomcat-7.0.55\webapps\docs has finished in 77 ms
10월 12, 2014 1:25:36 오전 org.apache.catalina.startup.HostConfig deployDirectory
정보: Deploying web application directory C:\project\apache-tomcat-7.0.55\webapps\examples
10월 12, 2014 1:25:36 오전 org.apache.catalina.startup.HostConfig deployDirectory
정보: Deployment of web application directory C:\project\apache-tomcat-7.0.55\webapps\examples has finished in 446 ms
10월 12, 2014 1:25:36 오전 org.apache.catalina.startup.HostConfig deployDirectory
정보: Deploying web application directory C:\project\apache-tomcat-7.0.55\webapps\host-manager
10월 12, 2014 1:25:36 오전 org.apache.catalina.startup.HostConfig deployDirectory
정보: Deployment of web application directory C:\project\apache-tomcat-7.0.55\webapps\host-manager has finished in 91 ms
10월 12, 2014 1:25:36 오전 org.apache.catalina.startup.HostConfig deployDirectory
정보: Deploying web application directory C:\project\apache-tomcat-7.0.55\webapps\manager
10월 12, 2014 1:25:36 오전 org.apache.catalina.startup.HostConfig deployDirectory
정보: Deployment of web application directory C:\project\apache-tomcat-7.0.55\webapps\manager has finished in 91 ms
10월 12, 2014 1:25:36 오전 org.apache.catalina.startup.HostConfig deployDirectory
정보: Deploying web application directory C:\project\apache-tomcat-7.0.55\webapps\ROOT
10월 12, 2014 1:25:36 오전 org.apache.catalina.startup.HostConfig deployDirectory
정보: Deployment of web application directory C:\project\apache-tomcat-7.0.55\webapps\ROOT has finished in 61 ms
10월 12, 2014 1:25:36 오전 org.apache.coyote.AbstractProtocol start
정보: Starting ProtocolHandler ["http-apr-8080"]
10월 12, 2014 1:25:36 오전 org.apache.coyote.AbstractProtocol start
정보: Starting ProtocolHandler ["ajp-apr-8009"]
10월 12, 2014 1:25:36 오전 org.apache.catalina.startup.Catalina start
정보: Server startup in 13332 ms
10월 12, 2014 1:35:35 오전 org.apache.catalina.core.StandardServer await
정보: A valid shutdown command was received via the shutdown port. Stopping the Server instance.
10월 12, 2014 1:35:35 오전 org.apache.coyote.AbstractProtocol pause
정보: Pausing ProtocolHandler ["http-apr-8080"]
10월 12, 2014 1:35:35 오전 org.apache.coyote.AbstractProtocol pause
정보: Pausing ProtocolHandler ["ajp-apr-8009"]
10월 12, 2014 1:35:35 오전 org.apache.catalina.core.StandardService stopInternal
정보: Stopping service Catalina
10월 12, 2014 1:35:35 오전 org.apache.coyote.AbstractProtocol stop
정보: Stopping ProtocolHandler ["http-apr-8080"]
10월 12, 2014 1:35:35 오전 org.apache.coyote.AbstractProtocol stop
정보: Stopping ProtocolHandler ["ajp-apr-8009"]
10월 12, 2014 1:35:36 오전 org.apache.coyote.AbstractProtocol destroy
정보: Destroying ProtocolHandler ["http-apr-8080"]
10월 12, 2014 1:35:36 오전 org.apache.coyote.AbstractProtocol destroy
정보: Destroying ProtocolHandler ["ajp-apr-8009"]
10월 12, 2014 1:35:37 오전 org.apache.catalina.core.AprLifecycleListener init
정보: Loaded APR based Apache Tomcat Native library 1.1.31 using APR version 1.4.8.
10월 12, 2014 1:35:37 오전 org.apache.catalina.core.AprLifecycleListener init
정보: APR capabilities: IPv6 [true], sendfile [true], accept filters [false], random [true].
10월 12, 2014 1:35:38 오전 org.apache.catalina.core.AprLifecycleListener initializeSSL
정보: OpenSSL successfully initialized (OpenSSL 1.0.1h 5 Jun 2014)
10월 12, 2014 1:35:38 오전 org.apache.coyote.AbstractProtocol init
정보: Initializing ProtocolHandler ["http-apr-8080"]
10월 12, 2014 1:35:38 오전 org.apache.coyote.AbstractProtocol init
정보: Initializing ProtocolHandler ["ajp-apr-8009"]
10월 12, 2014 1:35:38 오전 org.apache.catalina.startup.Catalina load
정보: Initialization processed in 1381 ms
10월 12, 2014 1:35:38 오전 org.apache.catalina.core.StandardService startInternal
정보: Starting service Catalina
10월 12, 2014 1:35:38 오전 org.apache.catalina.core.StandardEngine startInternal
정보: Starting Servlet Engine: Apache Tomcat/7.0.55
10월 12, 2014 1:35:38 오전 org.apache.catalina.startup.HostConfig deployDescriptor
정보: Deploying configuration descriptor C:\project\apache-tomcat-7.0.55\conf\Catalina\localhost\solr.xml
10월 12, 2014 1:35:38 오전 org.apache.catalina.startup.HostConfig deployDescriptor
경고: A docBase C:\project\apache-tomcat-7.0.55\webapps\solr.war inside the host appBase has been specified, and will be ignored
10월 12, 2014 1:35:38 오전 org.apache.catalina.startup.SetContextPropertiesRule begin
경고: [SetContextPropertiesRule]{Context} Setting property 'debug' to '0' did not find a matching property.
10월 12, 2014 1:35:50 오전 org.apache.catalina.startup.HostConfig deployDescriptor
정보: Deployment of configuration descriptor C:\project\apache-tomcat-7.0.55\conf\Catalina\localhost\solr.xml has finished in 11,346 ms
10월 12, 2014 1:35:50 오전 org.apache.catalina.startup.HostConfig deployDirectory
정보: Deploying web application directory C:\project\apache-tomcat-7.0.55\webapps\docs
10월 12, 2014 1:35:50 오전 org.apache.catalina.startup.HostConfig deployDirectory
정보: Deployment of web application directory C:\project\apache-tomcat-7.0.55\webapps\docs has finished in 75 ms
10월 12, 2014 1:35:50 오전 org.apache.catalina.startup.HostConfig deployDirectory
정보: Deploying web application directory C:\project\apache-tomcat-7.0.55\webapps\examples
10월 12, 2014 1:35:50 오전 org.apache.catalina.startup.HostConfig deployDirectory
정보: Deployment of web application directory C:\project\apache-tomcat-7.0.55\webapps\examples has finished in 426 ms
10월 12, 2014 1:35:50 오전 org.apache.catalina.startup.HostConfig deployDirectory
정보: Deploying web application directory C:\project\apache-tomcat-7.0.55\webapps\host-manager
10월 12, 2014 1:35:50 오전 org.apache.catalina.startup.HostConfig deployDirectory
정보: Deployment of web application directory C:\project\apache-tomcat-7.0.55\webapps\host-manager has finished in 84 ms
10월 12, 2014 1:35:50 오전 org.apache.catalina.startup.HostConfig deployDirectory
정보: Deploying web application directory C:\project\apache-tomcat-7.0.55\webapps\manager
10월 12, 2014 1:35:50 오전 org.apache.catalina.startup.HostConfig deployDirectory
정보: Deployment of web application directory C:\project\apache-tomcat-7.0.55\webapps\manager has finished in 83 ms
10월 12, 2014 1:35:50 오전 org.apache.catalina.startup.HostConfig deployDirectory
정보: Deploying web application directory C:\project\apache-tomcat-7.0.55\webapps\ROOT
10월 12, 2014 1:35:50 오전 org.apache.catalina.startup.HostConfig deployDirectory
정보: Deployment of web application directory C:\project\apache-tomcat-7.0.55\webapps\ROOT has finished in 62 ms
10월 12, 2014 1:35:50 오전 org.apache.coyote.AbstractProtocol start
정보: Starting ProtocolHandler ["http-apr-8080"]
10월 12, 2014 1:35:50 오전 org.apache.coyote.AbstractProtocol start
정보: Starting ProtocolHandler ["ajp-apr-8009"]
10월 12, 2014 1:35:50 오전 org.apache.catalina.startup.Catalina start
정보: Server startup in 12165 ms
10월 12, 2014 1:39:07 오전 org.apache.catalina.core.StandardServer await
정보: A valid shutdown command was received via the shutdown port. Stopping the Server instance.
10월 12, 2014 1:39:07 오전 org.apache.coyote.AbstractProtocol pause
정보: Pausing ProtocolHandler ["http-apr-8080"]
10월 12, 2014 1:39:07 오전 org.apache.coyote.AbstractProtocol pause
정보: Pausing ProtocolHandler ["ajp-apr-8009"]
10월 12, 2014 1:39:07 오전 org.apache.catalina.core.StandardService stopInternal
정보: Stopping service Catalina
10월 12, 2014 1:39:07 오전 org.apache.coyote.AbstractProtocol stop
정보: Stopping ProtocolHandler ["http-apr-8080"]
10월 12, 2014 1:39:08 오전 org.apache.coyote.AbstractProtocol stop
정보: Stopping ProtocolHandler ["ajp-apr-8009"]
10월 12, 2014 1:39:08 오전 org.apache.coyote.AbstractProtocol destroy
정보: Destroying ProtocolHandler ["http-apr-8080"]
10월 12, 2014 1:39:08 오전 org.apache.coyote.AbstractProtocol destroy
정보: Destroying ProtocolHandler ["ajp-apr-8009"]
10월 12, 2014 1:39:09 오전 org.apache.catalina.core.AprLifecycleListener init
정보: Loaded APR based Apache Tomcat Native library 1.1.31 using APR version 1.4.8.
10월 12, 2014 1:39:09 오전 org.apache.catalina.core.AprLifecycleListener init
정보: APR capabilities: IPv6 [true], sendfile [true], accept filters [false], random [true].
10월 12, 2014 1:39:10 오전 org.apache.catalina.core.AprLifecycleListener initializeSSL
정보: OpenSSL successfully initialized (OpenSSL 1.0.1h 5 Jun 2014)
10월 12, 2014 1:39:10 오전 org.apache.coyote.AbstractProtocol init
정보: Initializing ProtocolHandler ["http-apr-8080"]
10월 12, 2014 1:39:10 오전 org.apache.coyote.AbstractProtocol init
정보: Initializing ProtocolHandler ["ajp-apr-8009"]
10월 12, 2014 1:39:10 오전 org.apache.catalina.startup.Catalina load
정보: Initialization processed in 1431 ms
10월 12, 2014 1:39:10 오전 org.apache.catalina.core.StandardService startInternal
정보: Starting service Catalina
10월 12, 2014 1:39:10 오전 org.apache.catalina.core.StandardEngine startInternal
정보: Starting Servlet Engine: Apache Tomcat/7.0.55
10월 12, 2014 1:39:10 오전 org.apache.catalina.startup.HostConfig deployDescriptor
정보: Deploying configuration descriptor C:\project\apache-tomcat-7.0.55\conf\Catalina\localhost\solr.xml
10월 12, 2014 1:39:10 오전 org.apache.catalina.startup.HostConfig deployDescriptor
경고: A docBase C:\project\apache-tomcat-7.0.55\webapps\solr.war inside the host appBase has been specified, and will be ignored
10월 12, 2014 1:39:10 오전 org.apache.catalina.startup.SetContextPropertiesRule begin
경고: [SetContextPropertiesRule]{Context} Setting property 'debug' to '0' did not find a matching property.
10월 12, 2014 1:39:22 오전 org.apache.catalina.startup.HostConfig deployDescriptor
정보: Deployment of configuration descriptor C:\project\apache-tomcat-7.0.55\conf\Catalina\localhost\solr.xml has finished in 12,020 ms
10월 12, 2014 1:39:22 오전 org.apache.catalina.startup.HostConfig deployDirectory
정보: Deploying web application directory C:\project\apache-tomcat-7.0.55\webapps\docs
10월 12, 2014 1:39:22 오전 org.apache.catalina.startup.HostConfig deployDirectory
정보: Deployment of web application directory C:\project\apache-tomcat-7.0.55\webapps\docs has finished in 105 ms
10월 12, 2014 1:39:22 오전 org.apache.catalina.startup.HostConfig deployDirectory
정보: Deploying web application directory C:\project\apache-tomcat-7.0.55\webapps\examples
10월 12, 2014 1:39:23 오전 org.apache.catalina.startup.HostConfig deployDirectory
정보: Deployment of web application directory C:\project\apache-tomcat-7.0.55\webapps\examples has finished in 433 ms
10월 12, 2014 1:39:23 오전 org.apache.catalina.startup.HostConfig deployDirectory
정보: Deploying web application directory C:\project\apache-tomcat-7.0.55\webapps\host-manager
10월 12, 2014 1:39:23 오전 org.apache.catalina.startup.HostConfig deployDirectory
정보: Deployment of web application directory C:\project\apache-tomcat-7.0.55\webapps\host-manager has finished in 94 ms
10월 12, 2014 1:39:23 오전 org.apache.catalina.startup.HostConfig deployDirectory
정보: Deploying web application directory C:\project\apache-tomcat-7.0.55\webapps\manager
10월 12, 2014 1:39:23 오전 org.apache.catalina.startup.HostConfig deployDirectory
정보: Deployment of web application directory C:\project\apache-tomcat-7.0.55\webapps\manager has finished in 79 ms
10월 12, 2014 1:39:23 오전 org.apache.catalina.startup.HostConfig deployDirectory
정보: Deploying web application directory C:\project\apache-tomcat-7.0.55\webapps\ROOT
10월 12, 2014 1:39:23 오전 org.apache.catalina.startup.HostConfig deployDirectory
정보: Deployment of web application directory C:\project\apache-tomcat-7.0.55\webapps\ROOT has finished in 56 ms
10월 12, 2014 1:39:23 오전 org.apache.coyote.AbstractProtocol start
정보: Starting ProtocolHandler ["http-apr-8080"]
10월 12, 2014 1:39:23 오전 org.apache.coyote.AbstractProtocol start
정보: Starting ProtocolHandler ["ajp-apr-8009"]
10월 12, 2014 1:39:23 오전 org.apache.catalina.startup.Catalina start
정보: Server startup in 12873 ms
10월 12, 2014 1:42:54 오전 org.apache.catalina.core.StandardServer await
정보: A valid shutdown command was received via the shutdown port. Stopping the Server instance.
10월 12, 2014 1:42:54 오전 org.apache.coyote.AbstractProtocol pause
정보: Pausing ProtocolHandler ["http-apr-8080"]
10월 12, 2014 1:42:54 오전 org.apache.coyote.AbstractProtocol pause
정보: Pausing ProtocolHandler ["ajp-apr-8009"]
10월 12, 2014 1:42:54 오전 org.apache.catalina.core.StandardService stopInternal
정보: Stopping service Catalina
10월 12, 2014 1:42:54 오전 org.apache.coyote.AbstractProtocol stop
정보: Stopping ProtocolHandler ["http-apr-8080"]
10월 12, 2014 1:42:54 오전 org.apache.coyote.AbstractProtocol stop
정보: Stopping ProtocolHandler ["ajp-apr-8009"]
10월 12, 2014 1:42:54 오전 org.apache.coyote.AbstractProtocol destroy
정보: Destroying ProtocolHandler ["http-apr-8080"]
10월 12, 2014 1:42:54 오전 org.apache.coyote.AbstractProtocol destroy
정보: Destroying ProtocolHandler ["ajp-apr-8009"]
10월 12, 2014 1:42:56 오전 org.apache.catalina.core.AprLifecycleListener init
정보: Loaded APR based Apache Tomcat Native library 1.1.31 using APR version 1.4.8.
10월 12, 2014 1:42:56 오전 org.apache.catalina.core.AprLifecycleListener init
정보: APR capabilities: IPv6 [true], sendfile [true], accept filters [false], random [true].
10월 12, 2014 1:42:57 오전 org.apache.catalina.core.AprLifecycleListener initializeSSL
정보: OpenSSL successfully initialized (OpenSSL 1.0.1h 5 Jun 2014)
10월 12, 2014 1:42:57 오전 org.apache.coyote.AbstractProtocol init
정보: Initializing ProtocolHandler ["http-apr-8080"]
10월 12, 2014 1:42:57 오전 org.apache.coyote.AbstractProtocol init
정보: Initializing ProtocolHandler ["ajp-apr-8009"]
10월 12, 2014 1:42:57 오전 org.apache.catalina.startup.Catalina load
정보: Initialization processed in 1592 ms
10월 12, 2014 1:42:57 오전 org.apache.catalina.core.StandardService startInternal
정보: Starting service Catalina
10월 12, 2014 1:42:57 오전 org.apache.catalina.core.StandardEngine startInternal
정보: Starting Servlet Engine: Apache Tomcat/7.0.55
10월 12, 2014 1:42:57 오전 org.apache.catalina.startup.HostConfig deployDescriptor
정보: Deploying configuration descriptor C:\project\apache-tomcat-7.0.55\conf\Catalina\localhost\solr.xml
10월 12, 2014 1:42:57 오전 org.apache.catalina.startup.HostConfig deployDescriptor
경고: A docBase C:\project\apache-tomcat-7.0.55\webapps\solr.war inside the host appBase has been specified, and will be ignored
10월 12, 2014 1:42:57 오전 org.apache.catalina.startup.SetContextPropertiesRule begin
경고: [SetContextPropertiesRule]{Context} Setting property 'debug' to '0' did not find a matching property.
10월 12, 2014 1:43:15 오전 org.apache.catalina.startup.HostConfig deployDescriptor
정보: Deployment of configuration descriptor C:\project\apache-tomcat-7.0.55\conf\Catalina\localhost\solr.xml has finished in 17,745 ms
10월 12, 2014 1:43:15 오전 org.apache.catalina.startup.HostConfig deployDirectory
정보: Deploying web application directory C:\project\apache-tomcat-7.0.55\webapps\docs
10월 12, 2014 1:43:15 오전 org.apache.catalina.startup.HostConfig deployDirectory
정보: Deployment of web application directory C:\project\apache-tomcat-7.0.55\webapps\docs has finished in 67 ms
10월 12, 2014 1:43:15 오전 org.apache.catalina.startup.HostConfig deployDirectory
정보: Deploying web application directory C:\project\apache-tomcat-7.0.55\webapps\examples
10월 12, 2014 1:43:15 오전 org.apache.catalina.startup.HostConfig deployDirectory
정보: Deployment of web application directory C:\project\apache-tomcat-7.0.55\webapps\examples has finished in 496 ms
10월 12, 2014 1:43:15 오전 org.apache.catalina.startup.HostConfig deployDirectory
정보: Deploying web application directory C:\project\apache-tomcat-7.0.55\webapps\host-manager
10월 12, 2014 1:43:16 오전 org.apache.catalina.startup.HostConfig deployDirectory
정보: Deployment of web application directory C:\project\apache-tomcat-7.0.55\webapps\host-manager has finished in 92 ms
10월 12, 2014 1:43:16 오전 org.apache.catalina.startup.HostConfig deployDirectory
정보: Deploying web application directory C:\project\apache-tomcat-7.0.55\webapps\manager
10월 12, 2014 1:43:16 오전 org.apache.catalina.startup.HostConfig deployDirectory
정보: Deployment of web application directory C:\project\apache-tomcat-7.0.55\webapps\manager has finished in 82 ms
10월 12, 2014 1:43:16 오전 org.apache.catalina.startup.HostConfig deployDirectory
정보: Deploying web application directory C:\project\apache-tomcat-7.0.55\webapps\ROOT
10월 12, 2014 1:43:16 오전 org.apache.catalina.startup.HostConfig deployDirectory
정보: Deployment of web application directory C:\project\apache-tomcat-7.0.55\webapps\ROOT has finished in 56 ms
10월 12, 2014 1:43:16 오전 org.apache.coyote.AbstractProtocol start
정보: Starting ProtocolHandler ["http-apr-8080"]
10월 12, 2014 1:43:16 오전 org.apache.coyote.AbstractProtocol start
정보: Starting ProtocolHandler ["ajp-apr-8009"]
10월 12, 2014 1:43:16 오전 org.apache.catalina.startup.Catalina start
정보: Server startup in 18654 ms
10월 12, 2014 1:48:29 오전 org.apache.catalina.core.StandardServer await
정보: A valid shutdown command was received via the shutdown port. Stopping the Server instance.
10월 12, 2014 1:48:29 오전 org.apache.coyote.AbstractProtocol pause
정보: Pausing ProtocolHandler ["http-apr-8080"]
10월 12, 2014 1:48:29 오전 org.apache.coyote.AbstractProtocol pause
정보: Pausing ProtocolHandler ["ajp-apr-8009"]
10월 12, 2014 1:48:29 오전 org.apache.catalina.core.StandardService stopInternal
정보: Stopping service Catalina
10월 12, 2014 1:48:29 오전 org.apache.catalina.loader.WebappClassLoader checkThreadLocalMapForLeaks
심각: The web application [/solr] created a ThreadLocal with key of type [org.apache.solr.schema.DateField.ThreadLocalDateFormat] (value [org.apache.solr.schema.DateField$ThreadLocalDateFormat@5c7630ac]) and a value of type [org.apache.solr.schema.DateField.ISO8601CanonicalDateFormat] (value [org.apache.solr.schema.DateField$ISO8601CanonicalDateFormat@6b2ed43a]) but failed to remove it when the web application was stopped. Threads are going to be renewed over time to try and avoid a probable memory leak.
10월 12, 2014 1:48:29 오전 org.apache.coyote.AbstractProtocol stop
정보: Stopping ProtocolHandler ["http-apr-8080"]
10월 12, 2014 1:48:29 오전 org.apache.coyote.AbstractProtocol stop
정보: Stopping ProtocolHandler ["ajp-apr-8009"]
10월 12, 2014 1:48:30 오전 org.apache.coyote.AbstractProtocol destroy
정보: Destroying ProtocolHandler ["http-apr-8080"]
10월 12, 2014 1:48:30 오전 org.apache.coyote.AbstractProtocol destroy
정보: Destroying ProtocolHandler ["ajp-apr-8009"]
10월 12, 2014 1:48:31 오전 org.apache.catalina.core.AprLifecycleListener init
정보: Loaded APR based Apache Tomcat Native library 1.1.31 using APR version 1.4.8.
10월 12, 2014 1:48:31 오전 org.apache.catalina.core.AprLifecycleListener init
정보: APR capabilities: IPv6 [true], sendfile [true], accept filters [false], random [true].
10월 12, 2014 1:48:32 오전 org.apache.catalina.core.AprLifecycleListener initializeSSL
정보: OpenSSL successfully initialized (OpenSSL 1.0.1h 5 Jun 2014)
10월 12, 2014 1:48:32 오전 org.apache.coyote.AbstractProtocol init
정보: Initializing ProtocolHandler ["http-apr-8080"]
10월 12, 2014 1:48:32 오전 org.apache.coyote.AbstractProtocol init
정보: Initializing ProtocolHandler ["ajp-apr-8009"]
10월 12, 2014 1:48:32 오전 org.apache.catalina.startup.Catalina load
정보: Initialization processed in 1424 ms
10월 12, 2014 1:48:32 오전 org.apache.catalina.core.StandardService startInternal
정보: Starting service Catalina
10월 12, 2014 1:48:32 오전 org.apache.catalina.core.StandardEngine startInternal
정보: Starting Servlet Engine: Apache Tomcat/7.0.55
10월 12, 2014 1:48:32 오전 org.apache.catalina.startup.HostConfig deployDescriptor
정보: Deploying configuration descriptor C:\project\apache-tomcat-7.0.55\conf\Catalina\localhost\solr.xml
10월 12, 2014 1:48:32 오전 org.apache.catalina.startup.HostConfig deployDescriptor
경고: A docBase C:\project\apache-tomcat-7.0.55\webapps\solr.war inside the host appBase has been specified, and will be ignored
10월 12, 2014 1:48:32 오전 org.apache.catalina.startup.SetContextPropertiesRule begin
경고: [SetContextPropertiesRule]{Context} Setting property 'debug' to '0' did not find a matching property.
10월 12, 2014 1:48:49 오전 org.apache.catalina.startup.HostConfig deployDescriptor
정보: Deployment of configuration descriptor C:\project\apache-tomcat-7.0.55\conf\Catalina\localhost\solr.xml has finished in 17,435 ms
10월 12, 2014 1:48:49 오전 org.apache.catalina.startup.HostConfig deployDirectory
정보: Deploying web application directory C:\project\apache-tomcat-7.0.55\webapps\docs
10월 12, 2014 1:48:49 오전 org.apache.catalina.startup.HostConfig deployDirectory
정보: Deployment of web application directory C:\project\apache-tomcat-7.0.55\webapps\docs has finished in 76 ms
10월 12, 2014 1:48:49 오전 org.apache.catalina.startup.HostConfig deployDirectory
정보: Deploying web application directory C:\project\apache-tomcat-7.0.55\webapps\examples
10월 12, 2014 1:48:50 오전 org.apache.catalina.startup.HostConfig deployDirectory
정보: Deployment of web application directory C:\project\apache-tomcat-7.0.55\webapps\examples has finished in 506 ms
10월 12, 2014 1:48:50 오전 org.apache.catalina.startup.HostConfig deployDirectory
정보: Deploying web application directory C:\project\apache-tomcat-7.0.55\webapps\host-manager
10월 12, 2014 1:48:50 오전 org.apache.catalina.startup.HostConfig deployDirectory
정보: Deployment of web application directory C:\project\apache-tomcat-7.0.55\webapps\host-manager has finished in 117 ms
10월 12, 2014 1:48:50 오전 org.apache.catalina.startup.HostConfig deployDirectory
정보: Deploying web application directory C:\project\apache-tomcat-7.0.55\webapps\manager
10월 12, 2014 1:48:50 오전 org.apache.catalina.startup.HostConfig deployDirectory
정보: Deployment of web application directory C:\project\apache-tomcat-7.0.55\webapps\manager has finished in 94 ms
10월 12, 2014 1:48:50 오전 org.apache.catalina.startup.HostConfig deployDirectory
정보: Deploying web application directory C:\project\apache-tomcat-7.0.55\webapps\ROOT
10월 12, 2014 1:48:50 오전 org.apache.catalina.startup.HostConfig deployDirectory
정보: Deployment of web application directory C:\project\apache-tomcat-7.0.55\webapps\ROOT has finished in 58 ms
10월 12, 2014 1:48:50 오전 org.apache.coyote.AbstractProtocol start
정보: Starting ProtocolHandler ["http-apr-8080"]
10월 12, 2014 1:48:50 오전 org.apache.coyote.AbstractProtocol start
정보: Starting ProtocolHandler ["ajp-apr-8009"]
10월 12, 2014 1:48:50 오전 org.apache.catalina.startup.Catalina start
정보: Server startup in 18376 ms
10월 12, 2014 1:59:04 오전 org.apache.catalina.core.StandardServer await
정보: A valid shutdown command was received via the shutdown port. Stopping the Server instance.
10월 12, 2014 1:59:04 오전 org.apache.coyote.AbstractProtocol pause
정보: Pausing ProtocolHandler ["http-apr-8080"]
10월 12, 2014 1:59:04 오전 org.apache.coyote.AbstractProtocol pause
정보: Pausing ProtocolHandler ["ajp-apr-8009"]
10월 12, 2014 1:59:04 오전 org.apache.catalina.core.StandardService stopInternal
정보: Stopping service Catalina
10월 12, 2014 1:59:04 오전 org.apache.catalina.loader.WebappClassLoader checkThreadLocalMapForLeaks
심각: The web application [/solr] created a ThreadLocal with key of type [org.apache.solr.schema.DateField.ThreadLocalDateFormat] (value [org.apache.solr.schema.DateField$ThreadLocalDateFormat@5393dffe]) and a value of type [org.apache.solr.schema.DateField.ISO8601CanonicalDateFormat] (value [org.apache.solr.schema.DateField$ISO8601CanonicalDateFormat@6b2ed43a]) but failed to remove it when the web application was stopped. Threads are going to be renewed over time to try and avoid a probable memory leak.
10월 12, 2014 1:59:04 오전 org.apache.catalina.loader.WebappClassLoader checkThreadLocalMapForLeaks
심각: The web application [/solr] created a ThreadLocal with key of type [org.apache.solr.schema.DateField.ThreadLocalDateFormat] (value [org.apache.solr.schema.DateField$ThreadLocalDateFormat@5393dffe]) and a value of type [org.apache.solr.schema.DateField.ISO8601CanonicalDateFormat] (value [org.apache.solr.schema.DateField$ISO8601CanonicalDateFormat@6b2ed43a]) but failed to remove it when the web application was stopped. Threads are going to be renewed over time to try and avoid a probable memory leak.
10월 12, 2014 1:59:04 오전 org.apache.catalina.loader.WebappClassLoader checkThreadLocalMapForLeaks
심각: The web application [/solr] created a ThreadLocal with key of type [org.apache.solr.schema.DateField.ThreadLocalDateFormat] (value [org.apache.solr.schema.DateField$ThreadLocalDateFormat@5393dffe]) and a value of type [org.apache.solr.schema.DateField.ISO8601CanonicalDateFormat] (value [org.apache.solr.schema.DateField$ISO8601CanonicalDateFormat@6b2ed43a]) but failed to remove it when the web application was stopped. Threads are going to be renewed over time to try and avoid a probable memory leak.
10월 12, 2014 1:59:04 오전 org.apache.catalina.loader.WebappClassLoader checkThreadLocalMapForLeaks
심각: The web application [/solr] created a ThreadLocal with key of type [org.apache.solr.schema.DateField.ThreadLocalDateFormat] (value [org.apache.solr.schema.DateField$ThreadLocalDateFormat@5393dffe]) and a value of type [org.apache.solr.schema.DateField.ISO8601CanonicalDateFormat] (value [org.apache.solr.schema.DateField$ISO8601CanonicalDateFormat@6b2ed43a]) but failed to remove it when the web application was stopped. Threads are going to be renewed over time to try and avoid a probable memory leak.
10월 12, 2014 1:59:04 오전 org.apache.catalina.loader.WebappClassLoader checkThreadLocalMapForLeaks
심각: The web application [/solr] created a ThreadLocal with key of type [org.apache.solr.schema.DateField.ThreadLocalDateFormat] (value [org.apache.solr.schema.DateField$ThreadLocalDateFormat@5393dffe]) and a value of type [org.apache.solr.schema.DateField.ISO8601CanonicalDateFormat] (value [org.apache.solr.schema.DateField$ISO8601CanonicalDateFormat@6b2ed43a]) but failed to remove it when the web application was stopped. Threads are going to be renewed over time to try and avoid a probable memory leak.
10월 12, 2014 1:59:04 오전 org.apache.coyote.AbstractProtocol stop
정보: Stopping ProtocolHandler ["http-apr-8080"]
10월 12, 2014 1:59:05 오전 org.apache.coyote.AbstractProtocol stop
정보: Stopping ProtocolHandler ["ajp-apr-8009"]
10월 12, 2014 1:59:05 오전 org.apache.coyote.AbstractProtocol destroy
정보: Destroying ProtocolHandler ["http-apr-8080"]
10월 12, 2014 1:59:05 오전 org.apache.coyote.AbstractProtocol destroy
정보: Destroying ProtocolHandler ["ajp-apr-8009"]
10월 12, 2014 1:59:07 오전 org.apache.catalina.core.AprLifecycleListener init
정보: Loaded APR based Apache Tomcat Native library 1.1.31 using APR version 1.4.8.
10월 12, 2014 1:59:07 오전 org.apache.catalina.core.AprLifecycleListener init
정보: APR capabilities: IPv6 [true], sendfile [true], accept filters [false], random [true].
10월 12, 2014 1:59:08 오전 org.apache.catalina.core.AprLifecycleListener initializeSSL
정보: OpenSSL successfully initialized (OpenSSL 1.0.1h 5 Jun 2014)
10월 12, 2014 1:59:08 오전 org.apache.coyote.AbstractProtocol init
정보: Initializing ProtocolHandler ["http-apr-8080"]
10월 12, 2014 1:59:08 오전 org.apache.coyote.AbstractProtocol init
정보: Initializing ProtocolHandler ["ajp-apr-8009"]
10월 12, 2014 1:59:08 오전 org.apache.catalina.startup.Catalina load
정보: Initialization processed in 1382 ms
10월 12, 2014 1:59:08 오전 org.apache.catalina.core.StandardService startInternal
정보: Starting service Catalina
10월 12, 2014 1:59:08 오전 org.apache.catalina.core.StandardEngine startInternal
정보: Starting Servlet Engine: Apache Tomcat/7.0.55
10월 12, 2014 1:59:08 오전 org.apache.catalina.startup.HostConfig deployDescriptor
정보: Deploying configuration descriptor C:\project\apache-tomcat-7.0.55\conf\Catalina\localhost\solr.xml
10월 12, 2014 1:59:08 오전 org.apache.catalina.startup.HostConfig deployDescriptor
경고: A docBase C:\project\apache-tomcat-7.0.55\webapps\solr.war inside the host appBase has been specified, and will be ignored
10월 12, 2014 1:59:08 오전 org.apache.catalina.startup.SetContextPropertiesRule begin
경고: [SetContextPropertiesRule]{Context} Setting property 'debug' to '0' did not find a matching property.
10월 12, 2014 1:59:25 오전 org.apache.catalina.startup.HostConfig deployDescriptor
정보: Deployment of configuration descriptor C:\project\apache-tomcat-7.0.55\conf\Catalina\localhost\solr.xml has finished in 17,187 ms
10월 12, 2014 1:59:25 오전 org.apache.catalina.startup.HostConfig deployDirectory
정보: Deploying web application directory C:\project\apache-tomcat-7.0.55\webapps\docs
10월 12, 2014 1:59:26 오전 org.apache.catalina.startup.HostConfig deployDirectory
정보: Deployment of web application directory C:\project\apache-tomcat-7.0.55\webapps\docs has finished in 124 ms
10월 12, 2014 1:59:26 오전 org.apache.catalina.startup.HostConfig deployDirectory
정보: Deploying web application directory C:\project\apache-tomcat-7.0.55\webapps\examples
10월 12, 2014 1:59:26 오전 org.apache.catalina.startup.HostConfig deployDirectory
정보: Deployment of web application directory C:\project\apache-tomcat-7.0.55\webapps\examples has finished in 432 ms
10월 12, 2014 1:59:26 오전 org.apache.catalina.startup.HostConfig deployDirectory
정보: Deploying web application directory C:\project\apache-tomcat-7.0.55\webapps\host-manager
10월 12, 2014 1:59:26 오전 org.apache.catalina.startup.HostConfig deployDirectory
정보: Deployment of web application directory C:\project\apache-tomcat-7.0.55\webapps\host-manager has finished in 79 ms
10월 12, 2014 1:59:26 오전 org.apache.catalina.startup.HostConfig deployDirectory
정보: Deploying web application directory C:\project\apache-tomcat-7.0.55\webapps\manager
10월 12, 2014 1:59:26 오전 org.apache.catalina.startup.HostConfig deployDirectory
정보: Deployment of web application directory C:\project\apache-tomcat-7.0.55\webapps\manager has finished in 86 ms
10월 12, 2014 1:59:26 오전 org.apache.catalina.startup.HostConfig deployDirectory
정보: Deploying web application directory C:\project\apache-tomcat-7.0.55\webapps\ROOT
10월 12, 2014 1:59:26 오전 org.apache.catalina.startup.HostConfig deployDirectory
정보: Deployment of web application directory C:\project\apache-tomcat-7.0.55\webapps\ROOT has finished in 55 ms
10월 12, 2014 1:59:26 오전 org.apache.coyote.AbstractProtocol start
정보: Starting ProtocolHandler ["http-apr-8080"]
10월 12, 2014 1:59:26 오전 org.apache.coyote.AbstractProtocol start
정보: Starting ProtocolHandler ["ajp-apr-8009"]
10월 12, 2014 1:59:26 오전 org.apache.catalina.startup.Catalina start
정보: Server startup in 18048 ms
10월 12, 2014 2:00:13 오전 org.apache.catalina.core.StandardServer await
정보: A valid shutdown command was received via the shutdown port. Stopping the Server instance.
10월 12, 2014 2:00:13 오전 org.apache.coyote.AbstractProtocol pause
정보: Pausing ProtocolHandler ["http-apr-8080"]
10월 12, 2014 2:00:13 오전 org.apache.coyote.AbstractProtocol pause
정보: Pausing ProtocolHandler ["ajp-apr-8009"]
10월 12, 2014 2:00:13 오전 org.apache.catalina.core.StandardService stopInternal
정보: Stopping service Catalina
10월 12, 2014 2:00:14 오전 org.apache.catalina.loader.WebappClassLoader checkThreadLocalMapForLeaks
심각: The web application [/solr] created a ThreadLocal with key of type [org.apache.solr.schema.DateField.ThreadLocalDateFormat] (value [org.apache.solr.schema.DateField$ThreadLocalDateFormat@1b5527e5]) and a value of type [org.apache.solr.schema.DateField.ISO8601CanonicalDateFormat] (value [org.apache.solr.schema.DateField$ISO8601CanonicalDateFormat@6b2ed43a]) but failed to remove it when the web application was stopped. Threads are going to be renewed over time to try and avoid a probable memory leak.
10월 12, 2014 2:00:14 오전 org.apache.catalina.loader.WebappClassLoader checkThreadLocalMapForLeaks
심각: The web application [/solr] created a ThreadLocal with key of type [org.apache.solr.schema.DateField.ThreadLocalDateFormat] (value [org.apache.solr.schema.DateField$ThreadLocalDateFormat@1b5527e5]) and a value of type [org.apache.solr.schema.DateField.ISO8601CanonicalDateFormat] (value [org.apache.solr.schema.DateField$ISO8601CanonicalDateFormat@6b2ed43a]) but failed to remove it when the web application was stopped. Threads are going to be renewed over time to try and avoid a probable memory leak.
10월 12, 2014 2:00:14 오전 org.apache.coyote.AbstractProtocol stop
정보: Stopping ProtocolHandler ["http-apr-8080"]
10월 12, 2014 2:00:14 오전 org.apache.coyote.AbstractProtocol stop
정보: Stopping ProtocolHandler ["ajp-apr-8009"]
10월 12, 2014 2:00:14 오전 org.apache.coyote.AbstractProtocol destroy
정보: Destroying ProtocolHandler ["http-apr-8080"]
10월 12, 2014 2:00:14 오전 org.apache.coyote.AbstractProtocol destroy
정보: Destroying ProtocolHandler ["ajp-apr-8009"]
10월 12, 2014 2:04:36 오전 org.apache.catalina.core.AprLifecycleListener init
정보: Loaded APR based Apache Tomcat Native library 1.1.31 using APR version 1.4.8.
10월 12, 2014 2:04:36 오전 org.apache.catalina.core.AprLifecycleListener init
정보: APR capabilities: IPv6 [true], sendfile [true], accept filters [false], random [true].
10월 12, 2014 2:04:37 오전 org.apache.catalina.core.AprLifecycleListener initializeSSL
정보: OpenSSL successfully initialized (OpenSSL 1.0.1h 5 Jun 2014)
10월 12, 2014 2:04:37 오전 org.apache.coyote.AbstractProtocol init
정보: Initializing ProtocolHandler ["http-apr-8080"]
10월 12, 2014 2:04:37 오전 org.apache.coyote.AbstractProtocol init
정보: Initializing ProtocolHandler ["ajp-apr-8009"]
10월 12, 2014 2:04:37 오전 org.apache.catalina.startup.Catalina load
정보: Initialization processed in 1904 ms
10월 12, 2014 2:04:37 오전 org.apache.catalina.core.StandardService startInternal
정보: Starting service Catalina
10월 12, 2014 2:04:37 오전 org.apache.catalina.core.StandardEngine startInternal
정보: Starting Servlet Engine: Apache Tomcat/7.0.55
10월 12, 2014 2:04:37 오전 org.apache.catalina.startup.HostConfig deployDescriptor
정보: Deploying configuration descriptor C:\project\apache-tomcat-7.0.55\conf\Catalina\localhost\solr.xml
10월 12, 2014 2:04:37 오전 org.apache.catalina.startup.HostConfig deployDescriptor
경고: A docBase C:\project\apache-tomcat-7.0.55\webapps\solr.war inside the host appBase has been specified, and will be ignored
10월 12, 2014 2:04:37 오전 org.apache.catalina.startup.SetContextPropertiesRule begin
경고: [SetContextPropertiesRule]{Context} Setting property 'debug' to '0' did not find a matching property.
10월 12, 2014 2:04:57 오전 org.apache.catalina.startup.HostConfig deployDescriptor
정보: Deployment of configuration descriptor C:\project\apache-tomcat-7.0.55\conf\Catalina\localhost\solr.xml has finished in 20,165 ms
10월 12, 2014 2:04:57 오전 org.apache.catalina.startup.HostConfig deployDirectory
정보: Deploying web application directory C:\project\apache-tomcat-7.0.55\webapps\docs
10월 12, 2014 2:04:58 오전 org.apache.catalina.startup.HostConfig deployDirectory
정보: Deployment of web application directory C:\project\apache-tomcat-7.0.55\webapps\docs has finished in 92 ms
10월 12, 2014 2:04:58 오전 org.apache.catalina.startup.HostConfig deployDirectory
정보: Deploying web application directory C:\project\apache-tomcat-7.0.55\webapps\examples
10월 12, 2014 2:04:58 오전 org.apache.catalina.startup.HostConfig deployDirectory
정보: Deployment of web application directory C:\project\apache-tomcat-7.0.55\webapps\examples has finished in 577 ms
10월 12, 2014 2:04:58 오전 org.apache.catalina.startup.HostConfig deployDirectory
정보: Deploying web application directory C:\project\apache-tomcat-7.0.55\webapps\host-manager
10월 12, 2014 2:04:58 오전 org.apache.catalina.startup.HostConfig deployDirectory
정보: Deployment of web application directory C:\project\apache-tomcat-7.0.55\webapps\host-manager has finished in 110 ms
10월 12, 2014 2:04:58 오전 org.apache.catalina.startup.HostConfig deployDirectory
정보: Deploying web application directory C:\project\apache-tomcat-7.0.55\webapps\manager
10월 12, 2014 2:04:58 오전 org.apache.catalina.startup.HostConfig deployDirectory
정보: Deployment of web application directory C:\project\apache-tomcat-7.0.55\webapps\manager has finished in 110 ms
10월 12, 2014 2:04:58 오전 org.apache.catalina.startup.HostConfig deployDirectory
정보: Deploying web application directory C:\project\apache-tomcat-7.0.55\webapps\ROOT
10월 12, 2014 2:04:58 오전 org.apache.catalina.startup.HostConfig deployDirectory
정보: Deployment of web application directory C:\project\apache-tomcat-7.0.55\webapps\ROOT has finished in 82 ms
10월 12, 2014 2:04:58 오전 org.apache.coyote.AbstractProtocol start
정보: Starting ProtocolHandler ["http-apr-8080"]
10월 12, 2014 2:04:58 오전 org.apache.coyote.AbstractProtocol start
정보: Starting ProtocolHandler ["ajp-apr-8009"]
10월 12, 2014 2:04:58 오전 org.apache.catalina.startup.Catalina start
정보: Server startup in 21257 ms
10월 12, 2014 2:26:05 오전 org.apache.catalina.core.StandardServer await
정보: A valid shutdown command was received via the shutdown port. Stopping the Server instance.
10월 12, 2014 2:26:05 오전 org.apache.coyote.AbstractProtocol pause
정보: Pausing ProtocolHandler ["http-apr-8080"]
10월 12, 2014 2:26:05 오전 org.apache.coyote.AbstractProtocol pause
정보: Pausing ProtocolHandler ["ajp-apr-8009"]
10월 12, 2014 2:26:05 오전 org.apache.catalina.core.StandardService stopInternal
정보: Stopping service Catalina
10월 12, 2014 2:26:06 오전 org.apache.catalina.loader.WebappClassLoader checkThreadLocalMapForLeaks
심각: The web application [/solr] created a ThreadLocal with key of type [org.apache.solr.schema.DateField.ThreadLocalDateFormat] (value [org.apache.solr.schema.DateField$ThreadLocalDateFormat@6b7c05e8]) and a value of type [org.apache.solr.schema.DateField.ISO8601CanonicalDateFormat] (value [org.apache.solr.schema.DateField$ISO8601CanonicalDateFormat@6b2ed43a]) but failed to remove it when the web application was stopped. Threads are going to be renewed over time to try and avoid a probable memory leak.
10월 12, 2014 2:26:06 오전 org.apache.catalina.loader.WebappClassLoader checkThreadLocalMapForLeaks
심각: The web application [/solr] created a ThreadLocal with key of type [org.apache.solr.schema.DateField.ThreadLocalDateFormat] (value [org.apache.solr.schema.DateField$ThreadLocalDateFormat@6b7c05e8]) and a value of type [org.apache.solr.schema.DateField.ISO8601CanonicalDateFormat] (value [org.apache.solr.schema.DateField$ISO8601CanonicalDateFormat@6b2ed43a]) but failed to remove it when the web application was stopped. Threads are going to be renewed over time to try and avoid a probable memory leak.
10월 12, 2014 2:26:06 오전 org.apache.catalina.loader.WebappClassLoader checkThreadLocalMapForLeaks
심각: The web application [/solr] created a ThreadLocal with key of type [org.apache.solr.schema.DateField.ThreadLocalDateFormat] (value [org.apache.solr.schema.DateField$ThreadLocalDateFormat@6b7c05e8]) and a value of type [org.apache.solr.schema.DateField.ISO8601CanonicalDateFormat] (value [org.apache.solr.schema.DateField$ISO8601CanonicalDateFormat@6b2ed43a]) but failed to remove it when the web application was stopped. Threads are going to be renewed over time to try and avoid a probable memory leak.
10월 12, 2014 2:26:06 오전 org.apache.catalina.loader.WebappClassLoader checkThreadLocalMapForLeaks
심각: The web application [/solr] created a ThreadLocal with key of type [org.apache.solr.schema.DateField.ThreadLocalDateFormat] (value [org.apache.solr.schema.DateField$ThreadLocalDateFormat@6b7c05e8]) and a value of type [org.apache.solr.schema.DateField.ISO8601CanonicalDateFormat] (value [org.apache.solr.schema.DateField$ISO8601CanonicalDateFormat@6b2ed43a]) but failed to remove it when the web application was stopped. Threads are going to be renewed over time to try and avoid a probable memory leak.
10월 12, 2014 2:26:06 오전 org.apache.catalina.loader.WebappClassLoader checkThreadLocalMapForLeaks
심각: The web application [/solr] created a ThreadLocal with key of type [org.apache.solr.schema.DateField.ThreadLocalDateFormat] (value [org.apache.solr.schema.DateField$ThreadLocalDateFormat@6b7c05e8]) and a value of type [org.apache.solr.schema.DateField.ISO8601CanonicalDateFormat] (value [org.apache.solr.schema.DateField$ISO8601CanonicalDateFormat@6b2ed43a]) but failed to remove it when the web application was stopped. Threads are going to be renewed over time to try and avoid a probable memory leak.
10월 12, 2014 2:26:06 오전 org.apache.catalina.loader.WebappClassLoader checkThreadLocalMapForLeaks
심각: The web application [/solr] created a ThreadLocal with key of type [org.apache.solr.schema.DateField.ThreadLocalDateFormat] (value [org.apache.solr.schema.DateField$ThreadLocalDateFormat@6b7c05e8]) and a value of type [org.apache.solr.schema.DateField.ISO8601CanonicalDateFormat] (value [org.apache.solr.schema.DateField$ISO8601CanonicalDateFormat@6b2ed43a]) but failed to remove it when the web application was stopped. Threads are going to be renewed over time to try and avoid a probable memory leak.
10월 12, 2014 2:26:06 오전 org.apache.catalina.loader.WebappClassLoader checkThreadLocalMapForLeaks
심각: The web application [/solr] created a ThreadLocal with key of type [org.apache.solr.schema.DateField.ThreadLocalDateFormat] (value [org.apache.solr.schema.DateField$ThreadLocalDateFormat@6b7c05e8]) and a value of type [org.apache.solr.schema.DateField.ISO8601CanonicalDateFormat] (value [org.apache.solr.schema.DateField$ISO8601CanonicalDateFormat@6b2ed43a]) but failed to remove it when the web application was stopped. Threads are going to be renewed over time to try and avoid a probable memory leak.
10월 12, 2014 2:26:06 오전 org.apache.catalina.loader.WebappClassLoader checkThreadLocalMapForLeaks
심각: The web application [/solr] created a ThreadLocal with key of type [org.apache.solr.schema.DateField.ThreadLocalDateFormat] (value [org.apache.solr.schema.DateField$ThreadLocalDateFormat@6b7c05e8]) and a value of type [org.apache.solr.schema.DateField.ISO8601CanonicalDateFormat] (value [org.apache.solr.schema.DateField$ISO8601CanonicalDateFormat@6b2ed43a]) but failed to remove it when the web application was stopped. Threads are going to be renewed over time to try and avoid a probable memory leak.
10월 12, 2014 2:26:06 오전 org.apache.catalina.loader.WebappClassLoader checkThreadLocalMapForLeaks
심각: The web application [/solr] created a ThreadLocal with key of type [org.apache.solr.schema.DateField.ThreadLocalDateFormat] (value [org.apache.solr.schema.DateField$ThreadLocalDateFormat@6b7c05e8]) and a value of type [org.apache.solr.schema.DateField.ISO8601CanonicalDateFormat] (value [org.apache.solr.schema.DateField$ISO8601CanonicalDateFormat@6b2ed43a]) but failed to remove it when the web application was stopped. Threads are going to be renewed over time to try and avoid a probable memory leak.
10월 12, 2014 2:26:06 오전 org.apache.catalina.loader.WebappClassLoader checkThreadLocalMapForLeaks
심각: The web application [/solr] created a ThreadLocal with key of type [org.apache.solr.schema.DateField.ThreadLocalDateFormat] (value [org.apache.solr.schema.DateField$ThreadLocalDateFormat@6b7c05e8]) and a value of type [org.apache.solr.schema.DateField.ISO8601CanonicalDateFormat] (value [org.apache.solr.schema.DateField$ISO8601CanonicalDateFormat@6b2ed43a]) but failed to remove it when the web application was stopped. Threads are going to be renewed over time to try and avoid a probable memory leak.
10월 12, 2014 2:26:06 오전 org.apache.coyote.AbstractProtocol stop
정보: Stopping ProtocolHandler ["http-apr-8080"]
10월 12, 2014 2:26:06 오전 org.apache.coyote.AbstractProtocol stop
정보: Stopping ProtocolHandler ["ajp-apr-8009"]
10월 12, 2014 2:26:06 오전 org.apache.coyote.AbstractProtocol destroy
정보: Destroying ProtocolHandler ["http-apr-8080"]
10월 12, 2014 2:26:06 오전 org.apache.coyote.AbstractProtocol destroy
정보: Destroying ProtocolHandler ["ajp-apr-8009"]
10월 12, 2014 2:26:08 오전 org.apache.catalina.core.AprLifecycleListener init
정보: Loaded APR based Apache Tomcat Native library 1.1.31 using APR version 1.4.8.
10월 12, 2014 2:26:08 오전 org.apache.catalina.core.AprLifecycleListener init
정보: APR capabilities: IPv6 [true], sendfile [true], accept filters [false], random [true].
10월 12, 2014 2:26:09 오전 org.apache.catalina.core.AprLifecycleListener initializeSSL
정보: OpenSSL successfully initialized (OpenSSL 1.0.1h 5 Jun 2014)
10월 12, 2014 2:26:09 오전 org.apache.coyote.AbstractProtocol init
정보: Initializing ProtocolHandler ["http-apr-8080"]
10월 12, 2014 2:26:09 오전 org.apache.coyote.AbstractProtocol init
정보: Initializing ProtocolHandler ["ajp-apr-8009"]
10월 12, 2014 2:26:09 오전 org.apache.catalina.startup.Catalina load
정보: Initialization processed in 1447 ms
10월 12, 2014 2:26:09 오전 org.apache.catalina.core.StandardService startInternal
정보: Starting service Catalina
10월 12, 2014 2:26:09 오전 org.apache.catalina.core.StandardEngine startInternal
정보: Starting Servlet Engine: Apache Tomcat/7.0.55
10월 12, 2014 2:26:09 오전 org.apache.catalina.startup.HostConfig deployDescriptor
정보: Deploying configuration descriptor C:\project\apache-tomcat-7.0.55\conf\Catalina\localhost\solr.xml
10월 12, 2014 2:26:09 오전 org.apache.catalina.startup.HostConfig deployDescriptor
경고: A docBase C:\project\apache-tomcat-7.0.55\webapps\solr.war inside the host appBase has been specified, and will be ignored
10월 12, 2014 2:26:09 오전 org.apache.catalina.startup.SetContextPropertiesRule begin
경고: [SetContextPropertiesRule]{Context} Setting property 'debug' to '0' did not find a matching property.
10월 12, 2014 2:26:27 오전 org.apache.catalina.startup.HostConfig deployDescriptor
정보: Deployment of configuration descriptor C:\project\apache-tomcat-7.0.55\conf\Catalina\localhost\solr.xml has finished in 17,820 ms
10월 12, 2014 2:26:27 오전 org.apache.catalina.startup.HostConfig deployDirectory
정보: Deploying web application directory C:\project\apache-tomcat-7.0.55\webapps\docs
10월 12, 2014 2:26:27 오전 org.apache.catalina.startup.HostConfig deployDirectory
정보: Deployment of web application directory C:\project\apache-tomcat-7.0.55\webapps\docs has finished in 67 ms
10월 12, 2014 2:26:27 오전 org.apache.catalina.startup.HostConfig deployDirectory
정보: Deploying web application directory C:\project\apache-tomcat-7.0.55\webapps\examples
10월 12, 2014 2:26:28 오전 org.apache.catalina.startup.HostConfig deployDirectory
정보: Deployment of web application directory C:\project\apache-tomcat-7.0.55\webapps\examples has finished in 487 ms
10월 12, 2014 2:26:28 오전 org.apache.catalina.startup.HostConfig deployDirectory
정보: Deploying web application directory C:\project\apache-tomcat-7.0.55\webapps\host-manager
10월 12, 2014 2:26:28 오전 org.apache.catalina.startup.HostConfig deployDirectory
정보: Deployment of web application directory C:\project\apache-tomcat-7.0.55\webapps\host-manager has finished in 86 ms
10월 12, 2014 2:26:28 오전 org.apache.catalina.startup.HostConfig deployDirectory
정보: Deploying web application directory C:\project\apache-tomcat-7.0.55\webapps\manager
10월 12, 2014 2:26:28 오전 org.apache.catalina.startup.HostConfig deployDirectory
정보: Deployment of web application directory C:\project\apache-tomcat-7.0.55\webapps\manager has finished in 80 ms
10월 12, 2014 2:26:28 오전 org.apache.catalina.startup.HostConfig deployDirectory
정보: Deploying web application directory C:\project\apache-tomcat-7.0.55\webapps\ROOT
10월 12, 2014 2:26:28 오전 org.apache.catalina.startup.HostConfig deployDirectory
정보: Deployment of web application directory C:\project\apache-tomcat-7.0.55\webapps\ROOT has finished in 58 ms
10월 12, 2014 2:26:28 오전 org.apache.coyote.AbstractProtocol start
정보: Starting ProtocolHandler ["http-apr-8080"]
10월 12, 2014 2:26:28 오전 org.apache.coyote.AbstractProtocol start
정보: Starting ProtocolHandler ["ajp-apr-8009"]
10월 12, 2014 2:26:28 오전 org.apache.catalina.startup.Catalina start
정보: Server startup in 18682 ms
10월 12, 2014 2:29:12 오전 org.apache.catalina.core.StandardServer await
정보: A valid shutdown command was received via the shutdown port. Stopping the Server instance.
10월 12, 2014 2:29:12 오전 org.apache.coyote.AbstractProtocol pause
정보: Pausing ProtocolHandler ["http-apr-8080"]
10월 12, 2014 2:29:12 오전 org.apache.coyote.AbstractProtocol pause
정보: Pausing ProtocolHandler ["ajp-apr-8009"]
10월 12, 2014 2:29:12 오전 org.apache.catalina.core.StandardService stopInternal
정보: Stopping service Catalina
10월 12, 2014 2:29:12 오전 org.apache.catalina.loader.WebappClassLoader checkThreadLocalMapForLeaks
심각: The web application [/solr] created a ThreadLocal with key of type [org.apache.solr.schema.DateField.ThreadLocalDateFormat] (value [org.apache.solr.schema.DateField$ThreadLocalDateFormat@75a99ad5]) and a value of type [org.apache.solr.schema.DateField.ISO8601CanonicalDateFormat] (value [org.apache.solr.schema.DateField$ISO8601CanonicalDateFormat@6b2ed43a]) but failed to remove it when the web application was stopped. Threads are going to be renewed over time to try and avoid a probable memory leak.
10월 12, 2014 2:29:12 오전 org.apache.catalina.loader.WebappClassLoader checkThreadLocalMapForLeaks
심각: The web application [/solr] created a ThreadLocal with key of type [org.apache.solr.schema.DateField.ThreadLocalDateFormat] (value [org.apache.solr.schema.DateField$ThreadLocalDateFormat@75a99ad5]) and a value of type [org.apache.solr.schema.DateField.ISO8601CanonicalDateFormat] (value [org.apache.solr.schema.DateField$ISO8601CanonicalDateFormat@6b2ed43a]) but failed to remove it when the web application was stopped. Threads are going to be renewed over time to try and avoid a probable memory leak.
10월 12, 2014 2:29:12 오전 org.apache.catalina.loader.WebappClassLoader checkThreadLocalMapForLeaks
심각: The web application [/solr] created a ThreadLocal with key of type [org.apache.solr.schema.DateField.ThreadLocalDateFormat] (value [org.apache.solr.schema.DateField$ThreadLocalDateFormat@75a99ad5]) and a value of type [org.apache.solr.schema.DateField.ISO8601CanonicalDateFormat] (value [org.apache.solr.schema.DateField$ISO8601CanonicalDateFormat@6b2ed43a]) but failed to remove it when the web application was stopped. Threads are going to be renewed over time to try and avoid a probable memory leak.
10월 12, 2014 2:29:12 오전 org.apache.catalina.loader.WebappClassLoader checkThreadLocalMapForLeaks
심각: The web application [/solr] created a ThreadLocal with key of type [org.apache.solr.schema.DateField.ThreadLocalDateFormat] (value [org.apache.solr.schema.DateField$ThreadLocalDateFormat@75a99ad5]) and a value of type [org.apache.solr.schema.DateField.ISO8601CanonicalDateFormat] (value [org.apache.solr.schema.DateField$ISO8601CanonicalDateFormat@6b2ed43a]) but failed to remove it when the web application was stopped. Threads are going to be renewed over time to try and avoid a probable memory leak.
10월 12, 2014 2:29:12 오전 org.apache.catalina.loader.WebappClassLoader checkThreadLocalMapForLeaks
심각: The web application [/solr] created a ThreadLocal with key of type [org.apache.solr.schema.DateField.ThreadLocalDateFormat] (value [org.apache.solr.schema.DateField$ThreadLocalDateFormat@75a99ad5]) and a value of type [org.apache.solr.schema.DateField.ISO8601CanonicalDateFormat] (value [org.apache.solr.schema.DateField$ISO8601CanonicalDateFormat@6b2ed43a]) but failed to remove it when the web application was stopped. Threads are going to be renewed over time to try and avoid a probable memory leak.
10월 12, 2014 2:29:12 오전 org.apache.catalina.loader.WebappClassLoader checkThreadLocalMapForLeaks
심각: The web application [/solr] created a ThreadLocal with key of type [org.apache.solr.schema.DateField.ThreadLocalDateFormat] (value [org.apache.solr.schema.DateField$ThreadLocalDateFormat@75a99ad5]) and a value of type [org.apache.solr.schema.DateField.ISO8601CanonicalDateFormat] (value [org.apache.solr.schema.DateField$ISO8601CanonicalDateFormat@6b2ed43a]) but failed to remove it when the web application was stopped. Threads are going to be renewed over time to try and avoid a probable memory leak.
10월 12, 2014 2:29:12 오전 org.apache.catalina.loader.WebappClassLoader checkThreadLocalMapForLeaks
심각: The web application [/solr] created a ThreadLocal with key of type [org.apache.solr.schema.DateField.ThreadLocalDateFormat] (value [org.apache.solr.schema.DateField$ThreadLocalDateFormat@75a99ad5]) and a value of type [org.apache.solr.schema.DateField.ISO8601CanonicalDateFormat] (value [org.apache.solr.schema.DateField$ISO8601CanonicalDateFormat@6b2ed43a]) but failed to remove it when the web application was stopped. Threads are going to be renewed over time to try and avoid a probable memory leak.
10월 12, 2014 2:29:12 오전 org.apache.catalina.loader.WebappClassLoader checkThreadLocalMapForLeaks
심각: The web application [/solr] created a ThreadLocal with key of type [org.apache.solr.schema.DateField.ThreadLocalDateFormat] (value [org.apache.solr.schema.DateField$ThreadLocalDateFormat@75a99ad5]) and a value of type [org.apache.solr.schema.DateField.ISO8601CanonicalDateFormat] (value [org.apache.solr.schema.DateField$ISO8601CanonicalDateFormat@6b2ed43a]) but failed to remove it when the web application was stopped. Threads are going to be renewed over time to try and avoid a probable memory leak.
10월 12, 2014 2:29:12 오전 org.apache.coyote.AbstractProtocol stop
정보: Stopping ProtocolHandler ["http-apr-8080"]
10월 12, 2014 2:29:12 오전 org.apache.coyote.AbstractProtocol stop
정보: Stopping ProtocolHandler ["ajp-apr-8009"]
10월 12, 2014 2:29:12 오전 org.apache.coyote.AbstractProtocol destroy
정보: Destroying ProtocolHandler ["http-apr-8080"]
10월 12, 2014 2:29:12 오전 org.apache.coyote.AbstractProtocol destroy
정보: Destroying ProtocolHandler ["ajp-apr-8009"]
10월 12, 2014 5:04:42 오후 org.apache.catalina.core.AprLifecycleListener init
정보: Loaded APR based Apache Tomcat Native library 1.1.31 using APR version 1.4.8.
10월 12, 2014 5:04:42 오후 org.apache.catalina.core.AprLifecycleListener init
정보: APR capabilities: IPv6 [true], sendfile [true], accept filters [false], random [true].
10월 12, 2014 5:04:44 오후 org.apache.catalina.core.AprLifecycleListener initializeSSL
정보: OpenSSL successfully initialized (OpenSSL 1.0.1h 5 Jun 2014)
10월 12, 2014 5:04:45 오후 org.apache.coyote.AbstractProtocol init
정보: Initializing ProtocolHandler ["http-apr-8080"]
10월 12, 2014 5:04:45 오후 org.apache.coyote.AbstractProtocol init
정보: Initializing ProtocolHandler ["ajp-apr-8009"]
10월 12, 2014 5:04:45 오후 org.apache.catalina.startup.Catalina load
정보: Initialization processed in 4923 ms
10월 12, 2014 5:04:45 오후 org.apache.catalina.core.StandardService startInternal
정보: Starting service Catalina
10월 12, 2014 5:04:45 오후 org.apache.catalina.core.StandardEngine startInternal
정보: Starting Servlet Engine: Apache Tomcat/7.0.55
10월 12, 2014 5:04:45 오후 org.apache.catalina.startup.HostConfig deployDescriptor
정보: Deploying configuration descriptor C:\project\apache-tomcat-7.0.55\conf\Catalina\localhost\solr.xml
10월 12, 2014 5:04:46 오후 org.apache.catalina.startup.HostConfig deployDescriptor
경고: A docBase C:\project\apache-tomcat-7.0.55\webapps\solr.war inside the host appBase has been specified, and will be ignored
10월 12, 2014 5:04:46 오후 org.apache.catalina.startup.SetContextPropertiesRule begin
경고: [SetContextPropertiesRule]{Context} Setting property 'debug' to '0' did not find a matching property.
10월 12, 2014 5:05:32 오후 org.apache.catalina.startup.HostConfig deployDescriptor
정보: Deployment of configuration descriptor C:\project\apache-tomcat-7.0.55\conf\Catalina\localhost\solr.xml has finished in 46,227 ms
10월 12, 2014 5:05:32 오후 org.apache.catalina.startup.HostConfig deployDirectory
정보: Deploying web application directory C:\project\apache-tomcat-7.0.55\webapps\docs
10월 12, 2014 5:05:32 오후 org.apache.catalina.startup.HostConfig deployDirectory
정보: Deployment of web application directory C:\project\apache-tomcat-7.0.55\webapps\docs has finished in 346 ms
10월 12, 2014 5:05:32 오후 org.apache.catalina.startup.HostConfig deployDirectory
정보: Deploying web application directory C:\project\apache-tomcat-7.0.55\webapps\examples
10월 12, 2014 5:05:35 오후 org.apache.catalina.startup.HostConfig deployDirectory
정보: Deployment of web application directory C:\project\apache-tomcat-7.0.55\webapps\examples has finished in 2,730 ms
10월 12, 2014 5:05:35 오후 org.apache.catalina.startup.HostConfig deployDirectory
정보: Deploying web application directory C:\project\apache-tomcat-7.0.55\webapps\host-manager
10월 12, 2014 5:05:35 오후 org.apache.catalina.startup.HostConfig deployDirectory
정보: Deployment of web application directory C:\project\apache-tomcat-7.0.55\webapps\host-manager has finished in 525 ms
10월 12, 2014 5:05:35 오후 org.apache.catalina.startup.HostConfig deployDirectory
정보: Deploying web application directory C:\project\apache-tomcat-7.0.55\webapps\manager
10월 12, 2014 5:05:36 오후 org.apache.catalina.startup.HostConfig deployDirectory
정보: Deployment of web application directory C:\project\apache-tomcat-7.0.55\webapps\manager has finished in 444 ms
10월 12, 2014 5:05:36 오후 org.apache.catalina.startup.HostConfig deployDirectory
정보: Deploying web application directory C:\project\apache-tomcat-7.0.55\webapps\ROOT
10월 12, 2014 5:05:36 오후 org.apache.catalina.startup.HostConfig deployDirectory
정보: Deployment of web application directory C:\project\apache-tomcat-7.0.55\webapps\ROOT has finished in 371 ms
10월 12, 2014 5:05:36 오후 org.apache.coyote.AbstractProtocol start
정보: Starting ProtocolHandler ["http-apr-8080"]
10월 12, 2014 5:05:36 오후 org.apache.coyote.AbstractProtocol start
정보: Starting ProtocolHandler ["ajp-apr-8009"]
10월 12, 2014 5:05:36 오후 org.apache.catalina.startup.Catalina start
정보: Server startup in 51114 ms
10월 12, 2014 5:37:42 오후 org.apache.catalina.core.StandardServer await
정보: A valid shutdown command was received via the shutdown port. Stopping the Server instance.
10월 12, 2014 5:37:42 오후 org.apache.coyote.AbstractProtocol pause
정보: Pausing ProtocolHandler ["http-apr-8080"]
10월 12, 2014 5:37:42 오후 org.apache.coyote.AbstractProtocol pause
정보: Pausing ProtocolHandler ["ajp-apr-8009"]
10월 12, 2014 5:37:42 오후 org.apache.catalina.core.StandardService stopInternal
정보: Stopping service Catalina
10월 12, 2014 5:37:43 오후 org.apache.catalina.loader.WebappClassLoader checkThreadLocalMapForLeaks
심각: The web application [/solr] created a ThreadLocal with key of type [org.apache.solr.schema.DateField.ThreadLocalDateFormat] (value [org.apache.solr.schema.DateField$ThreadLocalDateFormat@7eab0d73]) and a value of type [org.apache.solr.schema.DateField.ISO8601CanonicalDateFormat] (value [org.apache.solr.schema.DateField$ISO8601CanonicalDateFormat@6b2ed43a]) but failed to remove it when the web application was stopped. Threads are going to be renewed over time to try and avoid a probable memory leak.
10월 12, 2014 5:37:43 오후 org.apache.catalina.loader.WebappClassLoader checkThreadLocalMapForLeaks
심각: The web application [/solr] created a ThreadLocal with key of type [org.apache.solr.schema.DateField.ThreadLocalDateFormat] (value [org.apache.solr.schema.DateField$ThreadLocalDateFormat@7eab0d73]) and a value of type [org.apache.solr.schema.DateField.ISO8601CanonicalDateFormat] (value [org.apache.solr.schema.DateField$ISO8601CanonicalDateFormat@6b2ed43a]) but failed to remove it when the web application was stopped. Threads are going to be renewed over time to try and avoid a probable memory leak.
10월 12, 2014 5:37:43 오후 org.apache.catalina.loader.WebappClassLoader checkThreadLocalMapForLeaks
심각: The web application [/solr] created a ThreadLocal with key of type [org.apache.solr.schema.DateField.ThreadLocalDateFormat] (value [org.apache.solr.schema.DateField$ThreadLocalDateFormat@7eab0d73]) and a value of type [org.apache.solr.schema.DateField.ISO8601CanonicalDateFormat] (value [org.apache.solr.schema.DateField$ISO8601CanonicalDateFormat@6b2ed43a]) but failed to remove it when the web application was stopped. Threads are going to be renewed over time to try and avoid a probable memory leak.
10월 12, 2014 5:37:43 오후 org.apache.catalina.loader.WebappClassLoader checkThreadLocalMapForLeaks
심각: The web application [/solr] created a ThreadLocal with key of type [org.apache.solr.schema.DateField.ThreadLocalDateFormat] (value [org.apache.solr.schema.DateField$ThreadLocalDateFormat@7eab0d73]) and a value of type [org.apache.solr.schema.DateField.ISO8601CanonicalDateFormat] (value [org.apache.solr.schema.DateField$ISO8601CanonicalDateFormat@6b2ed43a]) but failed to remove it when the web application was stopped. Threads are going to be renewed over time to try and avoid a probable memory leak.
10월 12, 2014 5:37:43 오후 org.apache.catalina.loader.WebappClassLoader checkThreadLocalMapForLeaks
심각: The web application [/solr] created a ThreadLocal with key of type [org.apache.solr.schema.DateField.ThreadLocalDateFormat] (value [org.apache.solr.schema.DateField$ThreadLocalDateFormat@7eab0d73]) and a value of type [org.apache.solr.schema.DateField.ISO8601CanonicalDateFormat] (value [org.apache.solr.schema.DateField$ISO8601CanonicalDateFormat@6b2ed43a]) but failed to remove it when the web application was stopped. Threads are going to be renewed over time to try and avoid a probable memory leak.
10월 12, 2014 5:37:43 오후 org.apache.catalina.loader.WebappClassLoader checkThreadLocalMapForLeaks
심각: The web application [/solr] created a ThreadLocal with key of type [org.apache.solr.schema.DateField.ThreadLocalDateFormat] (value [org.apache.solr.schema.DateField$ThreadLocalDateFormat@7eab0d73]) and a value of type [org.apache.solr.schema.DateField.ISO8601CanonicalDateFormat] (value [org.apache.solr.schema.DateField$ISO8601CanonicalDateFormat@6b2ed43a]) but failed to remove it when the web application was stopped. Threads are going to be renewed over time to try and avoid a probable memory leak.
10월 12, 2014 5:37:43 오후 org.apache.catalina.loader.WebappClassLoader checkThreadLocalMapForLeaks
심각: The web application [/solr] created a ThreadLocal with key of type [org.apache.solr.schema.DateField.ThreadLocalDateFormat] (value [org.apache.solr.schema.DateField$ThreadLocalDateFormat@7eab0d73]) and a value of type [org.apache.solr.schema.DateField.ISO8601CanonicalDateFormat] (value [org.apache.solr.schema.DateField$ISO8601CanonicalDateFormat@6b2ed43a]) but failed to remove it when the web application was stopped. Threads are going to be renewed over time to try and avoid a probable memory leak.
10월 12, 2014 5:37:43 오후 org.apache.catalina.loader.WebappClassLoader checkThreadLocalMapForLeaks
심각: The web application [/solr] created a ThreadLocal with key of type [org.apache.solr.schema.DateField.ThreadLocalDateFormat] (value [org.apache.solr.schema.DateField$ThreadLocalDateFormat@7eab0d73]) and a value of type [org.apache.solr.schema.DateField.ISO8601CanonicalDateFormat] (value [org.apache.solr.schema.DateField$ISO8601CanonicalDateFormat@6b2ed43a]) but failed to remove it when the web application was stopped. Threads are going to be renewed over time to try and avoid a probable memory leak.
10월 12, 2014 5:37:43 오후 org.apache.catalina.loader.WebappClassLoader checkThreadLocalMapForLeaks
심각: The web application [/solr] created a ThreadLocal with key of type [org.apache.solr.schema.DateField.ThreadLocalDateFormat] (value [org.apache.solr.schema.DateField$ThreadLocalDateFormat@7eab0d73]) and a value of type [org.apache.solr.schema.DateField.ISO8601CanonicalDateFormat] (value [org.apache.solr.schema.DateField$ISO8601CanonicalDateFormat@6b2ed43a]) but failed to remove it when the web application was stopped. Threads are going to be renewed over time to try and avoid a probable memory leak.
10월 12, 2014 5:37:43 오후 org.apache.catalina.loader.WebappClassLoader checkThreadLocalMapForLeaks
심각: The web application [/solr] created a ThreadLocal with key of type [org.apache.solr.schema.DateField.ThreadLocalDateFormat] (value [org.apache.solr.schema.DateField$ThreadLocalDateFormat@7eab0d73]) and a value of type [org.apache.solr.schema.DateField.ISO8601CanonicalDateFormat] (value [org.apache.solr.schema.DateField$ISO8601CanonicalDateFormat@6b2ed43a]) but failed to remove it when the web application was stopped. Threads are going to be renewed over time to try and avoid a probable memory leak.
10월 12, 2014 5:37:43 오후 org.apache.coyote.AbstractProtocol stop
정보: Stopping ProtocolHandler ["http-apr-8080"]
10월 12, 2014 5:37:43 오후 org.apache.coyote.AbstractProtocol stop
정보: Stopping ProtocolHandler ["ajp-apr-8009"]
10월 12, 2014 5:37:43 오후 org.apache.coyote.AbstractProtocol destroy
정보: Destroying ProtocolHandler ["http-apr-8080"]
10월 12, 2014 5:37:43 오후 org.apache.coyote.AbstractProtocol destroy
정보: Destroying ProtocolHandler ["ajp-apr-8009"]
10월 12, 2014 6:50:44 오후 org.apache.catalina.core.AprLifecycleListener init
정보: Loaded APR based Apache Tomcat Native library 1.1.31 using APR version 1.4.8.
10월 12, 2014 6:50:44 오후 org.apache.catalina.core.AprLifecycleListener init
정보: APR capabilities: IPv6 [true], sendfile [true], accept filters [false], random [true].
10월 12, 2014 6:50:45 오후 org.apache.catalina.core.AprLifecycleListener initializeSSL
정보: OpenSSL successfully initialized (OpenSSL 1.0.1h 5 Jun 2014)
10월 12, 2014 6:50:46 오후 org.apache.coyote.AbstractProtocol init
정보: Initializing ProtocolHandler ["http-apr-8080"]
10월 12, 2014 6:50:46 오후 org.apache.coyote.AbstractProtocol init
정보: Initializing ProtocolHandler ["ajp-apr-8009"]
10월 12, 2014 6:50:46 오후 org.apache.catalina.startup.Catalina load
정보: Initialization processed in 4365 ms
10월 12, 2014 6:50:46 오후 org.apache.catalina.core.StandardService startInternal
정보: Starting service Catalina
10월 12, 2014 6:50:46 오후 org.apache.catalina.core.StandardEngine startInternal
정보: Starting Servlet Engine: Apache Tomcat/7.0.55
10월 12, 2014 6:50:46 오후 org.apache.catalina.startup.HostConfig deployDescriptor
정보: Deploying configuration descriptor C:\project\apache-tomcat-7.0.55\conf\Catalina\localhost\solr.xml
10월 12, 2014 6:50:47 오후 org.apache.catalina.startup.HostConfig deployDescriptor
경고: A docBase C:\project\apache-tomcat-7.0.55\webapps\solr.war inside the host appBase has been specified, and will be ignored
10월 12, 2014 6:50:47 오후 org.apache.catalina.startup.SetContextPropertiesRule begin
경고: [SetContextPropertiesRule]{Context} Setting property 'debug' to '0' did not find a matching property.
10월 12, 2014 6:51:43 오후 org.apache.catalina.startup.HostConfig deployDescriptor
정보: Deployment of configuration descriptor C:\project\apache-tomcat-7.0.55\conf\Catalina\localhost\solr.xml has finished in 56,554 ms
10월 12, 2014 6:51:43 오후 org.apache.catalina.startup.HostConfig deployDirectory
정보: Deploying web application directory C:\project\apache-tomcat-7.0.55\webapps\docs
10월 12, 2014 6:51:43 오후 org.apache.catalina.startup.HostConfig deployDirectory
정보: Deployment of web application directory C:\project\apache-tomcat-7.0.55\webapps\docs has finished in 277 ms
10월 12, 2014 6:51:43 오후 org.apache.catalina.startup.HostConfig deployDirectory
정보: Deploying web application directory C:\project\apache-tomcat-7.0.55\webapps\examples
10월 12, 2014 6:51:45 오후 org.apache.catalina.startup.HostConfig deployDirectory
정보: Deployment of web application directory C:\project\apache-tomcat-7.0.55\webapps\examples has finished in 1,909 ms
10월 12, 2014 6:51:45 오후 org.apache.catalina.startup.HostConfig deployDirectory
정보: Deploying web application directory C:\project\apache-tomcat-7.0.55\webapps\host-manager
10월 12, 2014 6:51:46 오후 org.apache.catalina.startup.HostConfig deployDirectory
정보: Deployment of web application directory C:\project\apache-tomcat-7.0.55\webapps\host-manager has finished in 339 ms
10월 12, 2014 6:51:46 오후 org.apache.catalina.startup.HostConfig deployDirectory
정보: Deploying web application directory C:\project\apache-tomcat-7.0.55\webapps\manager
10월 12, 2014 6:51:46 오후 org.apache.catalina.startup.HostConfig deployDirectory
정보: Deployment of web application directory C:\project\apache-tomcat-7.0.55\webapps\manager has finished in 334 ms
10월 12, 2014 6:51:46 오후 org.apache.catalina.startup.HostConfig deployDirectory
정보: Deploying web application directory C:\project\apache-tomcat-7.0.55\webapps\ROOT
10월 12, 2014 6:51:46 오후 org.apache.catalina.startup.HostConfig deployDirectory
정보: Deployment of web application directory C:\project\apache-tomcat-7.0.55\webapps\ROOT has finished in 180 ms
10월 12, 2014 6:51:46 오후 org.apache.coyote.AbstractProtocol start
정보: Starting ProtocolHandler ["http-apr-8080"]
10월 12, 2014 6:51:46 오후 org.apache.coyote.AbstractProtocol start
정보: Starting ProtocolHandler ["ajp-apr-8009"]
10월 12, 2014 6:51:46 오후 org.apache.catalina.startup.Catalina start
정보: Server startup in 59935 ms
10월 12, 2014 6:52:52 오후 org.apache.catalina.core.StandardServer await
정보: A valid shutdown command was received via the shutdown port. Stopping the Server instance.
10월 12, 2014 6:52:52 오후 org.apache.coyote.AbstractProtocol pause
정보: Pausing ProtocolHandler ["http-apr-8080"]
10월 12, 2014 6:52:52 오후 org.apache.coyote.AbstractProtocol pause
정보: Pausing ProtocolHandler ["ajp-apr-8009"]
10월 12, 2014 6:52:52 오후 org.apache.catalina.core.StandardService stopInternal
정보: Stopping service Catalina
10월 12, 2014 6:52:52 오후 org.apache.catalina.loader.WebappClassLoader checkThreadLocalMapForLeaks
심각: The web application [/solr] created a ThreadLocal with key of type [org.apache.solr.schema.DateField.ThreadLocalDateFormat] (value [org.apache.solr.schema.DateField$ThreadLocalDateFormat@6485700d]) and a value of type [org.apache.solr.schema.DateField.ISO8601CanonicalDateFormat] (value [org.apache.solr.schema.DateField$ISO8601CanonicalDateFormat@6b2ed43a]) but failed to remove it when the web application was stopped. Threads are going to be renewed over time to try and avoid a probable memory leak.
10월 12, 2014 6:52:52 오후 org.apache.catalina.loader.WebappClassLoader checkThreadLocalMapForLeaks
심각: The web application [/solr] created a ThreadLocal with key of type [org.apache.solr.schema.DateField.ThreadLocalDateFormat] (value [org.apache.solr.schema.DateField$ThreadLocalDateFormat@6485700d]) and a value of type [org.apache.solr.schema.DateField.ISO8601CanonicalDateFormat] (value [org.apache.solr.schema.DateField$ISO8601CanonicalDateFormat@6b2ed43a]) but failed to remove it when the web application was stopped. Threads are going to be renewed over time to try and avoid a probable memory leak.
10월 12, 2014 6:52:52 오후 org.apache.catalina.loader.WebappClassLoader checkThreadLocalMapForLeaks
심각: The web application [/solr] created a ThreadLocal with key of type [org.apache.solr.schema.DateField.ThreadLocalDateFormat] (value [org.apache.solr.schema.DateField$ThreadLocalDateFormat@6485700d]) and a value of type [org.apache.solr.schema.DateField.ISO8601CanonicalDateFormat] (value [org.apache.solr.schema.DateField$ISO8601CanonicalDateFormat@6b2ed43a]) but failed to remove it when the web application was stopped. Threads are going to be renewed over time to try and avoid a probable memory leak.
10월 12, 2014 6:52:53 오후 org.apache.coyote.AbstractProtocol stop
정보: Stopping ProtocolHandler ["http-apr-8080"]
10월 12, 2014 6:52:53 오후 org.apache.coyote.AbstractProtocol stop
정보: Stopping ProtocolHandler ["ajp-apr-8009"]
10월 12, 2014 6:52:53 오후 org.apache.coyote.AbstractProtocol destroy
정보: Destroying ProtocolHandler ["http-apr-8080"]
10월 12, 2014 6:52:53 오후 org.apache.coyote.AbstractProtocol destroy
정보: Destroying ProtocolHandler ["ajp-apr-8009"]
