9월 26, 2014 6:30:45 오후 org.apache.catalina.core.AprLifecycleListener init
정보: Loaded APR based Apache Tomcat Native library 1.1.31 using APR version 1.4.8.
9월 26, 2014 6:30:45 오후 org.apache.catalina.core.AprLifecycleListener init
정보: APR capabilities: IPv6 [true], sendfile [true], accept filters [false], random [true].
9월 26, 2014 6:30:46 오후 org.apache.catalina.core.AprLifecycleListener initializeSSL
정보: OpenSSL successfully initialized (OpenSSL 1.0.1h 5 Jun 2014)
9월 26, 2014 6:30:46 오후 org.apache.coyote.AbstractProtocol init
정보: Initializing ProtocolHandler ["http-apr-8080"]
9월 26, 2014 6:30:46 오후 org.apache.coyote.AbstractProtocol init
정보: Initializing ProtocolHandler ["ajp-apr-8009"]
9월 26, 2014 6:30:46 오후 org.apache.catalina.startup.Catalina load
정보: Initialization processed in 1523 ms
9월 26, 2014 6:30:46 오후 org.apache.catalina.core.StandardService startInternal
정보: Starting service Catalina
9월 26, 2014 6:30:46 오후 org.apache.catalina.core.StandardEngine startInternal
정보: Starting Servlet Engine: Apache Tomcat/7.0.55
9월 26, 2014 6:30:46 오후 org.apache.catalina.startup.HostConfig deployDescriptor
정보: Deploying configuration descriptor C:\project\apache-tomcat-7.0.55\conf\Catalina\localhost\solr.xml
9월 26, 2014 6:30:46 오후 org.apache.catalina.startup.HostConfig deployDescriptor
경고: A docBase C:\project\apache-tomcat-7.0.55\webapps\solr.war inside the host appBase has been specified, and will be ignored
9월 26, 2014 6:30:46 오후 org.apache.catalina.startup.SetContextPropertiesRule begin
경고: [SetContextPropertiesRule]{Context} Setting property 'debug' to '0' did not find a matching property.
9월 26, 2014 6:31:04 오후 org.apache.catalina.startup.HostConfig deployDescriptor
정보: Deployment of configuration descriptor C:\project\apache-tomcat-7.0.55\conf\Catalina\localhost\solr.xml has finished in 17,141 ms
9월 26, 2014 6:31:04 오후 org.apache.catalina.startup.HostConfig deployDirectory
정보: Deploying web application directory C:\project\apache-tomcat-7.0.55\webapps\docs
9월 26, 2014 6:31:04 오후 org.apache.catalina.startup.HostConfig deployDirectory
정보: Deployment of web application directory C:\project\apache-tomcat-7.0.55\webapps\docs has finished in 81 ms
9월 26, 2014 6:31:04 오후 org.apache.catalina.startup.HostConfig deployDirectory
정보: Deploying web application directory C:\project\apache-tomcat-7.0.55\webapps\examples
9월 26, 2014 6:31:04 오후 org.apache.catalina.startup.HostConfig deployDirectory
정보: Deployment of web application directory C:\project\apache-tomcat-7.0.55\webapps\examples has finished in 603 ms
9월 26, 2014 6:31:04 오후 org.apache.catalina.startup.HostConfig deployDirectory
정보: Deploying web application directory C:\project\apache-tomcat-7.0.55\webapps\host-manager
9월 26, 2014 6:31:04 오후 org.apache.catalina.startup.HostConfig deployDirectory
정보: Deployment of web application directory C:\project\apache-tomcat-7.0.55\webapps\host-manager has finished in 95 ms
9월 26, 2014 6:31:04 오후 org.apache.catalina.startup.HostConfig deployDirectory
정보: Deploying web application directory C:\project\apache-tomcat-7.0.55\webapps\manager
9월 26, 2014 6:31:04 오후 org.apache.catalina.startup.HostConfig deployDirectory
정보: Deployment of web application directory C:\project\apache-tomcat-7.0.55\webapps\manager has finished in 81 ms
9월 26, 2014 6:31:04 오후 org.apache.catalina.startup.HostConfig deployDirectory
정보: Deploying web application directory C:\project\apache-tomcat-7.0.55\webapps\ROOT
9월 26, 2014 6:31:05 오후 org.apache.catalina.startup.HostConfig deployDirectory
정보: Deployment of web application directory C:\project\apache-tomcat-7.0.55\webapps\ROOT has finished in 66 ms
9월 26, 2014 6:31:05 오후 org.apache.coyote.AbstractProtocol start
정보: Starting ProtocolHandler ["http-apr-8080"]
9월 26, 2014 6:31:05 오후 org.apache.coyote.AbstractProtocol start
정보: Starting ProtocolHandler ["ajp-apr-8009"]
9월 26, 2014 6:31:05 오후 org.apache.catalina.startup.Catalina start
정보: Server startup in 18156 ms
9월 26, 2014 6:31:27 오후 org.apache.catalina.core.StandardServer await
정보: A valid shutdown command was received via the shutdown port. Stopping the Server instance.
9월 26, 2014 6:31:27 오후 org.apache.coyote.AbstractProtocol pause
정보: Pausing ProtocolHandler ["http-apr-8080"]
9월 26, 2014 6:31:27 오후 org.apache.coyote.AbstractProtocol pause
정보: Pausing ProtocolHandler ["ajp-apr-8009"]
9월 26, 2014 6:31:27 오후 org.apache.catalina.core.StandardService stopInternal
정보: Stopping service Catalina
9월 26, 2014 6:31:27 오후 org.apache.catalina.loader.WebappClassLoader checkThreadLocalMapForLeaks
심각: The web application [/solr] created a ThreadLocal with key of type [org.apache.solr.schema.DateField.ThreadLocalDateFormat] (value [org.apache.solr.schema.DateField$ThreadLocalDateFormat@283818af]) and a value of type [org.apache.solr.schema.DateField.ISO8601CanonicalDateFormat] (value [org.apache.solr.schema.DateField$ISO8601CanonicalDateFormat@6b2ed43a]) but failed to remove it when the web application was stopped. Threads are going to be renewed over time to try and avoid a probable memory leak.
9월 26, 2014 6:31:27 오후 org.apache.catalina.loader.WebappClassLoader checkThreadLocalMapForLeaks
심각: The web application [/solr] created a ThreadLocal with key of type [org.apache.solr.schema.DateField.ThreadLocalDateFormat] (value [org.apache.solr.schema.DateField$ThreadLocalDateFormat@283818af]) and a value of type [org.apache.solr.schema.DateField.ISO8601CanonicalDateFormat] (value [org.apache.solr.schema.DateField$ISO8601CanonicalDateFormat@6b2ed43a]) but failed to remove it when the web application was stopped. Threads are going to be renewed over time to try and avoid a probable memory leak.
9월 26, 2014 6:31:27 오후 org.apache.coyote.AbstractProtocol stop
정보: Stopping ProtocolHandler ["http-apr-8080"]
9월 26, 2014 6:31:27 오후 org.apache.coyote.AbstractProtocol stop
정보: Stopping ProtocolHandler ["ajp-apr-8009"]
9월 26, 2014 6:31:27 오후 org.apache.coyote.AbstractProtocol destroy
정보: Destroying ProtocolHandler ["http-apr-8080"]
9월 26, 2014 6:31:27 오후 org.apache.coyote.AbstractProtocol destroy
정보: Destroying ProtocolHandler ["ajp-apr-8009"]
9월 26, 2014 6:50:35 오후 org.apache.catalina.core.AprLifecycleListener init
정보: Loaded APR based Apache Tomcat Native library 1.1.31 using APR version 1.4.8.
9월 26, 2014 6:50:35 오후 org.apache.catalina.core.AprLifecycleListener init
정보: APR capabilities: IPv6 [true], sendfile [true], accept filters [false], random [true].
9월 26, 2014 6:50:36 오후 org.apache.catalina.core.AprLifecycleListener initializeSSL
정보: OpenSSL successfully initialized (OpenSSL 1.0.1h 5 Jun 2014)
9월 26, 2014 6:50:36 오후 org.apache.coyote.AbstractProtocol init
정보: Initializing ProtocolHandler ["http-apr-8080"]
9월 26, 2014 6:50:36 오후 org.apache.coyote.AbstractProtocol init
정보: Initializing ProtocolHandler ["ajp-apr-8009"]
9월 26, 2014 6:50:36 오후 org.apache.catalina.startup.Catalina load
정보: Initialization processed in 1496 ms
9월 26, 2014 6:50:36 오후 org.apache.catalina.core.StandardService startInternal
정보: Starting service Catalina
9월 26, 2014 6:50:36 오후 org.apache.catalina.core.StandardEngine startInternal
정보: Starting Servlet Engine: Apache Tomcat/7.0.55
9월 26, 2014 6:50:36 오후 org.apache.catalina.startup.HostConfig deployDescriptor
정보: Deploying configuration descriptor C:\project\apache-tomcat-7.0.55\conf\Catalina\localhost\solr.xml
9월 26, 2014 6:50:36 오후 org.apache.catalina.startup.HostConfig deployDescriptor
경고: A docBase C:\project\apache-tomcat-7.0.55\webapps\solr.war inside the host appBase has been specified, and will be ignored
9월 26, 2014 6:50:36 오후 org.apache.catalina.startup.SetContextPropertiesRule begin
경고: [SetContextPropertiesRule]{Context} Setting property 'debug' to '0' did not find a matching property.
9월 26, 2014 6:50:48 오후 org.apache.catalina.startup.HostConfig deployDescriptor
정보: Deployment of configuration descriptor C:\project\apache-tomcat-7.0.55\conf\Catalina\localhost\solr.xml has finished in 11,529 ms
9월 26, 2014 6:50:48 오후 org.apache.catalina.startup.HostConfig deployDirectory
정보: Deploying web application directory C:\project\apache-tomcat-7.0.55\webapps\docs
9월 26, 2014 6:50:48 오후 org.apache.catalina.startup.HostConfig deployDirectory
정보: Deployment of web application directory C:\project\apache-tomcat-7.0.55\webapps\docs has finished in 146 ms
9월 26, 2014 6:50:48 오후 org.apache.catalina.startup.HostConfig deployDirectory
정보: Deploying web application directory C:\project\apache-tomcat-7.0.55\webapps\examples
9월 26, 2014 6:50:49 오후 org.apache.catalina.startup.HostConfig deployDirectory
정보: Deployment of web application directory C:\project\apache-tomcat-7.0.55\webapps\examples has finished in 750 ms
9월 26, 2014 6:50:49 오후 org.apache.catalina.startup.HostConfig deployDirectory
정보: Deploying web application directory C:\project\apache-tomcat-7.0.55\webapps\host-manager
9월 26, 2014 6:50:49 오후 org.apache.catalina.startup.HostConfig deployDirectory
정보: Deployment of web application directory C:\project\apache-tomcat-7.0.55\webapps\host-manager has finished in 137 ms
9월 26, 2014 6:50:49 오후 org.apache.catalina.startup.HostConfig deployDirectory
정보: Deploying web application directory C:\project\apache-tomcat-7.0.55\webapps\manager
9월 26, 2014 6:50:49 오후 org.apache.catalina.startup.HostConfig deployDirectory
정보: Deployment of web application directory C:\project\apache-tomcat-7.0.55\webapps\manager has finished in 143 ms
9월 26, 2014 6:50:49 오후 org.apache.catalina.startup.HostConfig deployDirectory
정보: Deploying web application directory C:\project\apache-tomcat-7.0.55\webapps\ROOT
9월 26, 2014 6:50:49 오후 org.apache.catalina.startup.HostConfig deployDirectory
정보: Deployment of web application directory C:\project\apache-tomcat-7.0.55\webapps\ROOT has finished in 60 ms
9월 26, 2014 6:50:49 오후 org.apache.coyote.AbstractProtocol start
정보: Starting ProtocolHandler ["http-apr-8080"]
9월 26, 2014 6:50:49 오후 org.apache.coyote.AbstractProtocol start
정보: Starting ProtocolHandler ["ajp-apr-8009"]
9월 26, 2014 6:50:49 오후 org.apache.catalina.startup.Catalina start
정보: Server startup in 12859 ms
9월 26, 2014 6:51:18 오후 org.apache.catalina.core.StandardServer await
정보: A valid shutdown command was received via the shutdown port. Stopping the Server instance.
9월 26, 2014 6:51:18 오후 org.apache.coyote.AbstractProtocol pause
정보: Pausing ProtocolHandler ["http-apr-8080"]
9월 26, 2014 6:51:18 오후 org.apache.coyote.AbstractProtocol pause
정보: Pausing ProtocolHandler ["ajp-apr-8009"]
9월 26, 2014 6:51:18 오후 org.apache.catalina.core.StandardService stopInternal
정보: Stopping service Catalina
9월 26, 2014 6:51:18 오후 org.apache.coyote.AbstractProtocol stop
정보: Stopping ProtocolHandler ["http-apr-8080"]
9월 26, 2014 6:51:19 오후 org.apache.coyote.AbstractProtocol stop
정보: Stopping ProtocolHandler ["ajp-apr-8009"]
9월 26, 2014 6:51:19 오후 org.apache.coyote.AbstractProtocol destroy
정보: Destroying ProtocolHandler ["http-apr-8080"]
9월 26, 2014 6:51:19 오후 org.apache.coyote.AbstractProtocol destroy
정보: Destroying ProtocolHandler ["ajp-apr-8009"]
9월 26, 2014 6:51:32 오후 org.apache.catalina.core.AprLifecycleListener init
정보: Loaded APR based Apache Tomcat Native library 1.1.31 using APR version 1.4.8.
9월 26, 2014 6:51:32 오후 org.apache.catalina.core.AprLifecycleListener init
정보: APR capabilities: IPv6 [true], sendfile [true], accept filters [false], random [true].
9월 26, 2014 6:51:34 오후 org.apache.catalina.core.AprLifecycleListener initializeSSL
정보: OpenSSL successfully initialized (OpenSSL 1.0.1h 5 Jun 2014)
9월 26, 2014 6:51:35 오후 org.apache.coyote.AbstractProtocol init
정보: Initializing ProtocolHandler ["http-apr-8080"]
9월 26, 2014 6:51:35 오후 org.apache.coyote.AbstractProtocol init
정보: Initializing ProtocolHandler ["ajp-apr-8009"]
9월 26, 2014 6:51:35 오후 org.apache.catalina.startup.Catalina load
정보: Initialization processed in 2917 ms
9월 26, 2014 6:51:35 오후 org.apache.catalina.core.StandardService startInternal
정보: Starting service Catalina
9월 26, 2014 6:51:35 오후 org.apache.catalina.core.StandardEngine startInternal
정보: Starting Servlet Engine: Apache Tomcat/7.0.55
9월 26, 2014 6:51:35 오후 org.apache.catalina.startup.HostConfig deployDescriptor
정보: Deploying configuration descriptor C:\project\apache-tomcat-7.0.55\conf\Catalina\localhost\solr.xml
9월 26, 2014 6:51:35 오후 org.apache.catalina.startup.HostConfig deployDescriptor
경고: A docBase C:\project\apache-tomcat-7.0.55\webapps\solr.war inside the host appBase has been specified, and will be ignored
9월 26, 2014 6:51:35 오후 org.apache.catalina.startup.SetContextPropertiesRule begin
경고: [SetContextPropertiesRule]{Context} Setting property 'debug' to '0' did not find a matching property.
9월 26, 2014 6:51:47 오후 org.apache.catalina.startup.HostConfig deployDescriptor
정보: Deployment of configuration descriptor C:\project\apache-tomcat-7.0.55\conf\Catalina\localhost\solr.xml has finished in 11,745 ms
9월 26, 2014 6:51:47 오후 org.apache.catalina.startup.HostConfig deployDirectory
정보: Deploying web application directory C:\project\apache-tomcat-7.0.55\webapps\docs
9월 26, 2014 6:51:47 오후 org.apache.catalina.startup.HostConfig deployDirectory
정보: Deployment of web application directory C:\project\apache-tomcat-7.0.55\webapps\docs has finished in 90 ms
9월 26, 2014 6:51:47 오후 org.apache.catalina.startup.HostConfig deployDirectory
정보: Deploying web application directory C:\project\apache-tomcat-7.0.55\webapps\examples
9월 26, 2014 6:51:48 오후 org.apache.catalina.startup.HostConfig deployDirectory
정보: Deployment of web application directory C:\project\apache-tomcat-7.0.55\webapps\examples has finished in 616 ms
9월 26, 2014 6:51:48 오후 org.apache.catalina.startup.HostConfig deployDirectory
정보: Deploying web application directory C:\project\apache-tomcat-7.0.55\webapps\host-manager
9월 26, 2014 6:51:48 오후 org.apache.catalina.startup.HostConfig deployDirectory
정보: Deployment of web application directory C:\project\apache-tomcat-7.0.55\webapps\host-manager has finished in 94 ms
9월 26, 2014 6:51:48 오후 org.apache.catalina.startup.HostConfig deployDirectory
정보: Deploying web application directory C:\project\apache-tomcat-7.0.55\webapps\manager
9월 26, 2014 6:51:48 오후 org.apache.catalina.startup.HostConfig deployDirectory
정보: Deployment of web application directory C:\project\apache-tomcat-7.0.55\webapps\manager has finished in 97 ms
9월 26, 2014 6:51:48 오후 org.apache.catalina.startup.HostConfig deployDirectory
정보: Deploying web application directory C:\project\apache-tomcat-7.0.55\webapps\ROOT
9월 26, 2014 6:51:48 오후 org.apache.catalina.startup.HostConfig deployDirectory
정보: Deployment of web application directory C:\project\apache-tomcat-7.0.55\webapps\ROOT has finished in 62 ms
9월 26, 2014 6:51:48 오후 org.apache.coyote.AbstractProtocol start
정보: Starting ProtocolHandler ["http-apr-8080"]
9월 26, 2014 6:51:48 오후 org.apache.coyote.AbstractProtocol start
정보: Starting ProtocolHandler ["ajp-apr-8009"]
9월 26, 2014 6:51:48 오후 org.apache.catalina.startup.Catalina start
정보: Server startup in 13117 ms
9월 26, 2014 6:52:03 오후 org.apache.catalina.core.StandardServer await
정보: A valid shutdown command was received via the shutdown port. Stopping the Server instance.
9월 26, 2014 6:52:03 오후 org.apache.coyote.AbstractProtocol pause
정보: Pausing ProtocolHandler ["http-apr-8080"]
9월 26, 2014 6:52:03 오후 org.apache.coyote.AbstractProtocol pause
정보: Pausing ProtocolHandler ["ajp-apr-8009"]
9월 26, 2014 6:52:03 오후 org.apache.catalina.core.StandardService stopInternal
정보: Stopping service Catalina
9월 26, 2014 6:52:03 오후 org.apache.coyote.AbstractProtocol stop
정보: Stopping ProtocolHandler ["http-apr-8080"]
9월 26, 2014 6:52:03 오후 org.apache.coyote.AbstractProtocol stop
정보: Stopping ProtocolHandler ["ajp-apr-8009"]
9월 26, 2014 6:52:03 오후 org.apache.coyote.AbstractProtocol destroy
정보: Destroying ProtocolHandler ["http-apr-8080"]
9월 26, 2014 6:52:03 오후 org.apache.coyote.AbstractProtocol destroy
정보: Destroying ProtocolHandler ["ajp-apr-8009"]
9월 26, 2014 6:52:50 오후 org.apache.catalina.startup.Catalina stopServer
심각: Could not contact localhost:8005. Tomcat may not be running.
9월 26, 2014 6:52:50 오후 org.apache.catalina.startup.Catalina stopServer
심각: Catalina.stop: 
java.net.ConnectException: Connection refused: connect
	at java.net.DualStackPlainSocketImpl.connect0(Native Method)
	at java.net.DualStackPlainSocketImpl.socketConnect(Unknown Source)
	at java.net.AbstractPlainSocketImpl.doConnect(Unknown Source)
	at java.net.AbstractPlainSocketImpl.connectToAddress(Unknown Source)
	at java.net.AbstractPlainSocketImpl.connect(Unknown Source)
	at java.net.PlainSocketImpl.connect(Unknown Source)
	at java.net.SocksSocketImpl.connect(Unknown Source)
	at java.net.Socket.connect(Unknown Source)
	at java.net.Socket.connect(Unknown Source)
	at java.net.Socket.<init>(Unknown Source)
	at java.net.Socket.<init>(Unknown Source)
	at org.apache.catalina.startup.Catalina.stopServer(Catalina.java:498)
	at sun.reflect.NativeMethodAccessorImpl.invoke0(Native Method)
	at sun.reflect.NativeMethodAccessorImpl.invoke(Unknown Source)
	at sun.reflect.DelegatingMethodAccessorImpl.invoke(Unknown Source)
	at java.lang.reflect.Method.invoke(Unknown Source)
	at org.apache.catalina.startup.Bootstrap.stopServer(Bootstrap.java:370)
	at org.apache.catalina.startup.Bootstrap.main(Bootstrap.java:457)

9월 26, 2014 6:52:52 오후 org.apache.catalina.core.AprLifecycleListener init
정보: Loaded APR based Apache Tomcat Native library 1.1.31 using APR version 1.4.8.
9월 26, 2014 6:52:52 오후 org.apache.catalina.core.AprLifecycleListener init
정보: APR capabilities: IPv6 [true], sendfile [true], accept filters [false], random [true].
9월 26, 2014 6:52:53 오후 org.apache.catalina.core.AprLifecycleListener initializeSSL
정보: OpenSSL successfully initialized (OpenSSL 1.0.1h 5 Jun 2014)
9월 26, 2014 6:52:53 오후 org.apache.coyote.AbstractProtocol init
정보: Initializing ProtocolHandler ["http-apr-8080"]
9월 26, 2014 6:52:53 오후 org.apache.coyote.AbstractProtocol init
정보: Initializing ProtocolHandler ["ajp-apr-8009"]
9월 26, 2014 6:52:53 오후 org.apache.catalina.startup.Catalina load
정보: Initialization processed in 1426 ms
9월 26, 2014 6:52:53 오후 org.apache.catalina.core.StandardService startInternal
정보: Starting service Catalina
9월 26, 2014 6:52:53 오후 org.apache.catalina.core.StandardEngine startInternal
정보: Starting Servlet Engine: Apache Tomcat/7.0.55
9월 26, 2014 6:52:53 오후 org.apache.catalina.startup.HostConfig deployDescriptor
정보: Deploying configuration descriptor C:\project\apache-tomcat-7.0.55\conf\Catalina\localhost\solr.xml
9월 26, 2014 6:52:53 오후 org.apache.catalina.startup.HostConfig deployDescriptor
경고: A docBase C:\project\apache-tomcat-7.0.55\webapps\solr.war inside the host appBase has been specified, and will be ignored
9월 26, 2014 6:52:53 오후 org.apache.catalina.startup.SetContextPropertiesRule begin
경고: [SetContextPropertiesRule]{Context} Setting property 'debug' to '0' did not find a matching property.
9월 26, 2014 6:53:05 오후 org.apache.catalina.startup.HostConfig deployDescriptor
정보: Deployment of configuration descriptor C:\project\apache-tomcat-7.0.55\conf\Catalina\localhost\solr.xml has finished in 11,994 ms
9월 26, 2014 6:53:05 오후 org.apache.catalina.startup.HostConfig deployDirectory
정보: Deploying web application directory C:\project\apache-tomcat-7.0.55\webapps\docs
9월 26, 2014 6:53:05 오후 org.apache.catalina.startup.HostConfig deployDirectory
정보: Deployment of web application directory C:\project\apache-tomcat-7.0.55\webapps\docs has finished in 97 ms
9월 26, 2014 6:53:05 오후 org.apache.catalina.startup.HostConfig deployDirectory
정보: Deploying web application directory C:\project\apache-tomcat-7.0.55\webapps\examples
9월 26, 2014 6:53:06 오후 org.apache.catalina.startup.HostConfig deployDirectory
정보: Deployment of web application directory C:\project\apache-tomcat-7.0.55\webapps\examples has finished in 432 ms
9월 26, 2014 6:53:06 오후 org.apache.catalina.startup.HostConfig deployDirectory
정보: Deploying web application directory C:\project\apache-tomcat-7.0.55\webapps\host-manager
9월 26, 2014 6:53:06 오후 org.apache.catalina.startup.HostConfig deployDirectory
정보: Deployment of web application directory C:\project\apache-tomcat-7.0.55\webapps\host-manager has finished in 87 ms
9월 26, 2014 6:53:06 오후 org.apache.catalina.startup.HostConfig deployDirectory
정보: Deploying web application directory C:\project\apache-tomcat-7.0.55\webapps\manager
9월 26, 2014 6:53:06 오후 org.apache.catalina.startup.HostConfig deployDirectory
정보: Deployment of web application directory C:\project\apache-tomcat-7.0.55\webapps\manager has finished in 87 ms
9월 26, 2014 6:53:06 오후 org.apache.catalina.startup.HostConfig deployDirectory
정보: Deploying web application directory C:\project\apache-tomcat-7.0.55\webapps\ROOT
9월 26, 2014 6:53:06 오후 org.apache.catalina.startup.HostConfig deployDirectory
정보: Deployment of web application directory C:\project\apache-tomcat-7.0.55\webapps\ROOT has finished in 77 ms
9월 26, 2014 6:53:06 오후 org.apache.coyote.AbstractProtocol start
정보: Starting ProtocolHandler ["http-apr-8080"]
9월 26, 2014 6:53:06 오후 org.apache.coyote.AbstractProtocol start
정보: Starting ProtocolHandler ["ajp-apr-8009"]
9월 26, 2014 6:53:06 오후 org.apache.catalina.startup.Catalina start
정보: Server startup in 12861 ms
9월 26, 2014 6:53:31 오후 org.apache.catalina.core.StandardServer await
정보: A valid shutdown command was received via the shutdown port. Stopping the Server instance.
9월 26, 2014 6:53:31 오후 org.apache.coyote.AbstractProtocol pause
정보: Pausing ProtocolHandler ["http-apr-8080"]
9월 26, 2014 6:53:31 오후 org.apache.coyote.AbstractProtocol pause
정보: Pausing ProtocolHandler ["ajp-apr-8009"]
9월 26, 2014 6:53:31 오후 org.apache.catalina.core.StandardService stopInternal
정보: Stopping service Catalina
9월 26, 2014 6:53:31 오후 org.apache.coyote.AbstractProtocol stop
정보: Stopping ProtocolHandler ["http-apr-8080"]
9월 26, 2014 6:53:31 오후 org.apache.coyote.AbstractProtocol stop
정보: Stopping ProtocolHandler ["ajp-apr-8009"]
9월 26, 2014 6:53:31 오후 org.apache.coyote.AbstractProtocol destroy
정보: Destroying ProtocolHandler ["http-apr-8080"]
9월 26, 2014 6:53:31 오후 org.apache.coyote.AbstractProtocol destroy
정보: Destroying ProtocolHandler ["ajp-apr-8009"]
9월 26, 2014 8:08:41 오후 org.apache.catalina.core.AprLifecycleListener init
정보: Loaded APR based Apache Tomcat Native library 1.1.31 using APR version 1.4.8.
9월 26, 2014 8:08:41 오후 org.apache.catalina.core.AprLifecycleListener init
정보: APR capabilities: IPv6 [true], sendfile [true], accept filters [false], random [true].
9월 26, 2014 8:08:42 오후 org.apache.catalina.core.AprLifecycleListener initializeSSL
정보: OpenSSL successfully initialized (OpenSSL 1.0.1h 5 Jun 2014)
9월 26, 2014 8:08:42 오후 org.apache.coyote.AbstractProtocol init
정보: Initializing ProtocolHandler ["http-apr-8080"]
9월 26, 2014 8:08:42 오후 org.apache.coyote.AbstractProtocol init
정보: Initializing ProtocolHandler ["ajp-apr-8009"]
9월 26, 2014 8:08:42 오후 org.apache.catalina.startup.Catalina load
정보: Initialization processed in 1407 ms
9월 26, 2014 8:08:42 오후 org.apache.catalina.core.StandardService startInternal
정보: Starting service Catalina
9월 26, 2014 8:08:42 오후 org.apache.catalina.core.StandardEngine startInternal
정보: Starting Servlet Engine: Apache Tomcat/7.0.55
9월 26, 2014 8:08:42 오후 org.apache.catalina.startup.HostConfig deployDescriptor
정보: Deploying configuration descriptor C:\project\apache-tomcat-7.0.55\conf\Catalina\localhost\solr.xml
9월 26, 2014 8:08:42 오후 org.apache.catalina.startup.HostConfig deployDescriptor
경고: A docBase C:\project\apache-tomcat-7.0.55\webapps\solr.war inside the host appBase has been specified, and will be ignored
9월 26, 2014 8:08:42 오후 org.apache.catalina.startup.SetContextPropertiesRule begin
경고: [SetContextPropertiesRule]{Context} Setting property 'debug' to '0' did not find a matching property.
9월 26, 2014 8:08:51 오후 org.apache.catalina.startup.HostConfig deployDescriptor
정보: Deployment of configuration descriptor C:\project\apache-tomcat-7.0.55\conf\Catalina\localhost\solr.xml has finished in 9,462 ms
9월 26, 2014 8:08:51 오후 org.apache.catalina.startup.HostConfig deployDirectory
정보: Deploying web application directory C:\project\apache-tomcat-7.0.55\webapps\docs
9월 26, 2014 8:08:52 오후 org.apache.catalina.startup.HostConfig deployDirectory
정보: Deployment of web application directory C:\project\apache-tomcat-7.0.55\webapps\docs has finished in 114 ms
9월 26, 2014 8:08:52 오후 org.apache.catalina.startup.HostConfig deployDirectory
정보: Deploying web application directory C:\project\apache-tomcat-7.0.55\webapps\examples
9월 26, 2014 8:08:52 오후 org.apache.catalina.startup.HostConfig deployDirectory
정보: Deployment of web application directory C:\project\apache-tomcat-7.0.55\webapps\examples has finished in 601 ms
9월 26, 2014 8:08:52 오후 org.apache.catalina.startup.HostConfig deployDirectory
정보: Deploying web application directory C:\project\apache-tomcat-7.0.55\webapps\host-manager
9월 26, 2014 8:08:52 오후 org.apache.catalina.startup.HostConfig deployDirectory
정보: Deployment of web application directory C:\project\apache-tomcat-7.0.55\webapps\host-manager has finished in 78 ms
9월 26, 2014 8:08:52 오후 org.apache.catalina.startup.HostConfig deployDirectory
정보: Deploying web application directory C:\project\apache-tomcat-7.0.55\webapps\manager
9월 26, 2014 8:08:52 오후 org.apache.catalina.startup.HostConfig deployDirectory
정보: Deployment of web application directory C:\project\apache-tomcat-7.0.55\webapps\manager has finished in 78 ms
9월 26, 2014 8:08:52 오후 org.apache.catalina.startup.HostConfig deployDirectory
정보: Deploying web application directory C:\project\apache-tomcat-7.0.55\webapps\ROOT
9월 26, 2014 8:08:52 오후 org.apache.catalina.startup.HostConfig deployDirectory
정보: Deployment of web application directory C:\project\apache-tomcat-7.0.55\webapps\ROOT has finished in 62 ms
9월 26, 2014 8:08:52 오후 org.apache.coyote.AbstractProtocol start
정보: Starting ProtocolHandler ["http-apr-8080"]
9월 26, 2014 8:08:52 오후 org.apache.coyote.AbstractProtocol start
정보: Starting ProtocolHandler ["ajp-apr-8009"]
9월 26, 2014 8:08:52 오후 org.apache.catalina.startup.Catalina start
정보: Server startup in 10511 ms
9월 26, 2014 8:22:53 오후 org.apache.catalina.core.AprLifecycleListener init
정보: Loaded APR based Apache Tomcat Native library 1.1.31 using APR version 1.4.8.
9월 26, 2014 8:22:53 오후 org.apache.catalina.core.AprLifecycleListener init
정보: APR capabilities: IPv6 [true], sendfile [true], accept filters [false], random [true].
9월 26, 2014 8:22:54 오후 org.apache.catalina.core.AprLifecycleListener initializeSSL
정보: OpenSSL successfully initialized (OpenSSL 1.0.1h 5 Jun 2014)
9월 26, 2014 8:22:54 오후 org.apache.coyote.AbstractProtocol init
정보: Initializing ProtocolHandler ["http-apr-8080"]
9월 26, 2014 8:22:54 오후 org.apache.coyote.AbstractProtocol init
심각: Failed to initialize end point associated with ProtocolHandler ["http-apr-8080"]
java.lang.Exception: Socket bind failed: [730048] °? ¼??? ???(?w?????/³×?¿?? ???/Æ÷?)´? ??ª¸¸ ??¿???
	at org.apache.tomcat.util.net.AprEndpoint.bind(AprEndpoint.java:431)
	at org.apache.tomcat.util.net.AbstractEndpoint.init(AbstractEndpoint.java:646)
	at org.apache.coyote.AbstractProtocol.init(AbstractProtocol.java:434)
	at org.apache.catalina.connector.Connector.initInternal(Connector.java:978)
	at org.apache.catalina.util.LifecycleBase.init(LifecycleBase.java:102)
	at org.apache.catalina.core.StandardService.initInternal(StandardService.java:559)
	at org.apache.catalina.util.LifecycleBase.init(LifecycleBase.java:102)
	at org.apache.catalina.core.StandardServer.initInternal(StandardServer.java:821)
	at org.apache.catalina.util.LifecycleBase.init(LifecycleBase.java:102)
	at org.apache.catalina.startup.Catalina.load(Catalina.java:638)
	at org.apache.catalina.startup.Catalina.load(Catalina.java:663)
	at sun.reflect.NativeMethodAccessorImpl.invoke0(Native Method)
	at sun.reflect.NativeMethodAccessorImpl.invoke(Unknown Source)
	at sun.reflect.DelegatingMethodAccessorImpl.invoke(Unknown Source)
	at java.lang.reflect.Method.invoke(Unknown Source)
	at org.apache.catalina.startup.Bootstrap.load(Bootstrap.java:280)
	at org.apache.catalina.startup.Bootstrap.main(Bootstrap.java:454)

9월 26, 2014 8:22:54 오후 org.apache.catalina.core.StandardService initInternal
심각: Failed to initialize connector [Connector[HTTP/1.1-8080]]
org.apache.catalina.LifecycleException: Failed to initialize component [Connector[HTTP/1.1-8080]]
	at org.apache.catalina.util.LifecycleBase.init(LifecycleBase.java:106)
	at org.apache.catalina.core.StandardService.initInternal(StandardService.java:559)
	at org.apache.catalina.util.LifecycleBase.init(LifecycleBase.java:102)
	at org.apache.catalina.core.StandardServer.initInternal(StandardServer.java:821)
	at org.apache.catalina.util.LifecycleBase.init(LifecycleBase.java:102)
	at org.apache.catalina.startup.Catalina.load(Catalina.java:638)
	at org.apache.catalina.startup.Catalina.load(Catalina.java:663)
	at sun.reflect.NativeMethodAccessorImpl.invoke0(Native Method)
	at sun.reflect.NativeMethodAccessorImpl.invoke(Unknown Source)
	at sun.reflect.DelegatingMethodAccessorImpl.invoke(Unknown Source)
	at java.lang.reflect.Method.invoke(Unknown Source)
	at org.apache.catalina.startup.Bootstrap.load(Bootstrap.java:280)
	at org.apache.catalina.startup.Bootstrap.main(Bootstrap.java:454)
Caused by: org.apache.catalina.LifecycleException: Protocol handler initialization failed
	at org.apache.catalina.connector.Connector.initInternal(Connector.java:980)
	at org.apache.catalina.util.LifecycleBase.init(LifecycleBase.java:102)
	... 12 more
Caused by: java.lang.Exception: Socket bind failed: [730048] °? ¼??? ???(?w?????/³×?¿?? ???/Æ÷?)´? ??ª¸¸ ??¿???
	at org.apache.tomcat.util.net.AprEndpoint.bind(AprEndpoint.java:431)
	at org.apache.tomcat.util.net.AbstractEndpoint.init(AbstractEndpoint.java:646)
	at org.apache.coyote.AbstractProtocol.init(AbstractProtocol.java:434)
	at org.apache.catalina.connector.Connector.initInternal(Connector.java:978)
	... 13 more

9월 26, 2014 8:22:54 오후 org.apache.coyote.AbstractProtocol init
정보: Initializing ProtocolHandler ["ajp-apr-8009"]
9월 26, 2014 8:22:54 오후 org.apache.coyote.AbstractProtocol init
심각: Failed to initialize end point associated with ProtocolHandler ["ajp-apr-8009"]
java.lang.Exception: Socket bind failed: [730048] °? ¼??? ???(?w?????/³×?¿?? ???/Æ÷?)´? ??ª¸¸ ??¿???
	at org.apache.tomcat.util.net.AprEndpoint.bind(AprEndpoint.java:431)
	at org.apache.tomcat.util.net.AbstractEndpoint.init(AbstractEndpoint.java:646)
	at org.apache.coyote.AbstractProtocol.init(AbstractProtocol.java:434)
	at org.apache.catalina.connector.Connector.initInternal(Connector.java:978)
	at org.apache.catalina.util.LifecycleBase.init(LifecycleBase.java:102)
	at org.apache.catalina.core.StandardService.initInternal(StandardService.java:559)
	at org.apache.catalina.util.LifecycleBase.init(LifecycleBase.java:102)
	at org.apache.catalina.core.StandardServer.initInternal(StandardServer.java:821)
	at org.apache.catalina.util.LifecycleBase.init(LifecycleBase.java:102)
	at org.apache.catalina.startup.Catalina.load(Catalina.java:638)
	at org.apache.catalina.startup.Catalina.load(Catalina.java:663)
	at sun.reflect.NativeMethodAccessorImpl.invoke0(Native Method)
	at sun.reflect.NativeMethodAccessorImpl.invoke(Unknown Source)
	at sun.reflect.DelegatingMethodAccessorImpl.invoke(Unknown Source)
	at java.lang.reflect.Method.invoke(Unknown Source)
	at org.apache.catalina.startup.Bootstrap.load(Bootstrap.java:280)
	at org.apache.catalina.startup.Bootstrap.main(Bootstrap.java:454)

9월 26, 2014 8:22:54 오후 org.apache.catalina.core.StandardService initInternal
심각: Failed to initialize connector [Connector[AJP/1.3-8009]]
org.apache.catalina.LifecycleException: Failed to initialize component [Connector[AJP/1.3-8009]]
	at org.apache.catalina.util.LifecycleBase.init(LifecycleBase.java:106)
	at org.apache.catalina.core.StandardService.initInternal(StandardService.java:559)
	at org.apache.catalina.util.LifecycleBase.init(LifecycleBase.java:102)
	at org.apache.catalina.core.StandardServer.initInternal(StandardServer.java:821)
	at org.apache.catalina.util.LifecycleBase.init(LifecycleBase.java:102)
	at org.apache.catalina.startup.Catalina.load(Catalina.java:638)
	at org.apache.catalina.startup.Catalina.load(Catalina.java:663)
	at sun.reflect.NativeMethodAccessorImpl.invoke0(Native Method)
	at sun.reflect.NativeMethodAccessorImpl.invoke(Unknown Source)
	at sun.reflect.DelegatingMethodAccessorImpl.invoke(Unknown Source)
	at java.lang.reflect.Method.invoke(Unknown Source)
	at org.apache.catalina.startup.Bootstrap.load(Bootstrap.java:280)
	at org.apache.catalina.startup.Bootstrap.main(Bootstrap.java:454)
Caused by: org.apache.catalina.LifecycleException: Protocol handler initialization failed
	at org.apache.catalina.connector.Connector.initInternal(Connector.java:980)
	at org.apache.catalina.util.LifecycleBase.init(LifecycleBase.java:102)
	... 12 more
Caused by: java.lang.Exception: Socket bind failed: [730048] °? ¼??? ???(?w?????/³×?¿?? ???/Æ÷?)´? ??ª¸¸ ??¿???
	at org.apache.tomcat.util.net.AprEndpoint.bind(AprEndpoint.java:431)
	at org.apache.tomcat.util.net.AbstractEndpoint.init(AbstractEndpoint.java:646)
	at org.apache.coyote.AbstractProtocol.init(AbstractProtocol.java:434)
	at org.apache.catalina.connector.Connector.initInternal(Connector.java:978)
	... 13 more

9월 26, 2014 8:22:54 오후 org.apache.catalina.startup.Catalina load
정보: Initialization processed in 1460 ms
9월 26, 2014 8:22:54 오후 org.apache.catalina.core.StandardService startInternal
정보: Starting service Catalina
9월 26, 2014 8:22:54 오후 org.apache.catalina.core.StandardEngine startInternal
정보: Starting Servlet Engine: Apache Tomcat/7.0.55
9월 26, 2014 8:22:55 오후 org.apache.catalina.startup.HostConfig deployDescriptor
정보: Deploying configuration descriptor C:\project\apache-tomcat-7.0.55\conf\Catalina\localhost\solr.xml
9월 26, 2014 8:22:55 오후 org.apache.catalina.startup.HostConfig deployDescriptor
경고: A docBase C:\project\apache-tomcat-7.0.55\webapps\solr.war inside the host appBase has been specified, and will be ignored
9월 26, 2014 8:22:55 오후 org.apache.catalina.startup.SetContextPropertiesRule begin
경고: [SetContextPropertiesRule]{Context} Setting property 'debug' to '0' did not find a matching property.
9월 26, 2014 8:23:01 오후 org.apache.catalina.core.StandardServer await
정보: A valid shutdown command was received via the shutdown port. Stopping the Server instance.
9월 26, 2014 8:23:01 오후 org.apache.coyote.AbstractProtocol pause
정보: Pausing ProtocolHandler ["http-apr-8080"]
9월 26, 2014 8:23:01 오후 org.apache.coyote.AbstractProtocol pause
정보: Pausing ProtocolHandler ["ajp-apr-8009"]
9월 26, 2014 8:23:01 오후 org.apache.catalina.core.StandardService stopInternal
정보: Stopping service Catalina
9월 26, 2014 8:23:02 오후 org.apache.coyote.AbstractProtocol stop
정보: Stopping ProtocolHandler ["http-apr-8080"]
9월 26, 2014 8:23:02 오후 org.apache.coyote.AbstractProtocol stop
정보: Stopping ProtocolHandler ["ajp-apr-8009"]
9월 26, 2014 8:23:02 오후 org.apache.coyote.AbstractProtocol destroy
정보: Destroying ProtocolHandler ["http-apr-8080"]
9월 26, 2014 8:23:02 오후 org.apache.coyote.AbstractProtocol destroy
정보: Destroying ProtocolHandler ["ajp-apr-8009"]
9월 26, 2014 8:23:04 오후 org.apache.catalina.startup.Catalina stopServer
심각: Could not contact localhost:8005. Tomcat may not be running.
9월 26, 2014 8:23:05 오후 org.apache.catalina.startup.Catalina stopServer
심각: Catalina.stop: 
java.net.ConnectException: Connection refused: connect
	at java.net.DualStackPlainSocketImpl.connect0(Native Method)
	at java.net.DualStackPlainSocketImpl.socketConnect(Unknown Source)
	at java.net.AbstractPlainSocketImpl.doConnect(Unknown Source)
	at java.net.AbstractPlainSocketImpl.connectToAddress(Unknown Source)
	at java.net.AbstractPlainSocketImpl.connect(Unknown Source)
	at java.net.PlainSocketImpl.connect(Unknown Source)
	at java.net.SocksSocketImpl.connect(Unknown Source)
	at java.net.Socket.connect(Unknown Source)
	at java.net.Socket.connect(Unknown Source)
	at java.net.Socket.<init>(Unknown Source)
	at java.net.Socket.<init>(Unknown Source)
	at org.apache.catalina.startup.Catalina.stopServer(Catalina.java:498)
	at sun.reflect.NativeMethodAccessorImpl.invoke0(Native Method)
	at sun.reflect.NativeMethodAccessorImpl.invoke(Unknown Source)
	at sun.reflect.DelegatingMethodAccessorImpl.invoke(Unknown Source)
	at java.lang.reflect.Method.invoke(Unknown Source)
	at org.apache.catalina.startup.Bootstrap.stopServer(Bootstrap.java:370)
	at org.apache.catalina.startup.Bootstrap.main(Bootstrap.java:457)

9월 26, 2014 8:23:07 오후 org.apache.catalina.startup.Catalina stopServer
심각: Could not contact localhost:8005. Tomcat may not be running.
9월 26, 2014 8:23:07 오후 org.apache.catalina.startup.Catalina stopServer
심각: Catalina.stop: 
java.net.ConnectException: Connection refused: connect
	at java.net.DualStackPlainSocketImpl.connect0(Native Method)
	at java.net.DualStackPlainSocketImpl.socketConnect(Unknown Source)
	at java.net.AbstractPlainSocketImpl.doConnect(Unknown Source)
	at java.net.AbstractPlainSocketImpl.connectToAddress(Unknown Source)
	at java.net.AbstractPlainSocketImpl.connect(Unknown Source)
	at java.net.PlainSocketImpl.connect(Unknown Source)
	at java.net.SocksSocketImpl.connect(Unknown Source)
	at java.net.Socket.connect(Unknown Source)
	at java.net.Socket.connect(Unknown Source)
	at java.net.Socket.<init>(Unknown Source)
	at java.net.Socket.<init>(Unknown Source)
	at org.apache.catalina.startup.Catalina.stopServer(Catalina.java:498)
	at sun.reflect.NativeMethodAccessorImpl.invoke0(Native Method)
	at sun.reflect.NativeMethodAccessorImpl.invoke(Unknown Source)
	at sun.reflect.DelegatingMethodAccessorImpl.invoke(Unknown Source)
	at java.lang.reflect.Method.invoke(Unknown Source)
	at org.apache.catalina.startup.Bootstrap.stopServer(Bootstrap.java:370)
	at org.apache.catalina.startup.Bootstrap.main(Bootstrap.java:457)

9월 26, 2014 8:23:15 오후 org.apache.catalina.startup.HostConfig deployDescriptor
정보: Deployment of configuration descriptor C:\project\apache-tomcat-7.0.55\conf\Catalina\localhost\solr.xml has finished in 20,192 ms
9월 26, 2014 8:23:15 오후 org.apache.catalina.startup.HostConfig deployDirectory
정보: Deploying web application directory C:\project\apache-tomcat-7.0.55\webapps\docs
9월 26, 2014 8:23:15 오후 org.apache.catalina.startup.HostConfig deployDirectory
정보: Deployment of web application directory C:\project\apache-tomcat-7.0.55\webapps\docs has finished in 76 ms
9월 26, 2014 8:23:15 오후 org.apache.catalina.startup.HostConfig deployDirectory
정보: Deploying web application directory C:\project\apache-tomcat-7.0.55\webapps\examples
9월 26, 2014 8:23:15 오후 org.apache.catalina.startup.HostConfig deployDirectory
정보: Deployment of web application directory C:\project\apache-tomcat-7.0.55\webapps\examples has finished in 420 ms
9월 26, 2014 8:23:15 오후 org.apache.catalina.startup.HostConfig deployDirectory
정보: Deploying web application directory C:\project\apache-tomcat-7.0.55\webapps\host-manager
9월 26, 2014 8:23:15 오후 org.apache.catalina.startup.HostConfig deployDirectory
정보: Deployment of web application directory C:\project\apache-tomcat-7.0.55\webapps\host-manager has finished in 85 ms
9월 26, 2014 8:23:15 오후 org.apache.catalina.startup.HostConfig deployDirectory
정보: Deploying web application directory C:\project\apache-tomcat-7.0.55\webapps\manager
9월 26, 2014 8:23:15 오후 org.apache.catalina.startup.HostConfig deployDirectory
정보: Deployment of web application directory C:\project\apache-tomcat-7.0.55\webapps\manager has finished in 78 ms
9월 26, 2014 8:23:15 오후 org.apache.catalina.startup.HostConfig deployDirectory
정보: Deploying web application directory C:\project\apache-tomcat-7.0.55\webapps\ROOT
9월 26, 2014 8:23:15 오후 org.apache.catalina.startup.HostConfig deployDirectory
정보: Deployment of web application directory C:\project\apache-tomcat-7.0.55\webapps\ROOT has finished in 55 ms
9월 26, 2014 8:23:15 오후 org.apache.catalina.startup.Catalina start
정보: Server startup in 20974 ms
9월 26, 2014 8:23:18 오후 org.apache.catalina.core.StandardServer await
정보: A valid shutdown command was received via the shutdown port. Stopping the Server instance.
9월 26, 2014 8:23:18 오후 org.apache.coyote.AbstractProtocol pause
정보: Pausing ProtocolHandler ["http-apr-8080"]
9월 26, 2014 8:23:18 오후 org.apache.coyote.AbstractProtocol pause
정보: Pausing ProtocolHandler ["ajp-apr-8009"]
9월 26, 2014 8:23:18 오후 org.apache.catalina.core.StandardService stopInternal
정보: Stopping service Catalina
9월 26, 2014 8:23:18 오후 org.apache.coyote.AbstractProtocol stop
정보: Stopping ProtocolHandler ["http-apr-8080"]
9월 26, 2014 8:23:18 오후 org.apache.coyote.AbstractProtocol destroy
정보: Destroying ProtocolHandler ["http-apr-8080"]
9월 26, 2014 8:23:18 오후 org.apache.coyote.AbstractProtocol stop
정보: Stopping ProtocolHandler ["ajp-apr-8009"]
9월 26, 2014 8:23:18 오후 org.apache.coyote.AbstractProtocol destroy
정보: Destroying ProtocolHandler ["ajp-apr-8009"]
9월 26, 2014 8:23:21 오후 org.apache.catalina.core.AprLifecycleListener init
정보: Loaded APR based Apache Tomcat Native library 1.1.31 using APR version 1.4.8.
9월 26, 2014 8:23:21 오후 org.apache.catalina.core.AprLifecycleListener init
정보: APR capabilities: IPv6 [true], sendfile [true], accept filters [false], random [true].
9월 26, 2014 8:23:22 오후 org.apache.catalina.core.AprLifecycleListener initializeSSL
정보: OpenSSL successfully initialized (OpenSSL 1.0.1h 5 Jun 2014)
9월 26, 2014 8:23:22 오후 org.apache.coyote.AbstractProtocol init
정보: Initializing ProtocolHandler ["http-apr-8080"]
9월 26, 2014 8:23:22 오후 org.apache.coyote.AbstractProtocol init
정보: Initializing ProtocolHandler ["ajp-apr-8009"]
9월 26, 2014 8:23:22 오후 org.apache.catalina.startup.Catalina load
정보: Initialization processed in 1443 ms
9월 26, 2014 8:23:22 오후 org.apache.catalina.core.StandardService startInternal
정보: Starting service Catalina
9월 26, 2014 8:23:22 오후 org.apache.catalina.core.StandardEngine startInternal
정보: Starting Servlet Engine: Apache Tomcat/7.0.55
9월 26, 2014 8:23:22 오후 org.apache.catalina.startup.HostConfig deployDescriptor
정보: Deploying configuration descriptor C:\project\apache-tomcat-7.0.55\conf\Catalina\localhost\solr.xml
9월 26, 2014 8:23:22 오후 org.apache.catalina.startup.HostConfig deployDescriptor
경고: A docBase C:\project\apache-tomcat-7.0.55\webapps\solr.war inside the host appBase has been specified, and will be ignored
9월 26, 2014 8:23:22 오후 org.apache.catalina.startup.SetContextPropertiesRule begin
경고: [SetContextPropertiesRule]{Context} Setting property 'debug' to '0' did not find a matching property.
9월 26, 2014 8:23:40 오후 org.apache.catalina.startup.HostConfig deployDescriptor
정보: Deployment of configuration descriptor C:\project\apache-tomcat-7.0.55\conf\Catalina\localhost\solr.xml has finished in 17,853 ms
9월 26, 2014 8:23:40 오후 org.apache.catalina.startup.HostConfig deployDirectory
정보: Deploying web application directory C:\project\apache-tomcat-7.0.55\webapps\docs
9월 26, 2014 8:23:40 오후 org.apache.catalina.startup.HostConfig deployDirectory
정보: Deployment of web application directory C:\project\apache-tomcat-7.0.55\webapps\docs has finished in 59 ms
9월 26, 2014 8:23:40 오후 org.apache.catalina.startup.HostConfig deployDirectory
정보: Deploying web application directory C:\project\apache-tomcat-7.0.55\webapps\examples
9월 26, 2014 8:23:40 오후 org.apache.catalina.startup.HostConfig deployDirectory
정보: Deployment of web application directory C:\project\apache-tomcat-7.0.55\webapps\examples has finished in 441 ms
9월 26, 2014 8:23:40 오후 org.apache.catalina.startup.HostConfig deployDirectory
정보: Deploying web application directory C:\project\apache-tomcat-7.0.55\webapps\host-manager
9월 26, 2014 8:23:40 오후 org.apache.catalina.startup.HostConfig deployDirectory
정보: Deployment of web application directory C:\project\apache-tomcat-7.0.55\webapps\host-manager has finished in 85 ms
9월 26, 2014 8:23:40 오후 org.apache.catalina.startup.HostConfig deployDirectory
정보: Deploying web application directory C:\project\apache-tomcat-7.0.55\webapps\manager
9월 26, 2014 8:23:40 오후 org.apache.catalina.startup.HostConfig deployDirectory
정보: Deployment of web application directory C:\project\apache-tomcat-7.0.55\webapps\manager has finished in 73 ms
9월 26, 2014 8:23:40 오후 org.apache.catalina.startup.HostConfig deployDirectory
정보: Deploying web application directory C:\project\apache-tomcat-7.0.55\webapps\ROOT
9월 26, 2014 8:23:41 오후 org.apache.catalina.startup.HostConfig deployDirectory
정보: Deployment of web application directory C:\project\apache-tomcat-7.0.55\webapps\ROOT has finished in 54 ms
9월 26, 2014 8:23:41 오후 org.apache.coyote.AbstractProtocol start
정보: Starting ProtocolHandler ["http-apr-8080"]
9월 26, 2014 8:23:41 오후 org.apache.coyote.AbstractProtocol start
정보: Starting ProtocolHandler ["ajp-apr-8009"]
9월 26, 2014 8:23:41 오후 org.apache.catalina.startup.Catalina start
정보: Server startup in 18648 ms
9월 26, 2014 8:24:04 오후 org.apache.catalina.core.StandardServer await
정보: A valid shutdown command was received via the shutdown port. Stopping the Server instance.
9월 26, 2014 8:24:04 오후 org.apache.coyote.AbstractProtocol pause
정보: Pausing ProtocolHandler ["http-apr-8080"]
9월 26, 2014 8:24:04 오후 org.apache.coyote.AbstractProtocol pause
정보: Pausing ProtocolHandler ["ajp-apr-8009"]
9월 26, 2014 8:24:04 오후 org.apache.catalina.core.StandardService stopInternal
정보: Stopping service Catalina
9월 26, 2014 8:24:05 오후 org.apache.catalina.loader.WebappClassLoader checkThreadLocalMapForLeaks
심각: The web application [/solr] created a ThreadLocal with key of type [org.apache.solr.schema.DateField.ThreadLocalDateFormat] (value [org.apache.solr.schema.DateField$ThreadLocalDateFormat@7542d0b0]) and a value of type [org.apache.solr.schema.DateField.ISO8601CanonicalDateFormat] (value [org.apache.solr.schema.DateField$ISO8601CanonicalDateFormat@6b2ed43a]) but failed to remove it when the web application was stopped. Threads are going to be renewed over time to try and avoid a probable memory leak.
9월 26, 2014 8:24:05 오후 org.apache.catalina.loader.WebappClassLoader checkThreadLocalMapForLeaks
심각: The web application [/solr] created a ThreadLocal with key of type [org.apache.solr.schema.DateField.ThreadLocalDateFormat] (value [org.apache.solr.schema.DateField$ThreadLocalDateFormat@7542d0b0]) and a value of type [org.apache.solr.schema.DateField.ISO8601CanonicalDateFormat] (value [org.apache.solr.schema.DateField$ISO8601CanonicalDateFormat@6b2ed43a]) but failed to remove it when the web application was stopped. Threads are going to be renewed over time to try and avoid a probable memory leak.
9월 26, 2014 8:24:05 오후 org.apache.coyote.AbstractProtocol stop
정보: Stopping ProtocolHandler ["http-apr-8080"]
9월 26, 2014 8:24:05 오후 org.apache.coyote.AbstractProtocol stop
정보: Stopping ProtocolHandler ["ajp-apr-8009"]
9월 26, 2014 8:24:05 오후 org.apache.coyote.AbstractProtocol destroy
정보: Destroying ProtocolHandler ["http-apr-8080"]
9월 26, 2014 8:24:05 오후 org.apache.coyote.AbstractProtocol destroy
정보: Destroying ProtocolHandler ["ajp-apr-8009"]
9월 26, 2014 8:26:50 오후 org.apache.catalina.core.AprLifecycleListener init
정보: Loaded APR based Apache Tomcat Native library 1.1.31 using APR version 1.4.8.
9월 26, 2014 8:26:50 오후 org.apache.catalina.core.AprLifecycleListener init
정보: APR capabilities: IPv6 [true], sendfile [true], accept filters [false], random [true].
9월 26, 2014 8:26:51 오후 org.apache.catalina.core.AprLifecycleListener initializeSSL
정보: OpenSSL successfully initialized (OpenSSL 1.0.1h 5 Jun 2014)
9월 26, 2014 8:26:51 오후 org.apache.coyote.AbstractProtocol init
정보: Initializing ProtocolHandler ["http-apr-8080"]
9월 26, 2014 8:26:51 오후 org.apache.coyote.AbstractProtocol init
정보: Initializing ProtocolHandler ["ajp-apr-8009"]
9월 26, 2014 8:26:51 오후 org.apache.catalina.startup.Catalina load
정보: Initialization processed in 1393 ms
9월 26, 2014 8:26:51 오후 org.apache.catalina.core.StandardService startInternal
정보: Starting service Catalina
9월 26, 2014 8:26:51 오후 org.apache.catalina.core.StandardEngine startInternal
정보: Starting Servlet Engine: Apache Tomcat/7.0.55
9월 26, 2014 8:26:51 오후 org.apache.catalina.startup.HostConfig deployDescriptor
정보: Deploying configuration descriptor C:\project\apache-tomcat-7.0.55\conf\Catalina\localhost\solr.xml
9월 26, 2014 8:26:51 오후 org.apache.catalina.startup.HostConfig deployDescriptor
경고: A docBase C:\project\apache-tomcat-7.0.55\webapps\solr.war inside the host appBase has been specified, and will be ignored
9월 26, 2014 8:26:51 오후 org.apache.catalina.startup.SetContextPropertiesRule begin
경고: [SetContextPropertiesRule]{Context} Setting property 'debug' to '0' did not find a matching property.
9월 26, 2014 8:27:10 오후 org.apache.catalina.startup.HostConfig deployDescriptor
정보: Deployment of configuration descriptor C:\project\apache-tomcat-7.0.55\conf\Catalina\localhost\solr.xml has finished in 19,679 ms
9월 26, 2014 8:27:10 오후 org.apache.catalina.startup.HostConfig deployDirectory
정보: Deploying web application directory C:\project\apache-tomcat-7.0.55\webapps\docs
9월 26, 2014 8:27:11 오후 org.apache.catalina.startup.HostConfig deployDirectory
정보: Deployment of web application directory C:\project\apache-tomcat-7.0.55\webapps\docs has finished in 75 ms
9월 26, 2014 8:27:11 오후 org.apache.catalina.startup.HostConfig deployDirectory
정보: Deploying web application directory C:\project\apache-tomcat-7.0.55\webapps\examples
9월 26, 2014 8:27:11 오후 org.apache.catalina.startup.HostConfig deployDirectory
정보: Deployment of web application directory C:\project\apache-tomcat-7.0.55\webapps\examples has finished in 439 ms
9월 26, 2014 8:27:11 오후 org.apache.catalina.startup.HostConfig deployDirectory
정보: Deploying web application directory C:\project\apache-tomcat-7.0.55\webapps\host-manager
9월 26, 2014 8:27:11 오후 org.apache.catalina.startup.HostConfig deployDirectory
정보: Deployment of web application directory C:\project\apache-tomcat-7.0.55\webapps\host-manager has finished in 83 ms
9월 26, 2014 8:27:11 오후 org.apache.catalina.startup.HostConfig deployDirectory
정보: Deploying web application directory C:\project\apache-tomcat-7.0.55\webapps\manager
9월 26, 2014 8:27:11 오후 org.apache.catalina.startup.HostConfig deployDirectory
정보: Deployment of web application directory C:\project\apache-tomcat-7.0.55\webapps\manager has finished in 80 ms
9월 26, 2014 8:27:11 오후 org.apache.catalina.startup.HostConfig deployDirectory
정보: Deploying web application directory C:\project\apache-tomcat-7.0.55\webapps\ROOT
9월 26, 2014 8:27:11 오후 org.apache.catalina.startup.HostConfig deployDirectory
정보: Deployment of web application directory C:\project\apache-tomcat-7.0.55\webapps\ROOT has finished in 55 ms
9월 26, 2014 8:27:11 오후 org.apache.coyote.AbstractProtocol start
정보: Starting ProtocolHandler ["http-apr-8080"]
9월 26, 2014 8:27:11 오후 org.apache.coyote.AbstractProtocol start
정보: Starting ProtocolHandler ["ajp-apr-8009"]
9월 26, 2014 8:27:11 오후 org.apache.catalina.startup.Catalina start
정보: Server startup in 20497 ms
9월 26, 2014 9:14:01 오후 org.apache.catalina.core.StandardServer await
정보: A valid shutdown command was received via the shutdown port. Stopping the Server instance.
9월 26, 2014 9:14:01 오후 org.apache.coyote.AbstractProtocol pause
정보: Pausing ProtocolHandler ["http-apr-8080"]
9월 26, 2014 9:14:01 오후 org.apache.coyote.AbstractProtocol pause
정보: Pausing ProtocolHandler ["ajp-apr-8009"]
9월 26, 2014 9:14:01 오후 org.apache.catalina.core.StandardService stopInternal
정보: Stopping service Catalina
9월 26, 2014 9:14:01 오후 org.apache.catalina.loader.WebappClassLoader checkThreadLocalMapForLeaks
심각: The web application [/solr] created a ThreadLocal with key of type [org.apache.solr.schema.DateField.ThreadLocalDateFormat] (value [org.apache.solr.schema.DateField$ThreadLocalDateFormat@38229ed9]) and a value of type [org.apache.solr.schema.DateField.ISO8601CanonicalDateFormat] (value [org.apache.solr.schema.DateField$ISO8601CanonicalDateFormat@6b2ed43a]) but failed to remove it when the web application was stopped. Threads are going to be renewed over time to try and avoid a probable memory leak.
9월 26, 2014 9:14:01 오후 org.apache.catalina.loader.WebappClassLoader checkThreadLocalMapForLeaks
심각: The web application [/solr] created a ThreadLocal with key of type [org.apache.solr.common.util.DateUtil.ThreadLocalDateFormat] (value [org.apache.solr.common.util.DateUtil$ThreadLocalDateFormat@68ead559]) and a value of type [java.text.SimpleDateFormat] (value [java.text.SimpleDateFormat@5af7aed5]) but failed to remove it when the web application was stopped. Threads are going to be renewed over time to try and avoid a probable memory leak.
9월 26, 2014 9:14:01 오후 org.apache.catalina.loader.WebappClassLoader checkThreadLocalMapForLeaks
심각: The web application [/solr] created a ThreadLocal with key of type [org.apache.solr.schema.DateField.ThreadLocalDateFormat] (value [org.apache.solr.schema.DateField$ThreadLocalDateFormat@38229ed9]) and a value of type [org.apache.solr.schema.DateField.ISO8601CanonicalDateFormat] (value [org.apache.solr.schema.DateField$ISO8601CanonicalDateFormat@6b2ed43a]) but failed to remove it when the web application was stopped. Threads are going to be renewed over time to try and avoid a probable memory leak.
9월 26, 2014 9:14:01 오후 org.apache.coyote.AbstractProtocol stop
정보: Stopping ProtocolHandler ["http-apr-8080"]
9월 26, 2014 9:14:01 오후 org.apache.coyote.AbstractProtocol stop
정보: Stopping ProtocolHandler ["ajp-apr-8009"]
9월 26, 2014 9:14:01 오후 org.apache.coyote.AbstractProtocol destroy
정보: Destroying ProtocolHandler ["http-apr-8080"]
9월 26, 2014 9:14:01 오후 org.apache.coyote.AbstractProtocol destroy
정보: Destroying ProtocolHandler ["ajp-apr-8009"]
9월 26, 2014 10:05:42 오후 org.apache.catalina.core.AprLifecycleListener init
정보: Loaded APR based Apache Tomcat Native library 1.1.31 using APR version 1.4.8.
9월 26, 2014 10:05:42 오후 org.apache.catalina.core.AprLifecycleListener init
정보: APR capabilities: IPv6 [true], sendfile [true], accept filters [false], random [true].
9월 26, 2014 10:05:43 오후 org.apache.catalina.core.AprLifecycleListener initializeSSL
정보: OpenSSL successfully initialized (OpenSSL 1.0.1h 5 Jun 2014)
9월 26, 2014 10:05:43 오후 org.apache.coyote.AbstractProtocol init
정보: Initializing ProtocolHandler ["http-apr-8080"]
9월 26, 2014 10:05:43 오후 org.apache.coyote.AbstractProtocol init
정보: Initializing ProtocolHandler ["ajp-apr-8009"]
9월 26, 2014 10:05:43 오후 org.apache.catalina.startup.Catalina load
정보: Initialization processed in 1467 ms
9월 26, 2014 10:05:43 오후 org.apache.catalina.core.StandardService startInternal
정보: Starting service Catalina
9월 26, 2014 10:05:43 오후 org.apache.catalina.core.StandardEngine startInternal
정보: Starting Servlet Engine: Apache Tomcat/7.0.55
9월 26, 2014 10:05:43 오후 org.apache.catalina.startup.HostConfig deployDescriptor
정보: Deploying configuration descriptor C:\project\apache-tomcat-7.0.55\conf\Catalina\localhost\solr.xml
9월 26, 2014 10:05:43 오후 org.apache.catalina.startup.HostConfig deployDescriptor
경고: A docBase C:\project\apache-tomcat-7.0.55\webapps\solr.war inside the host appBase has been specified, and will be ignored
9월 26, 2014 10:05:43 오후 org.apache.catalina.startup.SetContextPropertiesRule begin
경고: [SetContextPropertiesRule]{Context} Setting property 'debug' to '0' did not find a matching property.
9월 26, 2014 10:05:51 오후 org.apache.catalina.startup.HostConfig deployDescriptor
정보: Deployment of configuration descriptor C:\project\apache-tomcat-7.0.55\conf\Catalina\localhost\solr.xml has finished in 7,625 ms
9월 26, 2014 10:05:51 오후 org.apache.catalina.startup.HostConfig deployDirectory
정보: Deploying web application directory C:\project\apache-tomcat-7.0.55\webapps\docs
9월 26, 2014 10:05:51 오후 org.apache.catalina.startup.HostConfig deployDirectory
정보: Deployment of web application directory C:\project\apache-tomcat-7.0.55\webapps\docs has finished in 63 ms
9월 26, 2014 10:05:51 오후 org.apache.catalina.startup.HostConfig deployDirectory
정보: Deploying web application directory C:\project\apache-tomcat-7.0.55\webapps\examples
9월 26, 2014 10:05:51 오후 org.apache.catalina.startup.HostConfig deployDirectory
정보: Deployment of web application directory C:\project\apache-tomcat-7.0.55\webapps\examples has finished in 515 ms
9월 26, 2014 10:05:51 오후 org.apache.catalina.startup.HostConfig deployDirectory
정보: Deploying web application directory C:\project\apache-tomcat-7.0.55\webapps\host-manager
9월 26, 2014 10:05:51 오후 org.apache.catalina.startup.HostConfig deployDirectory
정보: Deployment of web application directory C:\project\apache-tomcat-7.0.55\webapps\host-manager has finished in 88 ms
9월 26, 2014 10:05:51 오후 org.apache.catalina.startup.HostConfig deployDirectory
정보: Deploying web application directory C:\project\apache-tomcat-7.0.55\webapps\manager
9월 26, 2014 10:05:52 오후 org.apache.catalina.startup.HostConfig deployDirectory
정보: Deployment of web application directory C:\project\apache-tomcat-7.0.55\webapps\manager has finished in 89 ms
9월 26, 2014 10:05:52 오후 org.apache.catalina.startup.HostConfig deployDirectory
정보: Deploying web application directory C:\project\apache-tomcat-7.0.55\webapps\ROOT
9월 26, 2014 10:05:52 오후 org.apache.catalina.startup.HostConfig deployDirectory
정보: Deployment of web application directory C:\project\apache-tomcat-7.0.55\webapps\ROOT has finished in 55 ms
9월 26, 2014 10:05:52 오후 org.apache.coyote.AbstractProtocol start
정보: Starting ProtocolHandler ["http-apr-8080"]
9월 26, 2014 10:05:52 오후 org.apache.coyote.AbstractProtocol start
정보: Starting ProtocolHandler ["ajp-apr-8009"]
9월 26, 2014 10:05:52 오후 org.apache.catalina.startup.Catalina start
정보: Server startup in 8518 ms
