10월 07, 2014 12:46:34 오전 org.apache.catalina.core.ApplicationContext log
정보: ContextListener: contextInitialized()
10월 07, 2014 12:46:34 오전 org.apache.catalina.core.ApplicationContext log
정보: SessionListener: contextInitialized()
10월 07, 2014 12:46:34 오전 org.apache.catalina.core.ApplicationContext log
정보: ContextListener: attributeAdded('org.apache.jasper.compiler.TldLocationsCache', 'org.apache.jasper.compiler.TldLocationsCache@4e002084')
10월 07, 2014 1:26:42 오전 org.apache.catalina.core.ApplicationContext log
정보: SessionListener: contextDestroyed()
10월 07, 2014 1:26:42 오전 org.apache.catalina.core.ApplicationContext log
정보: ContextListener: contextDestroyed()
10월 07, 2014 1:27:21 오전 org.apache.catalina.core.ApplicationContext log
정보: ContextListener: contextInitialized()
10월 07, 2014 1:27:21 오전 org.apache.catalina.core.ApplicationContext log
정보: SessionListener: contextInitialized()
10월 07, 2014 1:27:21 오전 org.apache.catalina.core.ApplicationContext log
정보: ContextListener: attributeAdded('org.apache.jasper.compiler.TldLocationsCache', 'org.apache.jasper.compiler.TldLocationsCache@1a3250c1')
10월 07, 2014 1:27:51 오전 org.apache.catalina.core.ApplicationContext log
정보: SessionListener: contextDestroyed()
10월 07, 2014 1:27:51 오전 org.apache.catalina.core.ApplicationContext log
정보: ContextListener: contextDestroyed()
10월 07, 2014 1:30:47 오전 org.apache.catalina.core.ApplicationContext log
정보: ContextListener: contextInitialized()
10월 07, 2014 1:30:47 오전 org.apache.catalina.core.ApplicationContext log
정보: SessionListener: contextInitialized()
10월 07, 2014 1:30:47 오전 org.apache.catalina.core.ApplicationContext log
정보: ContextListener: attributeAdded('org.apache.jasper.compiler.TldLocationsCache', 'org.apache.jasper.compiler.TldLocationsCache@7b883cf')
10월 07, 2014 1:41:46 오전 org.apache.catalina.core.ApplicationContext log
정보: SessionListener: contextDestroyed()
10월 07, 2014 1:41:46 오전 org.apache.catalina.core.ApplicationContext log
정보: ContextListener: contextDestroyed()
10월 07, 2014 1:42:19 오전 org.apache.catalina.core.ApplicationContext log
정보: ContextListener: contextInitialized()
10월 07, 2014 1:42:19 오전 org.apache.catalina.core.ApplicationContext log
정보: SessionListener: contextInitialized()
10월 07, 2014 1:42:19 오전 org.apache.catalina.core.ApplicationContext log
정보: ContextListener: attributeAdded('org.apache.jasper.compiler.TldLocationsCache', 'org.apache.jasper.compiler.TldLocationsCache@3a018bc')
10월 07, 2014 1:46:21 오전 org.apache.catalina.core.ApplicationContext log
정보: SessionListener: contextDestroyed()
10월 07, 2014 1:46:21 오전 org.apache.catalina.core.ApplicationContext log
정보: ContextListener: contextDestroyed()
10월 07, 2014 1:47:17 오전 org.apache.catalina.core.ApplicationContext log
정보: ContextListener: contextInitialized()
10월 07, 2014 1:47:17 오전 org.apache.catalina.core.ApplicationContext log
정보: SessionListener: contextInitialized()
10월 07, 2014 1:47:17 오전 org.apache.catalina.core.ApplicationContext log
정보: ContextListener: attributeAdded('org.apache.jasper.compiler.TldLocationsCache', 'org.apache.jasper.compiler.TldLocationsCache@4778d705')
10월 07, 2014 1:52:35 오전 org.apache.catalina.core.ApplicationContext log
정보: SessionListener: contextDestroyed()
10월 07, 2014 1:52:35 오전 org.apache.catalina.core.ApplicationContext log
정보: ContextListener: contextDestroyed()
10월 07, 2014 1:53:20 오전 org.apache.catalina.core.ApplicationContext log
정보: ContextListener: contextInitialized()
10월 07, 2014 1:53:20 오전 org.apache.catalina.core.ApplicationContext log
정보: SessionListener: contextInitialized()
10월 07, 2014 1:53:20 오전 org.apache.catalina.core.ApplicationContext log
정보: ContextListener: attributeAdded('org.apache.jasper.compiler.TldLocationsCache', 'org.apache.jasper.compiler.TldLocationsCache@244072d2')
10월 07, 2014 2:01:25 오전 org.apache.catalina.core.ApplicationContext log
정보: SessionListener: contextDestroyed()
10월 07, 2014 2:01:25 오전 org.apache.catalina.core.ApplicationContext log
정보: ContextListener: contextDestroyed()
