9월 26, 2014 6:31:04 오후 org.apache.catalina.core.ApplicationContext log
정보: ContextListener: contextInitialized()
9월 26, 2014 6:31:04 오후 org.apache.catalina.core.ApplicationContext log
정보: SessionListener: contextInitialized()
9월 26, 2014 6:31:04 오후 org.apache.catalina.core.ApplicationContext log
정보: ContextListener: attributeAdded('org.apache.jasper.compiler.TldLocationsCache', 'org.apache.jasper.compiler.TldLocationsCache@62903e23')
9월 26, 2014 6:31:27 오후 org.apache.catalina.core.ApplicationContext log
정보: SessionListener: contextDestroyed()
9월 26, 2014 6:31:27 오후 org.apache.catalina.core.ApplicationContext log
정보: ContextListener: contextDestroyed()
9월 26, 2014 6:50:49 오후 org.apache.catalina.core.ApplicationContext log
정보: ContextListener: contextInitialized()
9월 26, 2014 6:50:49 오후 org.apache.catalina.core.ApplicationContext log
정보: SessionListener: contextInitialized()
9월 26, 2014 6:50:49 오후 org.apache.catalina.core.ApplicationContext log
정보: ContextListener: attributeAdded('org.apache.jasper.compiler.TldLocationsCache', 'org.apache.jasper.compiler.TldLocationsCache@47aa0f21')
9월 26, 2014 6:51:18 오후 org.apache.catalina.core.ApplicationContext log
정보: SessionListener: contextDestroyed()
9월 26, 2014 6:51:18 오후 org.apache.catalina.core.ApplicationContext log
정보: ContextListener: contextDestroyed()
9월 26, 2014 6:51:47 오후 org.apache.catalina.core.ApplicationContext log
정보: ContextListener: contextInitialized()
9월 26, 2014 6:51:47 오후 org.apache.catalina.core.ApplicationContext log
정보: SessionListener: contextInitialized()
9월 26, 2014 6:51:48 오후 org.apache.catalina.core.ApplicationContext log
정보: ContextListener: attributeAdded('org.apache.jasper.compiler.TldLocationsCache', 'org.apache.jasper.compiler.TldLocationsCache@33d579b8')
9월 26, 2014 6:52:03 오후 org.apache.catalina.core.ApplicationContext log
정보: SessionListener: contextDestroyed()
9월 26, 2014 6:52:03 오후 org.apache.catalina.core.ApplicationContext log
정보: ContextListener: contextDestroyed()
9월 26, 2014 6:53:06 오후 org.apache.catalina.core.ApplicationContext log
정보: ContextListener: contextInitialized()
9월 26, 2014 6:53:06 오후 org.apache.catalina.core.ApplicationContext log
정보: SessionListener: contextInitialized()
9월 26, 2014 6:53:06 오후 org.apache.catalina.core.ApplicationContext log
정보: ContextListener: attributeAdded('org.apache.jasper.compiler.TldLocationsCache', 'org.apache.jasper.compiler.TldLocationsCache@160e6784')
9월 26, 2014 6:53:31 오후 org.apache.catalina.core.ApplicationContext log
정보: SessionListener: contextDestroyed()
9월 26, 2014 6:53:31 오후 org.apache.catalina.core.ApplicationContext log
정보: ContextListener: contextDestroyed()
9월 26, 2014 8:08:52 오후 org.apache.catalina.core.ApplicationContext log
정보: ContextListener: contextInitialized()
9월 26, 2014 8:08:52 오후 org.apache.catalina.core.ApplicationContext log
정보: SessionListener: contextInitialized()
9월 26, 2014 8:08:52 오후 org.apache.catalina.core.ApplicationContext log
정보: ContextListener: attributeAdded('org.apache.jasper.compiler.TldLocationsCache', 'org.apache.jasper.compiler.TldLocationsCache@5739e2f7')
9월 26, 2014 8:23:02 오후 org.apache.catalina.core.ApplicationContext log
정보: SessionListener: contextDestroyed()
9월 26, 2014 8:23:02 오후 org.apache.catalina.core.ApplicationContext log
정보: ContextListener: contextDestroyed()
9월 26, 2014 8:23:15 오후 org.apache.catalina.core.ApplicationContext log
정보: ContextListener: contextInitialized()
9월 26, 2014 8:23:15 오후 org.apache.catalina.core.ApplicationContext log
정보: SessionListener: contextInitialized()
9월 26, 2014 8:23:15 오후 org.apache.catalina.core.ApplicationContext log
정보: ContextListener: attributeAdded('org.apache.jasper.compiler.TldLocationsCache', 'org.apache.jasper.compiler.TldLocationsCache@2302111e')
9월 26, 2014 8:23:18 오후 org.apache.catalina.core.ApplicationContext log
정보: SessionListener: contextDestroyed()
9월 26, 2014 8:23:18 오후 org.apache.catalina.core.ApplicationContext log
정보: ContextListener: contextDestroyed()
9월 26, 2014 8:23:40 오후 org.apache.catalina.core.ApplicationContext log
정보: ContextListener: contextInitialized()
9월 26, 2014 8:23:40 오후 org.apache.catalina.core.ApplicationContext log
정보: SessionListener: contextInitialized()
9월 26, 2014 8:23:40 오후 org.apache.catalina.core.ApplicationContext log
정보: ContextListener: attributeAdded('org.apache.jasper.compiler.TldLocationsCache', 'org.apache.jasper.compiler.TldLocationsCache@904bbee')
9월 26, 2014 8:24:04 오후 org.apache.catalina.core.ApplicationContext log
정보: SessionListener: contextDestroyed()
9월 26, 2014 8:24:04 오후 org.apache.catalina.core.ApplicationContext log
정보: ContextListener: contextDestroyed()
9월 26, 2014 8:27:11 오후 org.apache.catalina.core.ApplicationContext log
정보: ContextListener: contextInitialized()
9월 26, 2014 8:27:11 오후 org.apache.catalina.core.ApplicationContext log
정보: SessionListener: contextInitialized()
9월 26, 2014 8:27:11 오후 org.apache.catalina.core.ApplicationContext log
정보: ContextListener: attributeAdded('org.apache.jasper.compiler.TldLocationsCache', 'org.apache.jasper.compiler.TldLocationsCache@8081e3e')
9월 26, 2014 9:14:01 오후 org.apache.catalina.core.ApplicationContext log
정보: SessionListener: contextDestroyed()
9월 26, 2014 9:14:01 오후 org.apache.catalina.core.ApplicationContext log
정보: ContextListener: contextDestroyed()
9월 26, 2014 10:05:51 오후 org.apache.catalina.core.ApplicationContext log
정보: ContextListener: contextInitialized()
9월 26, 2014 10:05:51 오후 org.apache.catalina.core.ApplicationContext log
정보: SessionListener: contextInitialized()
9월 26, 2014 10:05:51 오후 org.apache.catalina.core.ApplicationContext log
정보: ContextListener: attributeAdded('org.apache.jasper.compiler.TldLocationsCache', 'org.apache.jasper.compiler.TldLocationsCache@1cb4dd43')
