10월 11, 2014 10:59:02 오후 org.apache.catalina.core.ApplicationContext log
정보: ContextListener: contextInitialized()
10월 11, 2014 10:59:02 오후 org.apache.catalina.core.ApplicationContext log
정보: SessionListener: contextInitialized()
10월 11, 2014 10:59:02 오후 org.apache.catalina.core.ApplicationContext log
정보: ContextListener: attributeAdded('org.apache.jasper.compiler.TldLocationsCache', 'org.apache.jasper.compiler.TldLocationsCache@3470e41a')
10월 11, 2014 11:00:12 오후 org.apache.catalina.core.ApplicationContext log
정보: SessionListener: contextDestroyed()
10월 11, 2014 11:00:12 오후 org.apache.catalina.core.ApplicationContext log
정보: ContextListener: contextDestroyed()
10월 11, 2014 11:05:12 오후 org.apache.catalina.core.ApplicationContext log
정보: ContextListener: contextInitialized()
10월 11, 2014 11:05:12 오후 org.apache.catalina.core.ApplicationContext log
정보: SessionListener: contextInitialized()
10월 11, 2014 11:05:12 오후 org.apache.catalina.core.ApplicationContext log
정보: ContextListener: attributeAdded('org.apache.jasper.compiler.TldLocationsCache', 'org.apache.jasper.compiler.TldLocationsCache@68b5995e')
10월 11, 2014 11:35:28 오후 org.apache.catalina.core.ApplicationContext log
정보: SessionListener: contextDestroyed()
10월 11, 2014 11:35:28 오후 org.apache.catalina.core.ApplicationContext log
정보: ContextListener: contextDestroyed()
10월 11, 2014 11:52:35 오후 org.apache.catalina.core.ApplicationContext log
정보: ContextListener: contextInitialized()
10월 11, 2014 11:52:35 오후 org.apache.catalina.core.ApplicationContext log
정보: SessionListener: contextInitialized()
10월 11, 2014 11:52:35 오후 org.apache.catalina.core.ApplicationContext log
정보: ContextListener: attributeAdded('org.apache.jasper.compiler.TldLocationsCache', 'org.apache.jasper.compiler.TldLocationsCache@169d0dac')
10월 11, 2014 11:55:17 오후 org.apache.catalina.core.ApplicationContext log
정보: SessionListener: contextDestroyed()
10월 11, 2014 11:55:17 오후 org.apache.catalina.core.ApplicationContext log
정보: ContextListener: contextDestroyed()
10월 11, 2014 11:55:49 오후 org.apache.catalina.core.ApplicationContext log
정보: ContextListener: contextInitialized()
10월 11, 2014 11:55:49 오후 org.apache.catalina.core.ApplicationContext log
정보: SessionListener: contextInitialized()
10월 11, 2014 11:55:49 오후 org.apache.catalina.core.ApplicationContext log
정보: ContextListener: attributeAdded('org.apache.jasper.compiler.TldLocationsCache', 'org.apache.jasper.compiler.TldLocationsCache@7ff2f2f7')
10월 11, 2014 11:58:18 오후 org.apache.catalina.core.ApplicationContext log
정보: SessionListener: contextDestroyed()
10월 11, 2014 11:58:18 오후 org.apache.catalina.core.ApplicationContext log
정보: ContextListener: contextDestroyed()
