10월 12, 2014 1:01:01 오전 org.apache.catalina.core.ApplicationContext log
정보: ContextListener: contextInitialized()
10월 12, 2014 1:01:01 오전 org.apache.catalina.core.ApplicationContext log
정보: SessionListener: contextInitialized()
10월 12, 2014 1:01:01 오전 org.apache.catalina.core.ApplicationContext log
정보: ContextListener: attributeAdded('org.apache.jasper.compiler.TldLocationsCache', 'org.apache.jasper.compiler.TldLocationsCache@722151a4')
10월 12, 2014 1:12:26 오전 org.apache.catalina.core.ApplicationContext log
정보: SessionListener: contextDestroyed()
10월 12, 2014 1:12:26 오전 org.apache.catalina.core.ApplicationContext log
정보: ContextListener: contextDestroyed()
10월 12, 2014 1:12:42 오전 org.apache.catalina.core.ApplicationContext log
정보: ContextListener: contextInitialized()
10월 12, 2014 1:12:42 오전 org.apache.catalina.core.ApplicationContext log
정보: SessionListener: contextInitialized()
10월 12, 2014 1:12:42 오전 org.apache.catalina.core.ApplicationContext log
정보: ContextListener: attributeAdded('org.apache.jasper.compiler.TldLocationsCache', 'org.apache.jasper.compiler.TldLocationsCache@63cf8142')
10월 12, 2014 1:15:24 오전 org.apache.catalina.core.ApplicationContext log
정보: SessionListener: contextDestroyed()
10월 12, 2014 1:15:24 오전 org.apache.catalina.core.ApplicationContext log
정보: ContextListener: contextDestroyed()
10월 12, 2014 1:15:41 오전 org.apache.catalina.core.ApplicationContext log
정보: ContextListener: contextInitialized()
10월 12, 2014 1:15:41 오전 org.apache.catalina.core.ApplicationContext log
정보: SessionListener: contextInitialized()
10월 12, 2014 1:15:41 오전 org.apache.catalina.core.ApplicationContext log
정보: ContextListener: attributeAdded('org.apache.jasper.compiler.TldLocationsCache', 'org.apache.jasper.compiler.TldLocationsCache@3a26243f')
10월 12, 2014 1:21:06 오전 org.apache.catalina.core.ApplicationContext log
정보: SessionListener: contextDestroyed()
10월 12, 2014 1:21:06 오전 org.apache.catalina.core.ApplicationContext log
정보: ContextListener: contextDestroyed()
10월 12, 2014 1:21:23 오전 org.apache.catalina.core.ApplicationContext log
정보: ContextListener: contextInitialized()
10월 12, 2014 1:21:23 오전 org.apache.catalina.core.ApplicationContext log
정보: SessionListener: contextInitialized()
10월 12, 2014 1:21:23 오전 org.apache.catalina.core.ApplicationContext log
정보: ContextListener: attributeAdded('org.apache.jasper.compiler.TldLocationsCache', 'org.apache.jasper.compiler.TldLocationsCache@353a271d')
10월 12, 2014 1:25:21 오전 org.apache.catalina.core.ApplicationContext log
정보: SessionListener: contextDestroyed()
10월 12, 2014 1:25:21 오전 org.apache.catalina.core.ApplicationContext log
정보: ContextListener: contextDestroyed()
10월 12, 2014 1:25:36 오전 org.apache.catalina.core.ApplicationContext log
정보: ContextListener: contextInitialized()
10월 12, 2014 1:25:36 오전 org.apache.catalina.core.ApplicationContext log
정보: SessionListener: contextInitialized()
10월 12, 2014 1:25:36 오전 org.apache.catalina.core.ApplicationContext log
정보: ContextListener: attributeAdded('org.apache.jasper.compiler.TldLocationsCache', 'org.apache.jasper.compiler.TldLocationsCache@3d12d2ea')
10월 12, 2014 1:35:35 오전 org.apache.catalina.core.ApplicationContext log
정보: SessionListener: contextDestroyed()
10월 12, 2014 1:35:35 오전 org.apache.catalina.core.ApplicationContext log
정보: ContextListener: contextDestroyed()
10월 12, 2014 1:35:50 오전 org.apache.catalina.core.ApplicationContext log
정보: ContextListener: contextInitialized()
10월 12, 2014 1:35:50 오전 org.apache.catalina.core.ApplicationContext log
정보: SessionListener: contextInitialized()
10월 12, 2014 1:35:50 오전 org.apache.catalina.core.ApplicationContext log
정보: ContextListener: attributeAdded('org.apache.jasper.compiler.TldLocationsCache', 'org.apache.jasper.compiler.TldLocationsCache@2e119953')
10월 12, 2014 1:39:07 오전 org.apache.catalina.core.ApplicationContext log
정보: SessionListener: contextDestroyed()
10월 12, 2014 1:39:07 오전 org.apache.catalina.core.ApplicationContext log
정보: ContextListener: contextDestroyed()
10월 12, 2014 1:39:23 오전 org.apache.catalina.core.ApplicationContext log
정보: ContextListener: contextInitialized()
10월 12, 2014 1:39:23 오전 org.apache.catalina.core.ApplicationContext log
정보: SessionListener: contextInitialized()
10월 12, 2014 1:39:23 오전 org.apache.catalina.core.ApplicationContext log
정보: ContextListener: attributeAdded('org.apache.jasper.compiler.TldLocationsCache', 'org.apache.jasper.compiler.TldLocationsCache@3cf85ede')
10월 12, 2014 1:42:54 오전 org.apache.catalina.core.ApplicationContext log
정보: SessionListener: contextDestroyed()
10월 12, 2014 1:42:54 오전 org.apache.catalina.core.ApplicationContext log
정보: ContextListener: contextDestroyed()
10월 12, 2014 1:43:15 오전 org.apache.catalina.core.ApplicationContext log
정보: ContextListener: contextInitialized()
10월 12, 2014 1:43:15 오전 org.apache.catalina.core.ApplicationContext log
정보: SessionListener: contextInitialized()
10월 12, 2014 1:43:15 오전 org.apache.catalina.core.ApplicationContext log
정보: ContextListener: attributeAdded('org.apache.jasper.compiler.TldLocationsCache', 'org.apache.jasper.compiler.TldLocationsCache@95667fe')
10월 12, 2014 1:48:29 오전 org.apache.catalina.core.ApplicationContext log
정보: SessionListener: contextDestroyed()
10월 12, 2014 1:48:29 오전 org.apache.catalina.core.ApplicationContext log
정보: ContextListener: contextDestroyed()
10월 12, 2014 1:48:50 오전 org.apache.catalina.core.ApplicationContext log
정보: ContextListener: contextInitialized()
10월 12, 2014 1:48:50 오전 org.apache.catalina.core.ApplicationContext log
정보: SessionListener: contextInitialized()
10월 12, 2014 1:48:50 오전 org.apache.catalina.core.ApplicationContext log
정보: ContextListener: attributeAdded('org.apache.jasper.compiler.TldLocationsCache', 'org.apache.jasper.compiler.TldLocationsCache@5344d1e1')
10월 12, 2014 1:59:04 오전 org.apache.catalina.core.ApplicationContext log
정보: SessionListener: contextDestroyed()
10월 12, 2014 1:59:04 오전 org.apache.catalina.core.ApplicationContext log
정보: ContextListener: contextDestroyed()
10월 12, 2014 1:59:26 오전 org.apache.catalina.core.ApplicationContext log
정보: ContextListener: contextInitialized()
10월 12, 2014 1:59:26 오전 org.apache.catalina.core.ApplicationContext log
정보: SessionListener: contextInitialized()
10월 12, 2014 1:59:26 오전 org.apache.catalina.core.ApplicationContext log
정보: ContextListener: attributeAdded('org.apache.jasper.compiler.TldLocationsCache', 'org.apache.jasper.compiler.TldLocationsCache@2ad02ed4')
10월 12, 2014 2:00:13 오전 org.apache.catalina.core.ApplicationContext log
정보: SessionListener: contextDestroyed()
10월 12, 2014 2:00:13 오전 org.apache.catalina.core.ApplicationContext log
정보: ContextListener: contextDestroyed()
10월 12, 2014 2:04:58 오전 org.apache.catalina.core.ApplicationContext log
정보: ContextListener: contextInitialized()
10월 12, 2014 2:04:58 오전 org.apache.catalina.core.ApplicationContext log
정보: SessionListener: contextInitialized()
10월 12, 2014 2:04:58 오전 org.apache.catalina.core.ApplicationContext log
정보: ContextListener: attributeAdded('org.apache.jasper.compiler.TldLocationsCache', 'org.apache.jasper.compiler.TldLocationsCache@7f68faf3')
10월 12, 2014 2:26:06 오전 org.apache.catalina.core.ApplicationContext log
정보: SessionListener: contextDestroyed()
10월 12, 2014 2:26:06 오전 org.apache.catalina.core.ApplicationContext log
정보: ContextListener: contextDestroyed()
10월 12, 2014 2:26:28 오전 org.apache.catalina.core.ApplicationContext log
정보: ContextListener: contextInitialized()
10월 12, 2014 2:26:28 오전 org.apache.catalina.core.ApplicationContext log
정보: SessionListener: contextInitialized()
10월 12, 2014 2:26:28 오전 org.apache.catalina.core.ApplicationContext log
정보: ContextListener: attributeAdded('org.apache.jasper.compiler.TldLocationsCache', 'org.apache.jasper.compiler.TldLocationsCache@440493fb')
10월 12, 2014 2:29:12 오전 org.apache.catalina.core.ApplicationContext log
정보: SessionListener: contextDestroyed()
10월 12, 2014 2:29:12 오전 org.apache.catalina.core.ApplicationContext log
정보: ContextListener: contextDestroyed()
10월 12, 2014 5:05:35 오후 org.apache.catalina.core.ApplicationContext log
정보: ContextListener: contextInitialized()
10월 12, 2014 5:05:35 오후 org.apache.catalina.core.ApplicationContext log
정보: SessionListener: contextInitialized()
10월 12, 2014 5:05:35 오후 org.apache.catalina.core.ApplicationContext log
정보: ContextListener: attributeAdded('org.apache.jasper.compiler.TldLocationsCache', 'org.apache.jasper.compiler.TldLocationsCache@3e13bdf5')
10월 12, 2014 5:37:42 오후 org.apache.catalina.core.ApplicationContext log
정보: SessionListener: contextDestroyed()
10월 12, 2014 5:37:42 오후 org.apache.catalina.core.ApplicationContext log
정보: ContextListener: contextDestroyed()
10월 12, 2014 6:51:45 오후 org.apache.catalina.core.ApplicationContext log
정보: ContextListener: contextInitialized()
10월 12, 2014 6:51:45 오후 org.apache.catalina.core.ApplicationContext log
정보: SessionListener: contextInitialized()
10월 12, 2014 6:51:45 오후 org.apache.catalina.core.ApplicationContext log
정보: ContextListener: attributeAdded('org.apache.jasper.compiler.TldLocationsCache', 'org.apache.jasper.compiler.TldLocationsCache@5b4d49aa')
10월 12, 2014 6:52:52 오후 org.apache.catalina.core.ApplicationContext log
정보: SessionListener: contextDestroyed()
10월 12, 2014 6:52:52 오후 org.apache.catalina.core.ApplicationContext log
정보: ContextListener: contextDestroyed()
