9월 16, 2014 12:10:38 오전 org.apache.catalina.core.ApplicationContext log
정보: ContextListener: contextInitialized()
9월 16, 2014 12:10:38 오전 org.apache.catalina.core.ApplicationContext log
정보: SessionListener: contextInitialized()
9월 16, 2014 12:10:39 오전 org.apache.catalina.core.ApplicationContext log
정보: ContextListener: attributeAdded('org.apache.jasper.compiler.TldLocationsCache', 'org.apache.jasper.compiler.TldLocationsCache@155054f0')
9월 16, 2014 12:11:54 오전 org.apache.catalina.core.ApplicationContext log
정보: SessionListener: contextDestroyed()
9월 16, 2014 12:11:54 오전 org.apache.catalina.core.ApplicationContext log
정보: ContextListener: contextDestroyed()
9월 16, 2014 12:21:59 오전 org.apache.catalina.core.ApplicationContext log
정보: ContextListener: contextInitialized()
9월 16, 2014 12:21:59 오전 org.apache.catalina.core.ApplicationContext log
정보: SessionListener: contextInitialized()
9월 16, 2014 12:21:59 오전 org.apache.catalina.core.ApplicationContext log
정보: ContextListener: attributeAdded('org.apache.jasper.compiler.TldLocationsCache', 'org.apache.jasper.compiler.TldLocationsCache@3869e433')
9월 16, 2014 12:25:00 오전 org.apache.catalina.core.ApplicationContext log
정보: ContextListener: contextInitialized()
9월 16, 2014 12:25:00 오전 org.apache.catalina.core.ApplicationContext log
정보: SessionListener: contextInitialized()
9월 16, 2014 12:25:00 오전 org.apache.catalina.core.ApplicationContext log
정보: ContextListener: attributeAdded('org.apache.jasper.compiler.TldLocationsCache', 'org.apache.jasper.compiler.TldLocationsCache@2caf64a6')
9월 16, 2014 12:25:00 오전 org.apache.catalina.core.ApplicationContext log
정보: SessionListener: contextDestroyed()
9월 16, 2014 12:25:00 오전 org.apache.catalina.core.ApplicationContext log
정보: ContextListener: contextDestroyed()
9월 16, 2014 12:25:03 오전 org.apache.catalina.core.ApplicationContext log
정보: SessionListener: contextDestroyed()
9월 16, 2014 12:25:03 오전 org.apache.catalina.core.ApplicationContext log
정보: ContextListener: contextDestroyed()
9월 16, 2014 12:25:53 오전 org.apache.catalina.core.ApplicationContext log
정보: ContextListener: contextInitialized()
9월 16, 2014 12:25:53 오전 org.apache.catalina.core.ApplicationContext log
정보: SessionListener: contextInitialized()
9월 16, 2014 12:25:53 오전 org.apache.catalina.core.ApplicationContext log
정보: ContextListener: attributeAdded('org.apache.jasper.compiler.TldLocationsCache', 'org.apache.jasper.compiler.TldLocationsCache@35d61702')
9월 16, 2014 12:28:18 오전 org.apache.catalina.core.ApplicationContext log
정보: SessionListener: contextDestroyed()
9월 16, 2014 12:28:18 오전 org.apache.catalina.core.ApplicationContext log
정보: ContextListener: contextDestroyed()
9월 16, 2014 12:28:22 오전 org.apache.catalina.core.ApplicationContext log
정보: ContextListener: contextInitialized()
9월 16, 2014 12:28:22 오전 org.apache.catalina.core.ApplicationContext log
정보: SessionListener: contextInitialized()
9월 16, 2014 12:28:22 오전 org.apache.catalina.core.ApplicationContext log
정보: ContextListener: attributeAdded('org.apache.jasper.compiler.TldLocationsCache', 'org.apache.jasper.compiler.TldLocationsCache@13044b0f')
9월 16, 2014 12:29:30 오전 org.apache.catalina.core.ApplicationContext log
정보: SessionListener: contextDestroyed()
9월 16, 2014 12:29:30 오전 org.apache.catalina.core.ApplicationContext log
정보: ContextListener: contextDestroyed()
9월 16, 2014 12:29:51 오전 org.apache.catalina.core.ApplicationContext log
정보: ContextListener: contextInitialized()
9월 16, 2014 12:29:51 오전 org.apache.catalina.core.ApplicationContext log
정보: SessionListener: contextInitialized()
9월 16, 2014 12:29:51 오전 org.apache.catalina.core.ApplicationContext log
정보: ContextListener: attributeAdded('org.apache.jasper.compiler.TldLocationsCache', 'org.apache.jasper.compiler.TldLocationsCache@2dabdb44')
9월 16, 2014 12:30:47 오전 org.apache.catalina.core.ApplicationContext log
정보: SessionListener: contextDestroyed()
9월 16, 2014 12:30:47 오전 org.apache.catalina.core.ApplicationContext log
정보: ContextListener: contextDestroyed()
9월 16, 2014 12:37:44 오전 org.apache.catalina.core.ApplicationContext log
정보: ContextListener: contextInitialized()
9월 16, 2014 12:37:44 오전 org.apache.catalina.core.ApplicationContext log
정보: SessionListener: contextInitialized()
9월 16, 2014 12:37:44 오전 org.apache.catalina.core.ApplicationContext log
정보: ContextListener: attributeAdded('org.apache.jasper.compiler.TldLocationsCache', 'org.apache.jasper.compiler.TldLocationsCache@155ce3e6')
9월 16, 2014 12:39:02 오전 org.apache.catalina.core.ApplicationContext log
정보: SessionListener: contextDestroyed()
9월 16, 2014 12:39:02 오전 org.apache.catalina.core.ApplicationContext log
정보: ContextListener: contextDestroyed()
9월 16, 2014 1:04:07 오전 org.apache.catalina.core.ApplicationContext log
정보: ContextListener: contextInitialized()
9월 16, 2014 1:04:07 오전 org.apache.catalina.core.ApplicationContext log
정보: SessionListener: contextInitialized()
9월 16, 2014 1:04:07 오전 org.apache.catalina.core.ApplicationContext log
정보: ContextListener: attributeAdded('org.apache.jasper.compiler.TldLocationsCache', 'org.apache.jasper.compiler.TldLocationsCache@75885ad3')
9월 16, 2014 1:05:57 오전 org.apache.catalina.core.ApplicationContext log
정보: SessionListener: contextDestroyed()
9월 16, 2014 1:05:57 오전 org.apache.catalina.core.ApplicationContext log
정보: ContextListener: contextDestroyed()
9월 16, 2014 1:06:18 오전 org.apache.catalina.core.ApplicationContext log
정보: ContextListener: contextInitialized()
9월 16, 2014 1:06:18 오전 org.apache.catalina.core.ApplicationContext log
정보: SessionListener: contextInitialized()
9월 16, 2014 1:06:18 오전 org.apache.catalina.core.ApplicationContext log
정보: ContextListener: attributeAdded('org.apache.jasper.compiler.TldLocationsCache', 'org.apache.jasper.compiler.TldLocationsCache@527185c6')
9월 16, 2014 1:08:32 오전 org.apache.catalina.core.ApplicationContext log
정보: SessionListener: contextDestroyed()
9월 16, 2014 1:08:32 오전 org.apache.catalina.core.ApplicationContext log
정보: ContextListener: contextDestroyed()
9월 16, 2014 1:08:52 오전 org.apache.catalina.core.ApplicationContext log
정보: ContextListener: contextInitialized()
9월 16, 2014 1:08:52 오전 org.apache.catalina.core.ApplicationContext log
정보: SessionListener: contextInitialized()
9월 16, 2014 1:08:52 오전 org.apache.catalina.core.ApplicationContext log
정보: ContextListener: attributeAdded('org.apache.jasper.compiler.TldLocationsCache', 'org.apache.jasper.compiler.TldLocationsCache@6dd91aab')
9월 16, 2014 1:20:33 오전 org.apache.catalina.core.ApplicationContext log
정보: SessionListener: contextDestroyed()
9월 16, 2014 1:20:33 오전 org.apache.catalina.core.ApplicationContext log
정보: ContextListener: contextDestroyed()
9월 16, 2014 1:20:53 오전 org.apache.catalina.core.ApplicationContext log
정보: ContextListener: contextInitialized()
9월 16, 2014 1:20:53 오전 org.apache.catalina.core.ApplicationContext log
정보: SessionListener: contextInitialized()
9월 16, 2014 1:20:53 오전 org.apache.catalina.core.ApplicationContext log
정보: ContextListener: attributeAdded('org.apache.jasper.compiler.TldLocationsCache', 'org.apache.jasper.compiler.TldLocationsCache@c891688')
9월 16, 2014 1:22:09 오전 org.apache.catalina.core.ApplicationContext log
정보: SessionListener: contextDestroyed()
9월 16, 2014 1:22:09 오전 org.apache.catalina.core.ApplicationContext log
정보: ContextListener: contextDestroyed()
9월 16, 2014 1:22:24 오전 org.apache.catalina.core.ApplicationContext log
정보: ContextListener: contextInitialized()
9월 16, 2014 1:22:24 오전 org.apache.catalina.core.ApplicationContext log
정보: SessionListener: contextInitialized()
9월 16, 2014 1:22:24 오전 org.apache.catalina.core.ApplicationContext log
정보: ContextListener: attributeAdded('org.apache.jasper.compiler.TldLocationsCache', 'org.apache.jasper.compiler.TldLocationsCache@53298398')
9월 16, 2014 1:25:08 오전 org.apache.catalina.core.ApplicationContext log
정보: SessionListener: contextDestroyed()
9월 16, 2014 1:25:08 오전 org.apache.catalina.core.ApplicationContext log
정보: ContextListener: contextDestroyed()
9월 16, 2014 1:25:28 오전 org.apache.catalina.core.ApplicationContext log
정보: ContextListener: contextInitialized()
9월 16, 2014 1:25:28 오전 org.apache.catalina.core.ApplicationContext log
정보: SessionListener: contextInitialized()
9월 16, 2014 1:25:28 오전 org.apache.catalina.core.ApplicationContext log
정보: ContextListener: attributeAdded('org.apache.jasper.compiler.TldLocationsCache', 'org.apache.jasper.compiler.TldLocationsCache@2e1ec5b4')
9월 16, 2014 1:52:13 오전 org.apache.catalina.core.ApplicationContext log
정보: SessionListener: contextDestroyed()
9월 16, 2014 1:52:13 오전 org.apache.catalina.core.ApplicationContext log
정보: ContextListener: contextDestroyed()
9월 16, 2014 2:41:49 오전 org.apache.catalina.core.ApplicationContext log
정보: ContextListener: contextInitialized()
9월 16, 2014 2:41:49 오전 org.apache.catalina.core.ApplicationContext log
정보: SessionListener: contextInitialized()
9월 16, 2014 2:41:49 오전 org.apache.catalina.core.ApplicationContext log
정보: ContextListener: attributeAdded('org.apache.jasper.compiler.TldLocationsCache', 'org.apache.jasper.compiler.TldLocationsCache@68b5995e')
9월 16, 2014 2:44:14 오전 org.apache.catalina.core.ApplicationContext log
정보: SessionListener: contextDestroyed()
9월 16, 2014 2:44:14 오전 org.apache.catalina.core.ApplicationContext log
정보: ContextListener: contextDestroyed()
9월 16, 2014 2:44:34 오전 org.apache.catalina.core.ApplicationContext log
정보: ContextListener: contextInitialized()
9월 16, 2014 2:44:34 오전 org.apache.catalina.core.ApplicationContext log
정보: SessionListener: contextInitialized()
9월 16, 2014 2:44:34 오전 org.apache.catalina.core.ApplicationContext log
정보: ContextListener: attributeAdded('org.apache.jasper.compiler.TldLocationsCache', 'org.apache.jasper.compiler.TldLocationsCache@218ef476')
9월 16, 2014 2:49:03 오전 org.apache.catalina.core.ApplicationContext log
정보: SessionListener: contextDestroyed()
9월 16, 2014 2:49:03 오전 org.apache.catalina.core.ApplicationContext log
정보: ContextListener: contextDestroyed()
9월 16, 2014 2:49:23 오전 org.apache.catalina.core.ApplicationContext log
정보: ContextListener: contextInitialized()
9월 16, 2014 2:49:23 오전 org.apache.catalina.core.ApplicationContext log
정보: SessionListener: contextInitialized()
9월 16, 2014 2:49:23 오전 org.apache.catalina.core.ApplicationContext log
정보: ContextListener: attributeAdded('org.apache.jasper.compiler.TldLocationsCache', 'org.apache.jasper.compiler.TldLocationsCache@37982fb4')
9월 16, 2014 2:50:05 오전 org.apache.catalina.core.ApplicationContext log
정보: SessionListener: contextDestroyed()
9월 16, 2014 2:50:05 오전 org.apache.catalina.core.ApplicationContext log
정보: ContextListener: contextDestroyed()
9월 16, 2014 2:50:25 오전 org.apache.catalina.core.ApplicationContext log
정보: ContextListener: contextInitialized()
9월 16, 2014 2:50:25 오전 org.apache.catalina.core.ApplicationContext log
정보: SessionListener: contextInitialized()
9월 16, 2014 2:50:25 오전 org.apache.catalina.core.ApplicationContext log
정보: ContextListener: attributeAdded('org.apache.jasper.compiler.TldLocationsCache', 'org.apache.jasper.compiler.TldLocationsCache@41d1ba82')
9월 16, 2014 2:56:00 오전 org.apache.catalina.core.ApplicationContext log
정보: SessionListener: contextDestroyed()
9월 16, 2014 2:56:00 오전 org.apache.catalina.core.ApplicationContext log
정보: ContextListener: contextDestroyed()
9월 16, 2014 2:56:20 오전 org.apache.catalina.core.ApplicationContext log
정보: ContextListener: contextInitialized()
9월 16, 2014 2:56:20 오전 org.apache.catalina.core.ApplicationContext log
정보: SessionListener: contextInitialized()
9월 16, 2014 2:56:20 오전 org.apache.catalina.core.ApplicationContext log
정보: ContextListener: attributeAdded('org.apache.jasper.compiler.TldLocationsCache', 'org.apache.jasper.compiler.TldLocationsCache@194785c2')
9월 16, 2014 3:02:46 오전 org.apache.catalina.core.ApplicationContext log
정보: SessionListener: contextDestroyed()
9월 16, 2014 3:02:46 오전 org.apache.catalina.core.ApplicationContext log
정보: ContextListener: contextDestroyed()
9월 16, 2014 11:28:37 오전 org.apache.catalina.core.ApplicationContext log
정보: ContextListener: contextInitialized()
9월 16, 2014 11:28:37 오전 org.apache.catalina.core.ApplicationContext log
정보: SessionListener: contextInitialized()
9월 16, 2014 11:28:37 오전 org.apache.catalina.core.ApplicationContext log
정보: ContextListener: attributeAdded('org.apache.jasper.compiler.TldLocationsCache', 'org.apache.jasper.compiler.TldLocationsCache@57747bac')
9월 16, 2014 11:29:03 오전 org.apache.catalina.core.ApplicationContext log
정보: SessionListener: contextDestroyed()
9월 16, 2014 11:29:03 오전 org.apache.catalina.core.ApplicationContext log
정보: ContextListener: contextDestroyed()
9월 16, 2014 2:51:36 오후 org.apache.catalina.core.ApplicationContext log
정보: ContextListener: contextInitialized()
9월 16, 2014 2:51:36 오후 org.apache.catalina.core.ApplicationContext log
정보: SessionListener: contextInitialized()
9월 16, 2014 2:51:36 오후 org.apache.catalina.core.ApplicationContext log
정보: ContextListener: attributeAdded('org.apache.jasper.compiler.TldLocationsCache', 'org.apache.jasper.compiler.TldLocationsCache@7c698b24')
9월 16, 2014 2:57:04 오후 org.apache.catalina.core.ApplicationContext log
정보: SessionListener: contextDestroyed()
9월 16, 2014 2:57:04 오후 org.apache.catalina.core.ApplicationContext log
정보: ContextListener: contextDestroyed()
9월 16, 2014 2:57:33 오후 org.apache.catalina.core.ApplicationContext log
정보: ContextListener: contextInitialized()
9월 16, 2014 2:57:33 오후 org.apache.catalina.core.ApplicationContext log
정보: SessionListener: contextInitialized()
9월 16, 2014 2:57:33 오후 org.apache.catalina.core.ApplicationContext log
정보: ContextListener: attributeAdded('org.apache.jasper.compiler.TldLocationsCache', 'org.apache.jasper.compiler.TldLocationsCache@30014542')
9월 16, 2014 2:58:11 오후 org.apache.catalina.core.ApplicationContext log
정보: SessionListener: contextDestroyed()
9월 16, 2014 2:58:11 오후 org.apache.catalina.core.ApplicationContext log
정보: ContextListener: contextDestroyed()
9월 16, 2014 2:58:35 오후 org.apache.catalina.core.ApplicationContext log
정보: ContextListener: contextInitialized()
9월 16, 2014 2:58:35 오후 org.apache.catalina.core.ApplicationContext log
정보: SessionListener: contextInitialized()
9월 16, 2014 2:58:35 오후 org.apache.catalina.core.ApplicationContext log
정보: ContextListener: attributeAdded('org.apache.jasper.compiler.TldLocationsCache', 'org.apache.jasper.compiler.TldLocationsCache@5a4c978a')
9월 16, 2014 2:59:27 오후 org.apache.catalina.core.ApplicationContext log
정보: SessionListener: contextDestroyed()
9월 16, 2014 2:59:27 오후 org.apache.catalina.core.ApplicationContext log
정보: ContextListener: contextDestroyed()
9월 16, 2014 2:59:48 오후 org.apache.catalina.core.ApplicationContext log
정보: ContextListener: contextInitialized()
9월 16, 2014 2:59:48 오후 org.apache.catalina.core.ApplicationContext log
정보: SessionListener: contextInitialized()
9월 16, 2014 2:59:48 오후 org.apache.catalina.core.ApplicationContext log
정보: ContextListener: attributeAdded('org.apache.jasper.compiler.TldLocationsCache', 'org.apache.jasper.compiler.TldLocationsCache@703624e')
9월 16, 2014 3:00:18 오후 org.apache.catalina.core.ApplicationContext log
정보: SessionListener: contextDestroyed()
9월 16, 2014 3:00:18 오후 org.apache.catalina.core.ApplicationContext log
정보: ContextListener: contextDestroyed()
9월 16, 2014 3:01:12 오후 org.apache.catalina.core.ApplicationContext log
정보: ContextListener: contextInitialized()
9월 16, 2014 3:01:12 오후 org.apache.catalina.core.ApplicationContext log
정보: SessionListener: contextInitialized()
9월 16, 2014 3:01:12 오후 org.apache.catalina.core.ApplicationContext log
정보: ContextListener: attributeAdded('org.apache.jasper.compiler.TldLocationsCache', 'org.apache.jasper.compiler.TldLocationsCache@154deb51')
9월 16, 2014 3:01:33 오후 org.apache.catalina.core.ApplicationContext log
정보: SessionListener: contextDestroyed()
9월 16, 2014 3:01:33 오후 org.apache.catalina.core.ApplicationContext log
정보: ContextListener: contextDestroyed()
9월 16, 2014 8:35:49 오후 org.apache.catalina.core.ApplicationContext log
정보: ContextListener: contextInitialized()
9월 16, 2014 8:35:49 오후 org.apache.catalina.core.ApplicationContext log
정보: SessionListener: contextInitialized()
9월 16, 2014 8:35:49 오후 org.apache.catalina.core.ApplicationContext log
정보: ContextListener: attributeAdded('org.apache.jasper.compiler.TldLocationsCache', 'org.apache.jasper.compiler.TldLocationsCache@8a80114')
9월 16, 2014 8:40:16 오후 org.apache.catalina.core.ApplicationContext log
정보: SessionListener: contextDestroyed()
9월 16, 2014 8:40:16 오후 org.apache.catalina.core.ApplicationContext log
정보: ContextListener: contextDestroyed()
9월 16, 2014 8:40:31 오후 org.apache.catalina.core.ApplicationContext log
정보: ContextListener: contextInitialized()
9월 16, 2014 8:40:31 오후 org.apache.catalina.core.ApplicationContext log
정보: SessionListener: contextInitialized()
9월 16, 2014 8:40:31 오후 org.apache.catalina.core.ApplicationContext log
정보: ContextListener: attributeAdded('org.apache.jasper.compiler.TldLocationsCache', 'org.apache.jasper.compiler.TldLocationsCache@71c19bf7')
9월 16, 2014 8:40:57 오후 org.apache.catalina.core.ApplicationContext log
정보: SessionListener: contextDestroyed()
9월 16, 2014 8:40:57 오후 org.apache.catalina.core.ApplicationContext log
정보: ContextListener: contextDestroyed()
